Command: /home/users7/kg867678/527LSP22/Lab1/./simv -l lab1-1.log
Chronologic VCS simulator copyright 1991-2017
Contains Synopsys proprietary information.
Compiler version N-2017.12-SP2-2_Full64; Runtime version N-2017.12-SP2-2_Full64;  Feb  5 16:47 2022
 hours=xx  mins=xx  secs=xx  sethour=0  setmin=0  strobe_1sec=x  strobe1=x  rst_n=1  clk=0  s1=x  btn=0  swt=00 
 hours=xx  mins=xx  secs=xx  sethour=0  setmin=0  strobe_1sec=0  strobe1=0  rst_n=1  clk=1  s1=x  btn=0  swt=00 
 hours=xx  mins=xx  secs=xx  sethour=0  setmin=0  strobe_1sec=0  strobe1=0  rst_n=1  clk=0  s1=x  btn=0  swt=00 
 hours=xx  mins=xx  secs=xx  sethour=0  setmin=0  strobe_1sec=0  strobe1=0  rst_n=1  clk=1  s1=x  btn=0  swt=00 
 hours=xx  mins=xx  secs=xx  sethour=0  setmin=0  strobe_1sec=0  strobe1=0  rst_n=1  clk=0  s1=x  btn=0  swt=00 
 hours=xx  mins=xx  secs=xx  sethour=0  setmin=0  strobe_1sec=0  strobe1=0  rst_n=1  clk=1  s1=x  btn=0  swt=00 
 hours=xx  mins=xx  secs=xx  sethour=0  setmin=0  strobe_1sec=0  strobe1=0  rst_n=1  clk=0  s1=x  btn=0  swt=00 
 hours=xx  mins=xx  secs=xx  sethour=0  setmin=0  strobe_1sec=0  strobe1=0  rst_n=1  clk=1  s1=x  btn=0  swt=00 
 hours=xx  mins=xx  secs=xx  sethour=0  setmin=0  strobe_1sec=0  strobe1=0  rst_n=1  clk=0  s1=x  btn=0  swt=00 
 hours=xx  mins=xx  secs=xx  sethour=0  setmin=0  strobe_1sec=0  strobe1=0  rst_n=1  clk=1  s1=x  btn=0  swt=00 
 hours=00  mins=00  secs=00  sethour=0  setmin=0  strobe_1sec=0  strobe1=0  rst_n=0  clk=0  s1=0  btn=1  swt=00 
 hours=00  mins=00  secs=00  sethour=0  setmin=0  strobe_1sec=0  strobe1=0  rst_n=0  clk=1  s1=0  btn=1  swt=00 
 hours=00  mins=00  secs=00  sethour=0  setmin=0  strobe_1sec=0  strobe1=0  rst_n=0  clk=0  s1=0  btn=1  swt=00 
 hours=00  mins=00  secs=00  sethour=0  setmin=0  strobe_1sec=0  strobe1=0  rst_n=0  clk=1  s1=0  btn=1  swt=00 
 hours=00  mins=00  secs=00  sethour=0  setmin=0  strobe_1sec=0  strobe1=0  rst_n=0  clk=0  s1=0  btn=1  swt=00 
 hours=00  mins=00  secs=00  sethour=0  setmin=0  strobe_1sec=0  strobe1=0  rst_n=0  clk=1  s1=0  btn=1  swt=00 
 hours=00  mins=00  secs=00  sethour=0  setmin=0  strobe_1sec=0  strobe1=0  rst_n=0  clk=0  s1=0  btn=1  swt=00 
 hours=00  mins=00  secs=00  sethour=0  setmin=0  strobe_1sec=0  strobe1=0  rst_n=0  clk=1  s1=0  btn=1  swt=00 
 hours=00  mins=00  secs=00  sethour=0  setmin=0  strobe_1sec=0  strobe1=0  rst_n=0  clk=0  s1=0  btn=1  swt=00 
 hours=00  mins=00  secs=00  sethour=0  setmin=0  strobe_1sec=0  strobe1=0  rst_n=0  clk=1  s1=0  btn=1  swt=00 
 hours=00  mins=00  secs=00  sethour=0  setmin=0  strobe_1sec=0  strobe1=0  rst_n=1  clk=0  s1=0  btn=0  swt=00 
 hours=00  mins=00  secs=00  sethour=0  setmin=0  strobe_1sec=0  strobe1=1  rst_n=1  clk=1  s1=0  btn=0  swt=00 
 hours=00  mins=00  secs=00  sethour=0  setmin=0  strobe_1sec=0  strobe1=1  rst_n=1  clk=0  s1=0  btn=0  swt=00 
 hours=00  mins=00  secs=00  sethour=0  setmin=0  strobe_1sec=0  strobe1=0  rst_n=1  clk=1  s1=0  btn=0  swt=00 
 hours=00  mins=00  secs=00  sethour=0  setmin=0  strobe_1sec=0  strobe1=0  rst_n=1  clk=0  s1=0  btn=0  swt=00 
 hours=00  mins=00  secs=00  sethour=0  setmin=0  strobe_1sec=0  strobe1=0  rst_n=1  clk=1  s1=0  btn=0  swt=00 
 hours=00  mins=00  secs=00  sethour=0  setmin=0  strobe_1sec=0  strobe1=0  rst_n=1  clk=0  s1=0  btn=0  swt=00 
 hours=00  mins=00  secs=00  sethour=0  setmin=0  strobe_1sec=0  strobe1=0  rst_n=1  clk=1  s1=0  btn=0  swt=00 
 hours=00  mins=00  secs=00  sethour=0  setmin=0  strobe_1sec=0  strobe1=0  rst_n=1  clk=0  s1=0  btn=0  swt=00 
 hours=00  mins=00  secs=00  sethour=0  setmin=0  strobe_1sec=0  strobe1=1  rst_n=1  clk=1  s1=0  btn=0  swt=00 
 hours=00  mins=00  secs=00  sethour=0  setmin=0  strobe_1sec=0  strobe1=1  rst_n=1  clk=0  s1=0  btn=0  swt=00 
 hours=00  mins=00  secs=00  sethour=0  setmin=0  strobe_1sec=0  strobe1=0  rst_n=1  clk=1  s1=0  btn=0  swt=00 
 hours=00  mins=00  secs=00  sethour=0  setmin=0  strobe_1sec=0  strobe1=0  rst_n=1  clk=0  s1=0  btn=0  swt=00 
 hours=00  mins=00  secs=00  sethour=0  setmin=0  strobe_1sec=0  strobe1=0  rst_n=1  clk=1  s1=0  btn=0  swt=00 
 hours=00  mins=00  secs=00  sethour=0  setmin=0  strobe_1sec=0  strobe1=0  rst_n=1  clk=0  s1=0  btn=0  swt=00 
 hours=00  mins=00  secs=00  sethour=0  setmin=0  strobe_1sec=0  strobe1=0  rst_n=1  clk=1  s1=0  btn=0  swt=00 
 hours=00  mins=00  secs=00  sethour=0  setmin=0  strobe_1sec=0  strobe1=0  rst_n=1  clk=0  s1=0  btn=0  swt=00 
 hours=00  mins=00  secs=00  sethour=0  setmin=0  strobe_1sec=1  strobe1=1  rst_n=1  clk=1  s1=0  btn=0  swt=00 
 hours=00  mins=00  secs=00  sethour=0  setmin=0  strobe_1sec=1  strobe1=1  rst_n=1  clk=0  s1=0  btn=0  swt=00 
 hours=00  mins=00  secs=01  sethour=0  setmin=0  strobe_1sec=0  strobe1=0  rst_n=1  clk=1  s1=0  btn=0  swt=00 
 hours=00  mins=00  secs=01  sethour=0  setmin=0  strobe_1sec=0  strobe1=0  rst_n=1  clk=0  s1=0  btn=0  swt=00 
 hours=00  mins=00  secs=01  sethour=0  setmin=0  strobe_1sec=0  strobe1=1  rst_n=1  clk=1  s1=0  btn=0  swt=00 
 hours=00  mins=00  secs=01  sethour=0  setmin=0  strobe_1sec=0  strobe1=1  rst_n=1  clk=0  s1=0  btn=0  swt=00 
 hours=00  mins=00  secs=01  sethour=0  setmin=0  strobe_1sec=0  strobe1=0  rst_n=1  clk=1  s1=0  btn=0  swt=00 
 hours=00  mins=00  secs=01  sethour=0  setmin=0  strobe_1sec=0  strobe1=0  rst_n=1  clk=0  s1=0  btn=0  swt=00 
 hours=00  mins=00  secs=01  sethour=0  setmin=0  strobe_1sec=0  strobe1=0  rst_n=1  clk=1  s1=0  btn=0  swt=00 
 hours=00  mins=00  secs=01  sethour=0  setmin=0  strobe_1sec=0  strobe1=0  rst_n=1  clk=0  s1=0  btn=0  swt=00 
 hours=00  mins=00  secs=01  sethour=0  setmin=0  strobe_1sec=0  strobe1=0  rst_n=1  clk=1  s1=0  btn=0  swt=00 
 hours=00  mins=00  secs=01  sethour=0  setmin=0  strobe_1sec=0  strobe1=0  rst_n=1  clk=0  s1=0  btn=0  swt=00 
 hours=00  mins=00  secs=01  sethour=0  setmin=0  strobe_1sec=0  strobe1=1  rst_n=1  clk=1  s1=0  btn=0  swt=00 
 hours=00  mins=00  secs=01  sethour=0  setmin=0  strobe_1sec=0  strobe1=1  rst_n=1  clk=0  s1=0  btn=0  swt=00 
 hours=00  mins=00  secs=01  sethour=0  setmin=0  strobe_1sec=0  strobe1=0  rst_n=1  clk=1  s1=0  btn=0  swt=00 
 hours=00  mins=00  secs=01  sethour=0  setmin=0  strobe_1sec=0  strobe1=0  rst_n=1  clk=0  s1=0  btn=0  swt=00 
 hours=00  mins=00  secs=01  sethour=0  setmin=0  strobe_1sec=0  strobe1=0  rst_n=1  clk=1  s1=0  btn=0  swt=00 
 hours=00  mins=00  secs=01  sethour=0  setmin=0  strobe_1sec=0  strobe1=0  rst_n=1  clk=0  s1=0  btn=0  swt=00 
 hours=00  mins=00  secs=01  sethour=0  setmin=0  strobe_1sec=0  strobe1=0  rst_n=1  clk=1  s1=0  btn=0  swt=00 
 hours=00  mins=00  secs=01  sethour=0  setmin=0  strobe_1sec=0  strobe1=0  rst_n=1  clk=0  s1=0  btn=0  swt=00 
 hours=00  mins=00  secs=01  sethour=0  setmin=0  strobe_1sec=1  strobe1=1  rst_n=1  clk=1  s1=0  btn=0  swt=00 
 hours=00  mins=00  secs=01  sethour=0  setmin=0  strobe_1sec=1  strobe1=1  rst_n=1  clk=0  s1=0  btn=0  swt=00 
 hours=00  mins=00  secs=02  sethour=0  setmin=0  strobe_1sec=0  strobe1=0  rst_n=1  clk=1  s1=0  btn=0  swt=00 
 hours=00  mins=00  secs=02  sethour=0  setmin=0  strobe_1sec=0  strobe1=0  rst_n=1  clk=0  s1=0  btn=0  swt=00 
 hours=00  mins=00  secs=02  sethour=0  setmin=0  strobe_1sec=0  strobe1=1  rst_n=1  clk=1  s1=0  btn=0  swt=00 
 hours=00  mins=00  secs=02  sethour=0  setmin=0  strobe_1sec=0  strobe1=1  rst_n=1  clk=0  s1=0  btn=0  swt=00 
 hours=00  mins=00  secs=02  sethour=0  setmin=0  strobe_1sec=0  strobe1=0  rst_n=1  clk=1  s1=0  btn=0  swt=00 
 hours=00  mins=00  secs=02  sethour=0  setmin=0  strobe_1sec=0  strobe1=0  rst_n=1  clk=0  s1=0  btn=0  swt=00 
 hours=00  mins=00  secs=02  sethour=0  setmin=0  strobe_1sec=0  strobe1=0  rst_n=1  clk=1  s1=0  btn=0  swt=00 
 hours=00  mins=00  secs=02  sethour=0  setmin=0  strobe_1sec=0  strobe1=0  rst_n=1  clk=0  s1=0  btn=0  swt=00 
 hours=00  mins=00  secs=02  sethour=0  setmin=0  strobe_1sec=0  strobe1=0  rst_n=1  clk=1  s1=0  btn=0  swt=00 
 hours=00  mins=00  secs=02  sethour=0  setmin=0  strobe_1sec=0  strobe1=0  rst_n=1  clk=0  s1=0  btn=0  swt=00 
 hours=00  mins=00  secs=02  sethour=0  setmin=0  strobe_1sec=0  strobe1=1  rst_n=1  clk=1  s1=0  btn=0  swt=00 
 hours=00  mins=00  secs=02  sethour=0  setmin=0  strobe_1sec=0  strobe1=1  rst_n=1  clk=0  s1=0  btn=0  swt=00 
 hours=00  mins=00  secs=02  sethour=0  setmin=0  strobe_1sec=0  strobe1=0  rst_n=1  clk=1  s1=0  btn=0  swt=00 
 hours=00  mins=00  secs=02  sethour=0  setmin=0  strobe_1sec=0  strobe1=0  rst_n=1  clk=0  s1=0  btn=0  swt=00 
 hours=00  mins=00  secs=02  sethour=0  setmin=0  strobe_1sec=0  strobe1=0  rst_n=1  clk=1  s1=0  btn=0  swt=00 
 hours=00  mins=00  secs=02  sethour=0  setmin=0  strobe_1sec=0  strobe1=0  rst_n=1  clk=0  s1=0  btn=0  swt=00 
 hours=00  mins=00  secs=02  sethour=0  setmin=0  strobe_1sec=0  strobe1=0  rst_n=1  clk=1  s1=0  btn=0  swt=00 
 hours=00  mins=00  secs=02  sethour=0  setmin=0  strobe_1sec=0  strobe1=0  rst_n=1  clk=0  s1=0  btn=0  swt=00 
 hours=00  mins=00  secs=02  sethour=0  setmin=0  strobe_1sec=1  strobe1=1  rst_n=1  clk=1  s1=0  btn=0  swt=00 
 hours=00  mins=00  secs=02  sethour=0  setmin=0  strobe_1sec=1  strobe1=1  rst_n=1  clk=0  s1=0  btn=0  swt=00 
 hours=00  mins=00  secs=03  sethour=0  setmin=0  strobe_1sec=0  strobe1=0  rst_n=1  clk=1  s1=0  btn=0  swt=00 
 hours=00  mins=00  secs=03  sethour=0  setmin=0  strobe_1sec=0  strobe1=0  rst_n=1  clk=0  s1=0  btn=0  swt=00 
 hours=00  mins=00  secs=03  sethour=0  setmin=0  strobe_1sec=0  strobe1=1  rst_n=1  clk=1  s1=0  btn=0  swt=00 
 hours=00  mins=00  secs=03  sethour=0  setmin=0  strobe_1sec=0  strobe1=1  rst_n=1  clk=0  s1=0  btn=0  swt=00 
 hours=00  mins=00  secs=03  sethour=0  setmin=0  strobe_1sec=0  strobe1=0  rst_n=1  clk=1  s1=0  btn=0  swt=00 
 hours=00  mins=00  secs=03  sethour=0  setmin=0  strobe_1sec=0  strobe1=0  rst_n=1  clk=0  s1=0  btn=0  swt=00 
 hours=00  mins=00  secs=03  sethour=0  setmin=0  strobe_1sec=0  strobe1=0  rst_n=1  clk=1  s1=0  btn=0  swt=00 
 hours=00  mins=00  secs=03  sethour=0  setmin=0  strobe_1sec=0  strobe1=0  rst_n=1  clk=0  s1=0  btn=0  swt=00 
 hours=00  mins=00  secs=03  sethour=0  setmin=0  strobe_1sec=0  strobe1=0  rst_n=1  clk=1  s1=0  btn=0  swt=00 
 hours=00  mins=00  secs=03  sethour=0  setmin=0  strobe_1sec=0  strobe1=0  rst_n=1  clk=0  s1=0  btn=0  swt=00 
 hours=00  mins=00  secs=03  sethour=0  setmin=0  strobe_1sec=0  strobe1=1  rst_n=1  clk=1  s1=0  btn=0  swt=00 
 hours=00  mins=00  secs=03  sethour=0  setmin=0  strobe_1sec=0  strobe1=1  rst_n=1  clk=0  s1=0  btn=0  swt=00 
 hours=00  mins=00  secs=03  sethour=0  setmin=0  strobe_1sec=0  strobe1=0  rst_n=1  clk=1  s1=0  btn=0  swt=00 
 hours=00  mins=00  secs=03  sethour=0  setmin=0  strobe_1sec=0  strobe1=0  rst_n=1  clk=0  s1=0  btn=0  swt=00 
 hours=00  mins=00  secs=03  sethour=0  setmin=0  strobe_1sec=0  strobe1=0  rst_n=1  clk=1  s1=0  btn=0  swt=00 
 hours=00  mins=00  secs=03  sethour=0  setmin=0  strobe_1sec=0  strobe1=0  rst_n=1  clk=0  s1=0  btn=0  swt=00 
 hours=00  mins=00  secs=03  sethour=0  setmin=0  strobe_1sec=0  strobe1=0  rst_n=1  clk=1  s1=0  btn=0  swt=00 
 hours=00  mins=00  secs=03  sethour=0  setmin=0  strobe_1sec=0  strobe1=0  rst_n=1  clk=0  s1=0  btn=0  swt=00 
 hours=00  mins=00  secs=03  sethour=0  setmin=0  strobe_1sec=1  strobe1=1  rst_n=1  clk=1  s1=0  btn=0  swt=00 
 hours=00  mins=00  secs=03  sethour=0  setmin=0  strobe_1sec=1  strobe1=1  rst_n=1  clk=0  s1=0  btn=0  swt=00 
 hours=00  mins=00  secs=04  sethour=0  setmin=0  strobe_1sec=0  strobe1=0  rst_n=1  clk=1  s1=0  btn=0  swt=00 
 hours=00  mins=00  secs=04  sethour=0  setmin=0  strobe_1sec=0  strobe1=0  rst_n=1  clk=0  s1=0  btn=0  swt=00 
 hours=00  mins=00  secs=04  sethour=0  setmin=0  strobe_1sec=0  strobe1=1  rst_n=1  clk=1  s1=0  btn=0  swt=00 
 hours=00  mins=00  secs=04  sethour=0  setmin=0  strobe_1sec=0  strobe1=1  rst_n=1  clk=0  s1=0  btn=0  swt=00 
 hours=00  mins=00  secs=04  sethour=0  setmin=0  strobe_1sec=0  strobe1=0  rst_n=1  clk=1  s1=0  btn=0  swt=00 
 hours=00  mins=00  secs=04  sethour=0  setmin=0  strobe_1sec=0  strobe1=0  rst_n=1  clk=0  s1=0  btn=0  swt=00 
 hours=00  mins=00  secs=04  sethour=0  setmin=0  strobe_1sec=0  strobe1=0  rst_n=1  clk=1  s1=0  btn=0  swt=00 
 hours=00  mins=00  secs=04  sethour=0  setmin=0  strobe_1sec=0  strobe1=0  rst_n=1  clk=0  s1=0  btn=0  swt=00 
 hours=00  mins=00  secs=04  sethour=0  setmin=0  strobe_1sec=0  strobe1=0  rst_n=1  clk=1  s1=0  btn=0  swt=00 
 hours=00  mins=00  secs=04  sethour=0  setmin=0  strobe_1sec=0  strobe1=0  rst_n=1  clk=0  s1=0  btn=0  swt=00 
 hours=00  mins=00  secs=04  sethour=0  setmin=0  strobe_1sec=0  strobe1=1  rst_n=1  clk=1  s1=0  btn=0  swt=00 
 hours=00  mins=00  secs=04  sethour=0  setmin=0  strobe_1sec=0  strobe1=1  rst_n=1  clk=0  s1=0  btn=0  swt=00 
 hours=00  mins=00  secs=04  sethour=0  setmin=0  strobe_1sec=0  strobe1=0  rst_n=1  clk=1  s1=0  btn=0  swt=00 
 hours=00  mins=00  secs=04  sethour=0  setmin=0  strobe_1sec=0  strobe1=0  rst_n=1  clk=0  s1=0  btn=0  swt=00 
 hours=00  mins=00  secs=04  sethour=0  setmin=0  strobe_1sec=0  strobe1=0  rst_n=1  clk=1  s1=0  btn=0  swt=00 
 hours=00  mins=00  secs=04  sethour=0  setmin=0  strobe_1sec=0  strobe1=0  rst_n=1  clk=0  s1=0  btn=0  swt=00 
 hours=00  mins=00  secs=04  sethour=0  setmin=0  strobe_1sec=0  strobe1=0  rst_n=1  clk=1  s1=0  btn=0  swt=00 
 hours=00  mins=00  secs=04  sethour=0  setmin=0  strobe_1sec=0  strobe1=0  rst_n=1  clk=0  s1=0  btn=0  swt=00 
 hours=00  mins=00  secs=04  sethour=0  setmin=0  strobe_1sec=1  strobe1=1  rst_n=1  clk=1  s1=0  btn=0  swt=00 
 hours=00  mins=00  secs=04  sethour=0  setmin=0  strobe_1sec=1  strobe1=1  rst_n=1  clk=0  s1=0  btn=0  swt=00 
 hours=00  mins=00  secs=05  sethour=0  setmin=0  strobe_1sec=0  strobe1=0  rst_n=1  clk=1  s1=0  btn=0  swt=00 
 hours=00  mins=00  secs=05  sethour=0  setmin=1  strobe_1sec=0  strobe1=0  rst_n=1  clk=0  s1=1  btn=2  swt=00 
 hours=00  mins=00  secs=05  sethour=0  setmin=1  strobe_1sec=0  strobe1=1  rst_n=1  clk=1  s1=1  btn=2  swt=00 
 hours=00  mins=00  secs=05  sethour=0  setmin=1  strobe_1sec=0  strobe1=1  rst_n=1  clk=0  s1=1  btn=2  swt=00 
 hours=00  mins=00  secs=05  sethour=0  setmin=1  strobe_1sec=0  strobe1=0  rst_n=1  clk=1  s1=1  btn=2  swt=00 
 hours=00  mins=00  secs=05  sethour=0  setmin=1  strobe_1sec=0  strobe1=0  rst_n=1  clk=0  s1=1  btn=2  swt=00 
 hours=00  mins=00  secs=05  sethour=0  setmin=1  strobe_1sec=0  strobe1=0  rst_n=1  clk=1  s1=1  btn=2  swt=00 
 hours=00  mins=00  secs=05  sethour=0  setmin=1  strobe_1sec=0  strobe1=0  rst_n=1  clk=0  s1=1  btn=2  swt=00 
 hours=00  mins=00  secs=05  sethour=0  setmin=1  strobe_1sec=0  strobe1=0  rst_n=1  clk=1  s1=1  btn=2  swt=00 
 hours=00  mins=00  secs=05  sethour=0  setmin=1  strobe_1sec=0  strobe1=0  rst_n=1  clk=0  s1=1  btn=2  swt=00 
 hours=00  mins=00  secs=05  sethour=0  setmin=1  strobe_1sec=0  strobe1=1  rst_n=1  clk=1  s1=1  btn=2  swt=00 
 hours=00  mins=00  secs=05  sethour=0  setmin=1  strobe_1sec=0  strobe1=1  rst_n=1  clk=0  s1=1  btn=2  swt=00 
 hours=00  mins=00  secs=05  sethour=0  setmin=1  strobe_1sec=0  strobe1=0  rst_n=1  clk=1  s1=1  btn=2  swt=00 
 hours=00  mins=00  secs=05  sethour=0  setmin=1  strobe_1sec=0  strobe1=0  rst_n=1  clk=0  s1=1  btn=2  swt=00 
 hours=00  mins=00  secs=05  sethour=0  setmin=1  strobe_1sec=0  strobe1=0  rst_n=1  clk=1  s1=1  btn=2  swt=00 
 hours=00  mins=00  secs=05  sethour=0  setmin=1  strobe_1sec=0  strobe1=0  rst_n=1  clk=0  s1=1  btn=2  swt=00 
 hours=00  mins=00  secs=05  sethour=0  setmin=1  strobe_1sec=0  strobe1=0  rst_n=1  clk=1  s1=1  btn=2  swt=00 
 hours=00  mins=00  secs=05  sethour=0  setmin=1  strobe_1sec=0  strobe1=0  rst_n=1  clk=0  s1=1  btn=2  swt=00 
 hours=00  mins=00  secs=05  sethour=0  setmin=1  strobe_1sec=1  strobe1=1  rst_n=1  clk=1  s1=1  btn=2  swt=00 
 hours=00  mins=00  secs=05  sethour=0  setmin=1  strobe_1sec=1  strobe1=1  rst_n=1  clk=0  s1=1  btn=2  swt=00 
 hours=00  mins=01  secs=00  sethour=0  setmin=1  strobe_1sec=0  strobe1=0  rst_n=1  clk=1  s1=1  btn=2  swt=00 
 hours=00  mins=01  secs=00  sethour=0  setmin=1  strobe_1sec=0  strobe1=0  rst_n=1  clk=0  s1=1  btn=2  swt=00 
 hours=00  mins=01  secs=00  sethour=0  setmin=1  strobe_1sec=0  strobe1=1  rst_n=1  clk=1  s1=1  btn=2  swt=00 
 hours=00  mins=01  secs=00  sethour=0  setmin=1  strobe_1sec=0  strobe1=1  rst_n=1  clk=0  s1=1  btn=2  swt=00 
 hours=00  mins=01  secs=00  sethour=0  setmin=1  strobe_1sec=0  strobe1=0  rst_n=1  clk=1  s1=1  btn=2  swt=00 
 hours=00  mins=01  secs=00  sethour=0  setmin=1  strobe_1sec=0  strobe1=0  rst_n=1  clk=0  s1=1  btn=2  swt=00 
 hours=00  mins=01  secs=00  sethour=0  setmin=1  strobe_1sec=0  strobe1=0  rst_n=1  clk=1  s1=1  btn=2  swt=00 
 hours=00  mins=01  secs=00  sethour=0  setmin=1  strobe_1sec=0  strobe1=0  rst_n=1  clk=0  s1=1  btn=2  swt=00 
 hours=00  mins=01  secs=00  sethour=0  setmin=1  strobe_1sec=0  strobe1=0  rst_n=1  clk=1  s1=1  btn=2  swt=00 
 hours=00  mins=01  secs=00  sethour=0  setmin=1  strobe_1sec=0  strobe1=0  rst_n=1  clk=0  s1=1  btn=2  swt=00 
 hours=00  mins=01  secs=00  sethour=0  setmin=1  strobe_1sec=0  strobe1=1  rst_n=1  clk=1  s1=1  btn=2  swt=00 
 hours=00  mins=01  secs=00  sethour=0  setmin=1  strobe_1sec=0  strobe1=1  rst_n=1  clk=0  s1=1  btn=2  swt=00 
 hours=00  mins=01  secs=00  sethour=0  setmin=1  strobe_1sec=0  strobe1=0  rst_n=1  clk=1  s1=1  btn=2  swt=00 
 hours=00  mins=01  secs=00  sethour=0  setmin=1  strobe_1sec=0  strobe1=0  rst_n=1  clk=0  s1=1  btn=2  swt=00 
 hours=00  mins=01  secs=00  sethour=0  setmin=1  strobe_1sec=0  strobe1=0  rst_n=1  clk=1  s1=1  btn=2  swt=00 
 hours=00  mins=01  secs=00  sethour=0  setmin=1  strobe_1sec=0  strobe1=0  rst_n=1  clk=0  s1=1  btn=2  swt=00 
 hours=00  mins=01  secs=00  sethour=0  setmin=1  strobe_1sec=0  strobe1=0  rst_n=1  clk=1  s1=1  btn=2  swt=00 
 hours=00  mins=01  secs=00  sethour=0  setmin=1  strobe_1sec=0  strobe1=0  rst_n=1  clk=0  s1=1  btn=2  swt=00 
 hours=00  mins=01  secs=00  sethour=0  setmin=1  strobe_1sec=1  strobe1=1  rst_n=1  clk=1  s1=1  btn=2  swt=00 
 hours=00  mins=01  secs=00  sethour=0  setmin=1  strobe_1sec=1  strobe1=1  rst_n=1  clk=0  s1=1  btn=2  swt=00 
 hours=00  mins=02  secs=00  sethour=0  setmin=1  strobe_1sec=0  strobe1=0  rst_n=1  clk=1  s1=1  btn=2  swt=00 
 hours=00  mins=02  secs=00  sethour=0  setmin=1  strobe_1sec=0  strobe1=0  rst_n=1  clk=0  s1=1  btn=2  swt=00 
 hours=00  mins=02  secs=00  sethour=0  setmin=1  strobe_1sec=0  strobe1=1  rst_n=1  clk=1  s1=1  btn=2  swt=00 
 hours=00  mins=02  secs=00  sethour=0  setmin=1  strobe_1sec=0  strobe1=1  rst_n=1  clk=0  s1=1  btn=2  swt=00 
 hours=00  mins=02  secs=00  sethour=0  setmin=1  strobe_1sec=0  strobe1=0  rst_n=1  clk=1  s1=1  btn=2  swt=00 
 hours=00  mins=02  secs=00  sethour=0  setmin=1  strobe_1sec=0  strobe1=0  rst_n=1  clk=0  s1=1  btn=2  swt=00 
 hours=00  mins=02  secs=00  sethour=0  setmin=1  strobe_1sec=0  strobe1=0  rst_n=1  clk=1  s1=1  btn=2  swt=00 
 hours=00  mins=02  secs=00  sethour=0  setmin=1  strobe_1sec=0  strobe1=0  rst_n=1  clk=0  s1=1  btn=2  swt=00 
 hours=00  mins=02  secs=00  sethour=0  setmin=1  strobe_1sec=0  strobe1=0  rst_n=1  clk=1  s1=1  btn=2  swt=00 
 hours=00  mins=02  secs=00  sethour=0  setmin=1  strobe_1sec=0  strobe1=0  rst_n=1  clk=0  s1=1  btn=2  swt=00 
 hours=00  mins=02  secs=00  sethour=0  setmin=1  strobe_1sec=0  strobe1=1  rst_n=1  clk=1  s1=1  btn=2  swt=00 
 hours=00  mins=02  secs=00  sethour=0  setmin=1  strobe_1sec=0  strobe1=1  rst_n=1  clk=0  s1=1  btn=2  swt=00 
 hours=00  mins=02  secs=00  sethour=0  setmin=1  strobe_1sec=0  strobe1=0  rst_n=1  clk=1  s1=1  btn=2  swt=00 
 hours=00  mins=02  secs=00  sethour=0  setmin=1  strobe_1sec=0  strobe1=0  rst_n=1  clk=0  s1=1  btn=2  swt=00 
 hours=00  mins=02  secs=00  sethour=0  setmin=1  strobe_1sec=0  strobe1=0  rst_n=1  clk=1  s1=1  btn=2  swt=00 
 hours=00  mins=02  secs=00  sethour=0  setmin=1  strobe_1sec=0  strobe1=0  rst_n=1  clk=0  s1=1  btn=2  swt=00 
 hours=00  mins=02  secs=00  sethour=0  setmin=1  strobe_1sec=0  strobe1=0  rst_n=1  clk=1  s1=1  btn=2  swt=00 
 hours=00  mins=02  secs=00  sethour=0  setmin=1  strobe_1sec=0  strobe1=0  rst_n=1  clk=0  s1=1  btn=2  swt=00 
 hours=00  mins=02  secs=00  sethour=0  setmin=1  strobe_1sec=1  strobe1=1  rst_n=1  clk=1  s1=1  btn=2  swt=00 
 hours=00  mins=02  secs=00  sethour=0  setmin=1  strobe_1sec=1  strobe1=1  rst_n=1  clk=0  s1=1  btn=2  swt=00 
 hours=00  mins=03  secs=00  sethour=0  setmin=1  strobe_1sec=0  strobe1=0  rst_n=1  clk=1  s1=1  btn=2  swt=00 
 hours=00  mins=03  secs=00  sethour=0  setmin=1  strobe_1sec=0  strobe1=0  rst_n=1  clk=0  s1=1  btn=2  swt=00 
 hours=00  mins=03  secs=00  sethour=0  setmin=1  strobe_1sec=0  strobe1=1  rst_n=1  clk=1  s1=1  btn=2  swt=00 
 hours=00  mins=03  secs=00  sethour=0  setmin=1  strobe_1sec=0  strobe1=1  rst_n=1  clk=0  s1=1  btn=2  swt=00 
 hours=00  mins=03  secs=00  sethour=0  setmin=1  strobe_1sec=0  strobe1=0  rst_n=1  clk=1  s1=1  btn=2  swt=00 
 hours=00  mins=03  secs=00  sethour=0  setmin=1  strobe_1sec=0  strobe1=0  rst_n=1  clk=0  s1=1  btn=2  swt=00 
 hours=00  mins=03  secs=00  sethour=0  setmin=1  strobe_1sec=0  strobe1=0  rst_n=1  clk=1  s1=1  btn=2  swt=00 
 hours=00  mins=03  secs=00  sethour=0  setmin=1  strobe_1sec=0  strobe1=0  rst_n=1  clk=0  s1=1  btn=2  swt=00 
 hours=00  mins=03  secs=00  sethour=0  setmin=1  strobe_1sec=0  strobe1=0  rst_n=1  clk=1  s1=1  btn=2  swt=00 
 hours=00  mins=03  secs=00  sethour=0  setmin=1  strobe_1sec=0  strobe1=0  rst_n=1  clk=0  s1=1  btn=2  swt=00 
 hours=00  mins=03  secs=00  sethour=0  setmin=1  strobe_1sec=0  strobe1=1  rst_n=1  clk=1  s1=1  btn=2  swt=00 
 hours=00  mins=03  secs=00  sethour=0  setmin=1  strobe_1sec=0  strobe1=1  rst_n=1  clk=0  s1=1  btn=2  swt=00 
 hours=00  mins=03  secs=00  sethour=0  setmin=1  strobe_1sec=0  strobe1=0  rst_n=1  clk=1  s1=1  btn=2  swt=00 
 hours=00  mins=03  secs=00  sethour=0  setmin=1  strobe_1sec=0  strobe1=0  rst_n=1  clk=0  s1=1  btn=2  swt=00 
 hours=00  mins=03  secs=00  sethour=0  setmin=1  strobe_1sec=0  strobe1=0  rst_n=1  clk=1  s1=1  btn=2  swt=00 
 hours=00  mins=03  secs=00  sethour=0  setmin=1  strobe_1sec=0  strobe1=0  rst_n=1  clk=0  s1=1  btn=2  swt=00 
 hours=00  mins=03  secs=00  sethour=0  setmin=1  strobe_1sec=0  strobe1=0  rst_n=1  clk=1  s1=1  btn=2  swt=00 
 hours=00  mins=03  secs=00  sethour=0  setmin=1  strobe_1sec=0  strobe1=0  rst_n=1  clk=0  s1=1  btn=2  swt=00 
 hours=00  mins=03  secs=00  sethour=0  setmin=1  strobe_1sec=1  strobe1=1  rst_n=1  clk=1  s1=1  btn=2  swt=00 
 hours=00  mins=03  secs=00  sethour=0  setmin=1  strobe_1sec=1  strobe1=1  rst_n=1  clk=0  s1=1  btn=2  swt=00 
 hours=00  mins=04  secs=00  sethour=0  setmin=1  strobe_1sec=0  strobe1=0  rst_n=1  clk=1  s1=1  btn=2  swt=00 
 hours=00  mins=04  secs=00  sethour=0  setmin=1  strobe_1sec=0  strobe1=0  rst_n=1  clk=0  s1=1  btn=2  swt=00 
 hours=00  mins=04  secs=00  sethour=0  setmin=1  strobe_1sec=0  strobe1=1  rst_n=1  clk=1  s1=1  btn=2  swt=00 
 hours=00  mins=04  secs=00  sethour=0  setmin=1  strobe_1sec=0  strobe1=1  rst_n=1  clk=0  s1=1  btn=2  swt=00 
 hours=00  mins=04  secs=00  sethour=0  setmin=1  strobe_1sec=0  strobe1=0  rst_n=1  clk=1  s1=1  btn=2  swt=00 
 hours=00  mins=04  secs=00  sethour=0  setmin=1  strobe_1sec=0  strobe1=0  rst_n=1  clk=0  s1=1  btn=2  swt=00 
 hours=00  mins=04  secs=00  sethour=0  setmin=1  strobe_1sec=0  strobe1=0  rst_n=1  clk=1  s1=1  btn=2  swt=00 
 hours=00  mins=04  secs=00  sethour=0  setmin=1  strobe_1sec=0  strobe1=0  rst_n=1  clk=0  s1=1  btn=2  swt=00 
 hours=00  mins=04  secs=00  sethour=0  setmin=1  strobe_1sec=0  strobe1=0  rst_n=1  clk=1  s1=1  btn=2  swt=00 
 hours=00  mins=04  secs=00  sethour=0  setmin=1  strobe_1sec=0  strobe1=0  rst_n=1  clk=0  s1=1  btn=2  swt=00 
 hours=00  mins=04  secs=00  sethour=0  setmin=1  strobe_1sec=0  strobe1=1  rst_n=1  clk=1  s1=1  btn=2  swt=00 
 hours=00  mins=04  secs=00  sethour=0  setmin=1  strobe_1sec=0  strobe1=1  rst_n=1  clk=0  s1=1  btn=2  swt=00 
 hours=00  mins=04  secs=00  sethour=0  setmin=1  strobe_1sec=0  strobe1=0  rst_n=1  clk=1  s1=1  btn=2  swt=00 
 hours=00  mins=04  secs=00  sethour=0  setmin=1  strobe_1sec=0  strobe1=0  rst_n=1  clk=0  s1=1  btn=2  swt=00 
 hours=00  mins=04  secs=00  sethour=0  setmin=1  strobe_1sec=0  strobe1=0  rst_n=1  clk=1  s1=1  btn=2  swt=00 
 hours=00  mins=04  secs=00  sethour=0  setmin=1  strobe_1sec=0  strobe1=0  rst_n=1  clk=0  s1=1  btn=2  swt=00 
 hours=00  mins=04  secs=00  sethour=0  setmin=1  strobe_1sec=0  strobe1=0  rst_n=1  clk=1  s1=1  btn=2  swt=00 
 hours=00  mins=04  secs=00  sethour=0  setmin=1  strobe_1sec=0  strobe1=0  rst_n=1  clk=0  s1=1  btn=2  swt=00 
 hours=00  mins=04  secs=00  sethour=0  setmin=1  strobe_1sec=1  strobe1=1  rst_n=1  clk=1  s1=1  btn=2  swt=00 
 hours=00  mins=04  secs=00  sethour=0  setmin=1  strobe_1sec=1  strobe1=1  rst_n=1  clk=0  s1=1  btn=2  swt=00 
 hours=00  mins=05  secs=00  sethour=0  setmin=1  strobe_1sec=0  strobe1=0  rst_n=1  clk=1  s1=1  btn=2  swt=00 
 hours=00  mins=05  secs=00  sethour=0  setmin=0  strobe_1sec=0  strobe1=0  rst_n=1  clk=0  s1=0  btn=0  swt=00 
 hours=00  mins=05  secs=00  sethour=0  setmin=0  strobe_1sec=0  strobe1=1  rst_n=1  clk=1  s1=0  btn=0  swt=00 
 hours=00  mins=05  secs=00  sethour=0  setmin=0  strobe_1sec=0  strobe1=1  rst_n=1  clk=0  s1=0  btn=0  swt=00 
 hours=00  mins=05  secs=00  sethour=0  setmin=0  strobe_1sec=0  strobe1=0  rst_n=1  clk=1  s1=0  btn=0  swt=00 
 hours=00  mins=05  secs=00  sethour=0  setmin=0  strobe_1sec=0  strobe1=0  rst_n=1  clk=0  s1=0  btn=0  swt=00 
 hours=00  mins=05  secs=00  sethour=0  setmin=0  strobe_1sec=0  strobe1=0  rst_n=1  clk=1  s1=0  btn=0  swt=00 
 hours=00  mins=05  secs=00  sethour=0  setmin=0  strobe_1sec=0  strobe1=0  rst_n=1  clk=0  s1=0  btn=0  swt=00 
 hours=00  mins=05  secs=00  sethour=0  setmin=0  strobe_1sec=0  strobe1=0  rst_n=1  clk=1  s1=0  btn=0  swt=00 
 hours=00  mins=05  secs=00  sethour=0  setmin=0  strobe_1sec=0  strobe1=0  rst_n=1  clk=0  s1=0  btn=0  swt=00 
 hours=00  mins=05  secs=00  sethour=0  setmin=0  strobe_1sec=0  strobe1=1  rst_n=1  clk=1  s1=0  btn=0  swt=00 
 hours=00  mins=05  secs=00  sethour=0  setmin=0  strobe_1sec=0  strobe1=1  rst_n=1  clk=0  s1=0  btn=0  swt=00 
 hours=00  mins=05  secs=00  sethour=0  setmin=0  strobe_1sec=0  strobe1=0  rst_n=1  clk=1  s1=0  btn=0  swt=00 
 hours=00  mins=05  secs=00  sethour=0  setmin=0  strobe_1sec=0  strobe1=0  rst_n=1  clk=0  s1=0  btn=0  swt=00 
 hours=00  mins=05  secs=00  sethour=0  setmin=0  strobe_1sec=0  strobe1=0  rst_n=1  clk=1  s1=0  btn=0  swt=00 
 hours=00  mins=05  secs=00  sethour=0  setmin=0  strobe_1sec=0  strobe1=0  rst_n=1  clk=0  s1=0  btn=0  swt=00 
 hours=00  mins=05  secs=00  sethour=0  setmin=0  strobe_1sec=0  strobe1=0  rst_n=1  clk=1  s1=0  btn=0  swt=00 
 hours=00  mins=05  secs=00  sethour=0  setmin=0  strobe_1sec=0  strobe1=0  rst_n=1  clk=0  s1=0  btn=0  swt=00 
 hours=00  mins=05  secs=00  sethour=0  setmin=0  strobe_1sec=1  strobe1=1  rst_n=1  clk=1  s1=0  btn=0  swt=00 
 hours=00  mins=05  secs=00  sethour=0  setmin=0  strobe_1sec=1  strobe1=1  rst_n=1  clk=0  s1=0  btn=0  swt=00 
 hours=00  mins=05  secs=01  sethour=0  setmin=0  strobe_1sec=0  strobe1=0  rst_n=1  clk=1  s1=0  btn=0  swt=00 
 hours=00  mins=05  secs=01  sethour=0  setmin=0  strobe_1sec=0  strobe1=0  rst_n=1  clk=0  s1=0  btn=0  swt=00 
 hours=00  mins=05  secs=01  sethour=0  setmin=0  strobe_1sec=0  strobe1=1  rst_n=1  clk=1  s1=0  btn=0  swt=00 
 hours=00  mins=05  secs=01  sethour=0  setmin=0  strobe_1sec=0  strobe1=1  rst_n=1  clk=0  s1=0  btn=0  swt=00 
 hours=00  mins=05  secs=01  sethour=0  setmin=0  strobe_1sec=0  strobe1=0  rst_n=1  clk=1  s1=0  btn=0  swt=00 
 hours=00  mins=05  secs=01  sethour=0  setmin=0  strobe_1sec=0  strobe1=0  rst_n=1  clk=0  s1=0  btn=0  swt=00 
 hours=00  mins=05  secs=01  sethour=0  setmin=0  strobe_1sec=0  strobe1=0  rst_n=1  clk=1  s1=0  btn=0  swt=00 
 hours=00  mins=05  secs=01  sethour=0  setmin=0  strobe_1sec=0  strobe1=0  rst_n=1  clk=0  s1=0  btn=0  swt=00 
 hours=00  mins=05  secs=01  sethour=0  setmin=0  strobe_1sec=0  strobe1=0  rst_n=1  clk=1  s1=0  btn=0  swt=00 
 hours=00  mins=05  secs=01  sethour=0  setmin=0  strobe_1sec=0  strobe1=0  rst_n=1  clk=0  s1=0  btn=0  swt=00 
 hours=00  mins=05  secs=01  sethour=0  setmin=0  strobe_1sec=0  strobe1=1  rst_n=1  clk=1  s1=0  btn=0  swt=00 
 hours=00  mins=05  secs=01  sethour=0  setmin=0  strobe_1sec=0  strobe1=1  rst_n=1  clk=0  s1=0  btn=0  swt=00 
 hours=00  mins=05  secs=01  sethour=0  setmin=0  strobe_1sec=0  strobe1=0  rst_n=1  clk=1  s1=0  btn=0  swt=00 
 hours=00  mins=05  secs=01  sethour=0  setmin=0  strobe_1sec=0  strobe1=0  rst_n=1  clk=0  s1=0  btn=0  swt=00 
 hours=00  mins=05  secs=01  sethour=0  setmin=0  strobe_1sec=0  strobe1=0  rst_n=1  clk=1  s1=0  btn=0  swt=00 
 hours=00  mins=05  secs=01  sethour=0  setmin=0  strobe_1sec=0  strobe1=0  rst_n=1  clk=0  s1=0  btn=0  swt=00 
 hours=00  mins=05  secs=01  sethour=0  setmin=0  strobe_1sec=0  strobe1=0  rst_n=1  clk=1  s1=0  btn=0  swt=00 
 hours=00  mins=05  secs=01  sethour=0  setmin=0  strobe_1sec=0  strobe1=0  rst_n=1  clk=0  s1=0  btn=0  swt=00 
 hours=00  mins=05  secs=01  sethour=0  setmin=0  strobe_1sec=1  strobe1=1  rst_n=1  clk=1  s1=0  btn=0  swt=00 
 hours=00  mins=05  secs=01  sethour=0  setmin=0  strobe_1sec=1  strobe1=1  rst_n=1  clk=0  s1=0  btn=0  swt=00 
 hours=00  mins=05  secs=02  sethour=0  setmin=0  strobe_1sec=0  strobe1=0  rst_n=1  clk=1  s1=0  btn=0  swt=00 
 hours=00  mins=05  secs=02  sethour=0  setmin=0  strobe_1sec=0  strobe1=0  rst_n=1  clk=0  s1=0  btn=0  swt=00 
 hours=00  mins=05  secs=02  sethour=0  setmin=0  strobe_1sec=0  strobe1=1  rst_n=1  clk=1  s1=0  btn=0  swt=00 
 hours=00  mins=05  secs=02  sethour=0  setmin=0  strobe_1sec=0  strobe1=1  rst_n=1  clk=0  s1=0  btn=0  swt=00 
 hours=00  mins=05  secs=02  sethour=0  setmin=0  strobe_1sec=0  strobe1=0  rst_n=1  clk=1  s1=0  btn=0  swt=00 
 hours=00  mins=05  secs=02  sethour=0  setmin=0  strobe_1sec=0  strobe1=0  rst_n=1  clk=0  s1=0  btn=0  swt=00 
 hours=00  mins=05  secs=02  sethour=0  setmin=0  strobe_1sec=0  strobe1=0  rst_n=1  clk=1  s1=0  btn=0  swt=00 
 hours=00  mins=05  secs=02  sethour=0  setmin=0  strobe_1sec=0  strobe1=0  rst_n=1  clk=0  s1=0  btn=0  swt=00 
 hours=00  mins=05  secs=02  sethour=0  setmin=0  strobe_1sec=0  strobe1=0  rst_n=1  clk=1  s1=0  btn=0  swt=00 
 hours=00  mins=05  secs=02  sethour=0  setmin=0  strobe_1sec=0  strobe1=0  rst_n=1  clk=0  s1=0  btn=0  swt=00 
 hours=00  mins=05  secs=02  sethour=0  setmin=0  strobe_1sec=0  strobe1=1  rst_n=1  clk=1  s1=0  btn=0  swt=00 
 hours=00  mins=05  secs=02  sethour=0  setmin=0  strobe_1sec=0  strobe1=1  rst_n=1  clk=0  s1=0  btn=0  swt=00 
 hours=00  mins=05  secs=02  sethour=0  setmin=0  strobe_1sec=0  strobe1=0  rst_n=1  clk=1  s1=0  btn=0  swt=00 
 hours=00  mins=05  secs=02  sethour=0  setmin=0  strobe_1sec=0  strobe1=0  rst_n=1  clk=0  s1=0  btn=0  swt=00 
 hours=00  mins=05  secs=02  sethour=0  setmin=0  strobe_1sec=0  strobe1=0  rst_n=1  clk=1  s1=0  btn=0  swt=00 
 hours=00  mins=05  secs=02  sethour=0  setmin=0  strobe_1sec=0  strobe1=0  rst_n=1  clk=0  s1=0  btn=0  swt=00 
 hours=00  mins=05  secs=02  sethour=0  setmin=0  strobe_1sec=0  strobe1=0  rst_n=1  clk=1  s1=0  btn=0  swt=00 
 hours=00  mins=05  secs=02  sethour=0  setmin=0  strobe_1sec=0  strobe1=0  rst_n=1  clk=0  s1=0  btn=0  swt=00 
 hours=00  mins=05  secs=02  sethour=0  setmin=0  strobe_1sec=1  strobe1=1  rst_n=1  clk=1  s1=0  btn=0  swt=00 
 hours=00  mins=05  secs=02  sethour=0  setmin=0  strobe_1sec=1  strobe1=1  rst_n=1  clk=0  s1=0  btn=0  swt=00 
 hours=00  mins=05  secs=03  sethour=0  setmin=0  strobe_1sec=0  strobe1=0  rst_n=1  clk=1  s1=0  btn=0  swt=00 
 hours=00  mins=05  secs=03  sethour=0  setmin=0  strobe_1sec=0  strobe1=0  rst_n=1  clk=0  s1=0  btn=0  swt=00 
 hours=00  mins=05  secs=03  sethour=0  setmin=0  strobe_1sec=0  strobe1=1  rst_n=1  clk=1  s1=0  btn=0  swt=00 
 hours=00  mins=05  secs=03  sethour=0  setmin=0  strobe_1sec=0  strobe1=1  rst_n=1  clk=0  s1=0  btn=0  swt=00 
 hours=00  mins=05  secs=03  sethour=0  setmin=0  strobe_1sec=0  strobe1=0  rst_n=1  clk=1  s1=0  btn=0  swt=00 
 hours=00  mins=05  secs=03  sethour=0  setmin=0  strobe_1sec=0  strobe1=0  rst_n=1  clk=0  s1=0  btn=0  swt=00 
 hours=00  mins=05  secs=03  sethour=0  setmin=0  strobe_1sec=0  strobe1=0  rst_n=1  clk=1  s1=0  btn=0  swt=00 
 hours=00  mins=05  secs=03  sethour=0  setmin=0  strobe_1sec=0  strobe1=0  rst_n=1  clk=0  s1=0  btn=0  swt=00 
 hours=00  mins=05  secs=03  sethour=0  setmin=0  strobe_1sec=0  strobe1=0  rst_n=1  clk=1  s1=0  btn=0  swt=00 
 hours=00  mins=05  secs=03  sethour=0  setmin=0  strobe_1sec=0  strobe1=0  rst_n=1  clk=0  s1=0  btn=0  swt=00 
 hours=00  mins=05  secs=03  sethour=0  setmin=0  strobe_1sec=0  strobe1=1  rst_n=1  clk=1  s1=0  btn=0  swt=00 
 hours=00  mins=05  secs=03  sethour=0  setmin=0  strobe_1sec=0  strobe1=1  rst_n=1  clk=0  s1=0  btn=0  swt=00 
 hours=00  mins=05  secs=03  sethour=0  setmin=0  strobe_1sec=0  strobe1=0  rst_n=1  clk=1  s1=0  btn=0  swt=00 
 hours=00  mins=05  secs=03  sethour=0  setmin=0  strobe_1sec=0  strobe1=0  rst_n=1  clk=0  s1=0  btn=0  swt=00 
 hours=00  mins=05  secs=03  sethour=0  setmin=0  strobe_1sec=0  strobe1=0  rst_n=1  clk=1  s1=0  btn=0  swt=00 
 hours=00  mins=05  secs=03  sethour=0  setmin=0  strobe_1sec=0  strobe1=0  rst_n=1  clk=0  s1=0  btn=0  swt=00 
 hours=00  mins=05  secs=03  sethour=0  setmin=0  strobe_1sec=0  strobe1=0  rst_n=1  clk=1  s1=0  btn=0  swt=00 
 hours=00  mins=05  secs=03  sethour=0  setmin=0  strobe_1sec=0  strobe1=0  rst_n=1  clk=0  s1=0  btn=0  swt=00 
 hours=00  mins=05  secs=03  sethour=0  setmin=0  strobe_1sec=1  strobe1=1  rst_n=1  clk=1  s1=0  btn=0  swt=00 
 hours=00  mins=05  secs=03  sethour=0  setmin=0  strobe_1sec=1  strobe1=1  rst_n=1  clk=0  s1=0  btn=0  swt=00 
 hours=00  mins=05  secs=04  sethour=0  setmin=0  strobe_1sec=0  strobe1=0  rst_n=1  clk=1  s1=0  btn=0  swt=00 
 hours=00  mins=05  secs=04  sethour=0  setmin=0  strobe_1sec=0  strobe1=0  rst_n=1  clk=0  s1=0  btn=0  swt=00 
 hours=00  mins=05  secs=04  sethour=0  setmin=0  strobe_1sec=0  strobe1=1  rst_n=1  clk=1  s1=0  btn=0  swt=00 
 hours=00  mins=05  secs=04  sethour=0  setmin=0  strobe_1sec=0  strobe1=1  rst_n=1  clk=0  s1=0  btn=0  swt=00 
 hours=00  mins=05  secs=04  sethour=0  setmin=0  strobe_1sec=0  strobe1=0  rst_n=1  clk=1  s1=0  btn=0  swt=00 
 hours=00  mins=05  secs=04  sethour=0  setmin=0  strobe_1sec=0  strobe1=0  rst_n=1  clk=0  s1=0  btn=0  swt=00 
 hours=00  mins=05  secs=04  sethour=0  setmin=0  strobe_1sec=0  strobe1=0  rst_n=1  clk=1  s1=0  btn=0  swt=00 
 hours=00  mins=05  secs=04  sethour=0  setmin=0  strobe_1sec=0  strobe1=0  rst_n=1  clk=0  s1=0  btn=0  swt=00 
 hours=00  mins=05  secs=04  sethour=0  setmin=0  strobe_1sec=0  strobe1=0  rst_n=1  clk=1  s1=0  btn=0  swt=00 
 hours=00  mins=05  secs=04  sethour=0  setmin=0  strobe_1sec=0  strobe1=0  rst_n=1  clk=0  s1=0  btn=0  swt=00 
 hours=00  mins=05  secs=04  sethour=0  setmin=0  strobe_1sec=0  strobe1=1  rst_n=1  clk=1  s1=0  btn=0  swt=00 
 hours=00  mins=05  secs=04  sethour=0  setmin=0  strobe_1sec=0  strobe1=1  rst_n=1  clk=0  s1=0  btn=0  swt=00 
 hours=00  mins=05  secs=04  sethour=0  setmin=0  strobe_1sec=0  strobe1=0  rst_n=1  clk=1  s1=0  btn=0  swt=00 
 hours=00  mins=05  secs=04  sethour=0  setmin=0  strobe_1sec=0  strobe1=0  rst_n=1  clk=0  s1=0  btn=0  swt=00 
 hours=00  mins=05  secs=04  sethour=0  setmin=0  strobe_1sec=0  strobe1=0  rst_n=1  clk=1  s1=0  btn=0  swt=00 
 hours=00  mins=05  secs=04  sethour=0  setmin=0  strobe_1sec=0  strobe1=0  rst_n=1  clk=0  s1=0  btn=0  swt=00 
 hours=00  mins=05  secs=04  sethour=0  setmin=0  strobe_1sec=0  strobe1=0  rst_n=1  clk=1  s1=0  btn=0  swt=00 
 hours=00  mins=05  secs=04  sethour=0  setmin=0  strobe_1sec=0  strobe1=0  rst_n=1  clk=0  s1=0  btn=0  swt=00 
 hours=00  mins=05  secs=04  sethour=0  setmin=0  strobe_1sec=1  strobe1=1  rst_n=1  clk=1  s1=0  btn=0  swt=00 
 hours=00  mins=05  secs=04  sethour=0  setmin=0  strobe_1sec=1  strobe1=1  rst_n=1  clk=0  s1=0  btn=0  swt=00 
 hours=00  mins=05  secs=05  sethour=0  setmin=0  strobe_1sec=0  strobe1=0  rst_n=1  clk=1  s1=0  btn=0  swt=00 
 hours=00  mins=05  secs=05  sethour=1  setmin=0  strobe_1sec=0  strobe1=0  rst_n=1  clk=0  s1=0  btn=4  swt=00 
 hours=00  mins=05  secs=05  sethour=1  setmin=0  strobe_1sec=0  strobe1=1  rst_n=1  clk=1  s1=0  btn=4  swt=00 
 hours=00  mins=05  secs=05  sethour=1  setmin=0  strobe_1sec=0  strobe1=1  rst_n=1  clk=0  s1=0  btn=4  swt=00 
 hours=00  mins=05  secs=05  sethour=1  setmin=0  strobe_1sec=0  strobe1=0  rst_n=1  clk=1  s1=0  btn=4  swt=00 
 hours=00  mins=05  secs=05  sethour=1  setmin=0  strobe_1sec=0  strobe1=0  rst_n=1  clk=0  s1=0  btn=4  swt=00 
 hours=00  mins=05  secs=05  sethour=1  setmin=0  strobe_1sec=0  strobe1=0  rst_n=1  clk=1  s1=0  btn=4  swt=00 
 hours=00  mins=05  secs=05  sethour=1  setmin=0  strobe_1sec=0  strobe1=0  rst_n=1  clk=0  s1=0  btn=4  swt=00 
 hours=00  mins=05  secs=05  sethour=1  setmin=0  strobe_1sec=0  strobe1=0  rst_n=1  clk=1  s1=0  btn=4  swt=00 
 hours=00  mins=05  secs=05  sethour=1  setmin=0  strobe_1sec=0  strobe1=0  rst_n=1  clk=0  s1=0  btn=4  swt=00 
 hours=00  mins=05  secs=05  sethour=1  setmin=0  strobe_1sec=0  strobe1=1  rst_n=1  clk=1  s1=0  btn=4  swt=00 
 hours=00  mins=05  secs=05  sethour=1  setmin=0  strobe_1sec=0  strobe1=1  rst_n=1  clk=0  s1=0  btn=4  swt=00 
 hours=00  mins=05  secs=05  sethour=1  setmin=0  strobe_1sec=0  strobe1=0  rst_n=1  clk=1  s1=0  btn=4  swt=00 
 hours=00  mins=05  secs=05  sethour=1  setmin=0  strobe_1sec=0  strobe1=0  rst_n=1  clk=0  s1=0  btn=4  swt=00 
 hours=00  mins=05  secs=05  sethour=1  setmin=0  strobe_1sec=0  strobe1=0  rst_n=1  clk=1  s1=0  btn=4  swt=00 
 hours=00  mins=05  secs=05  sethour=1  setmin=0  strobe_1sec=0  strobe1=0  rst_n=1  clk=0  s1=0  btn=4  swt=00 
 hours=00  mins=05  secs=05  sethour=1  setmin=0  strobe_1sec=0  strobe1=0  rst_n=1  clk=1  s1=0  btn=4  swt=00 
 hours=00  mins=05  secs=05  sethour=1  setmin=0  strobe_1sec=0  strobe1=0  rst_n=1  clk=0  s1=0  btn=4  swt=00 
 hours=00  mins=05  secs=05  sethour=1  setmin=0  strobe_1sec=1  strobe1=1  rst_n=1  clk=1  s1=0  btn=4  swt=00 
 hours=00  mins=05  secs=05  sethour=1  setmin=0  strobe_1sec=1  strobe1=1  rst_n=1  clk=0  s1=0  btn=4  swt=00 
 hours=01  mins=05  secs=06  sethour=1  setmin=0  strobe_1sec=0  strobe1=0  rst_n=1  clk=1  s1=0  btn=4  swt=00 
 hours=01  mins=05  secs=06  sethour=1  setmin=0  strobe_1sec=0  strobe1=0  rst_n=1  clk=0  s1=0  btn=4  swt=00 
 hours=01  mins=05  secs=06  sethour=1  setmin=0  strobe_1sec=0  strobe1=1  rst_n=1  clk=1  s1=0  btn=4  swt=00 
 hours=01  mins=05  secs=06  sethour=1  setmin=0  strobe_1sec=0  strobe1=1  rst_n=1  clk=0  s1=0  btn=4  swt=00 
 hours=01  mins=05  secs=06  sethour=1  setmin=0  strobe_1sec=0  strobe1=0  rst_n=1  clk=1  s1=0  btn=4  swt=00 
 hours=01  mins=05  secs=06  sethour=1  setmin=0  strobe_1sec=0  strobe1=0  rst_n=1  clk=0  s1=0  btn=4  swt=00 
 hours=01  mins=05  secs=06  sethour=1  setmin=0  strobe_1sec=0  strobe1=0  rst_n=1  clk=1  s1=0  btn=4  swt=00 
 hours=01  mins=05  secs=06  sethour=1  setmin=0  strobe_1sec=0  strobe1=0  rst_n=1  clk=0  s1=0  btn=4  swt=00 
 hours=01  mins=05  secs=06  sethour=1  setmin=0  strobe_1sec=0  strobe1=0  rst_n=1  clk=1  s1=0  btn=4  swt=00 
 hours=01  mins=05  secs=06  sethour=1  setmin=0  strobe_1sec=0  strobe1=0  rst_n=1  clk=0  s1=0  btn=4  swt=00 
 hours=01  mins=05  secs=06  sethour=1  setmin=0  strobe_1sec=0  strobe1=1  rst_n=1  clk=1  s1=0  btn=4  swt=00 
 hours=01  mins=05  secs=06  sethour=1  setmin=0  strobe_1sec=0  strobe1=1  rst_n=1  clk=0  s1=0  btn=4  swt=00 
 hours=01  mins=05  secs=06  sethour=1  setmin=0  strobe_1sec=0  strobe1=0  rst_n=1  clk=1  s1=0  btn=4  swt=00 
 hours=01  mins=05  secs=06  sethour=1  setmin=0  strobe_1sec=0  strobe1=0  rst_n=1  clk=0  s1=0  btn=4  swt=00 
 hours=01  mins=05  secs=06  sethour=1  setmin=0  strobe_1sec=0  strobe1=0  rst_n=1  clk=1  s1=0  btn=4  swt=00 
 hours=01  mins=05  secs=06  sethour=1  setmin=0  strobe_1sec=0  strobe1=0  rst_n=1  clk=0  s1=0  btn=4  swt=00 
 hours=01  mins=05  secs=06  sethour=1  setmin=0  strobe_1sec=0  strobe1=0  rst_n=1  clk=1  s1=0  btn=4  swt=00 
 hours=01  mins=05  secs=06  sethour=1  setmin=0  strobe_1sec=0  strobe1=0  rst_n=1  clk=0  s1=0  btn=4  swt=00 
 hours=01  mins=05  secs=06  sethour=1  setmin=0  strobe_1sec=1  strobe1=1  rst_n=1  clk=1  s1=0  btn=4  swt=00 
 hours=01  mins=05  secs=06  sethour=1  setmin=0  strobe_1sec=1  strobe1=1  rst_n=1  clk=0  s1=0  btn=4  swt=00 
 hours=02  mins=05  secs=07  sethour=1  setmin=0  strobe_1sec=0  strobe1=0  rst_n=1  clk=1  s1=0  btn=4  swt=00 
 hours=02  mins=05  secs=07  sethour=1  setmin=0  strobe_1sec=0  strobe1=0  rst_n=1  clk=0  s1=0  btn=4  swt=00 
 hours=02  mins=05  secs=07  sethour=1  setmin=0  strobe_1sec=0  strobe1=1  rst_n=1  clk=1  s1=0  btn=4  swt=00 
 hours=02  mins=05  secs=07  sethour=1  setmin=0  strobe_1sec=0  strobe1=1  rst_n=1  clk=0  s1=0  btn=4  swt=00 
 hours=02  mins=05  secs=07  sethour=1  setmin=0  strobe_1sec=0  strobe1=0  rst_n=1  clk=1  s1=0  btn=4  swt=00 
 hours=02  mins=05  secs=07  sethour=1  setmin=0  strobe_1sec=0  strobe1=0  rst_n=1  clk=0  s1=0  btn=4  swt=00 
 hours=02  mins=05  secs=07  sethour=1  setmin=0  strobe_1sec=0  strobe1=0  rst_n=1  clk=1  s1=0  btn=4  swt=00 
 hours=02  mins=05  secs=07  sethour=1  setmin=0  strobe_1sec=0  strobe1=0  rst_n=1  clk=0  s1=0  btn=4  swt=00 
 hours=02  mins=05  secs=07  sethour=1  setmin=0  strobe_1sec=0  strobe1=0  rst_n=1  clk=1  s1=0  btn=4  swt=00 
 hours=02  mins=05  secs=07  sethour=1  setmin=0  strobe_1sec=0  strobe1=0  rst_n=1  clk=0  s1=0  btn=4  swt=00 
 hours=02  mins=05  secs=07  sethour=1  setmin=0  strobe_1sec=0  strobe1=1  rst_n=1  clk=1  s1=0  btn=4  swt=00 
 hours=02  mins=05  secs=07  sethour=1  setmin=0  strobe_1sec=0  strobe1=1  rst_n=1  clk=0  s1=0  btn=4  swt=00 
 hours=02  mins=05  secs=07  sethour=1  setmin=0  strobe_1sec=0  strobe1=0  rst_n=1  clk=1  s1=0  btn=4  swt=00 
 hours=02  mins=05  secs=07  sethour=1  setmin=0  strobe_1sec=0  strobe1=0  rst_n=1  clk=0  s1=0  btn=4  swt=00 
 hours=02  mins=05  secs=07  sethour=1  setmin=0  strobe_1sec=0  strobe1=0  rst_n=1  clk=1  s1=0  btn=4  swt=00 
 hours=02  mins=05  secs=07  sethour=1  setmin=0  strobe_1sec=0  strobe1=0  rst_n=1  clk=0  s1=0  btn=4  swt=00 
 hours=02  mins=05  secs=07  sethour=1  setmin=0  strobe_1sec=0  strobe1=0  rst_n=1  clk=1  s1=0  btn=4  swt=00 
 hours=02  mins=05  secs=07  sethour=1  setmin=0  strobe_1sec=0  strobe1=0  rst_n=1  clk=0  s1=0  btn=4  swt=00 
 hours=02  mins=05  secs=07  sethour=1  setmin=0  strobe_1sec=1  strobe1=1  rst_n=1  clk=1  s1=0  btn=4  swt=00 
 hours=02  mins=05  secs=07  sethour=1  setmin=0  strobe_1sec=1  strobe1=1  rst_n=1  clk=0  s1=0  btn=4  swt=00 
 hours=03  mins=05  secs=08  sethour=1  setmin=0  strobe_1sec=0  strobe1=0  rst_n=1  clk=1  s1=0  btn=4  swt=00 
 hours=03  mins=05  secs=08  sethour=1  setmin=0  strobe_1sec=0  strobe1=0  rst_n=1  clk=0  s1=0  btn=4  swt=00 
 hours=03  mins=05  secs=08  sethour=1  setmin=0  strobe_1sec=0  strobe1=1  rst_n=1  clk=1  s1=0  btn=4  swt=00 
 hours=03  mins=05  secs=08  sethour=1  setmin=0  strobe_1sec=0  strobe1=1  rst_n=1  clk=0  s1=0  btn=4  swt=00 
 hours=03  mins=05  secs=08  sethour=1  setmin=0  strobe_1sec=0  strobe1=0  rst_n=1  clk=1  s1=0  btn=4  swt=00 
 hours=03  mins=05  secs=08  sethour=1  setmin=0  strobe_1sec=0  strobe1=0  rst_n=1  clk=0  s1=0  btn=4  swt=00 
 hours=03  mins=05  secs=08  sethour=1  setmin=0  strobe_1sec=0  strobe1=0  rst_n=1  clk=1  s1=0  btn=4  swt=00 
 hours=03  mins=05  secs=08  sethour=1  setmin=0  strobe_1sec=0  strobe1=0  rst_n=1  clk=0  s1=0  btn=4  swt=00 
 hours=03  mins=05  secs=08  sethour=1  setmin=0  strobe_1sec=0  strobe1=0  rst_n=1  clk=1  s1=0  btn=4  swt=00 
 hours=03  mins=05  secs=08  sethour=1  setmin=0  strobe_1sec=0  strobe1=0  rst_n=1  clk=0  s1=0  btn=4  swt=00 
 hours=03  mins=05  secs=08  sethour=1  setmin=0  strobe_1sec=0  strobe1=1  rst_n=1  clk=1  s1=0  btn=4  swt=00 
 hours=03  mins=05  secs=08  sethour=1  setmin=0  strobe_1sec=0  strobe1=1  rst_n=1  clk=0  s1=0  btn=4  swt=00 
 hours=03  mins=05  secs=08  sethour=1  setmin=0  strobe_1sec=0  strobe1=0  rst_n=1  clk=1  s1=0  btn=4  swt=00 
 hours=03  mins=05  secs=08  sethour=1  setmin=0  strobe_1sec=0  strobe1=0  rst_n=1  clk=0  s1=0  btn=4  swt=00 
 hours=03  mins=05  secs=08  sethour=1  setmin=0  strobe_1sec=0  strobe1=0  rst_n=1  clk=1  s1=0  btn=4  swt=00 
 hours=03  mins=05  secs=08  sethour=1  setmin=0  strobe_1sec=0  strobe1=0  rst_n=1  clk=0  s1=0  btn=4  swt=00 
 hours=03  mins=05  secs=08  sethour=1  setmin=0  strobe_1sec=0  strobe1=0  rst_n=1  clk=1  s1=0  btn=4  swt=00 
 hours=03  mins=05  secs=08  sethour=1  setmin=0  strobe_1sec=0  strobe1=0  rst_n=1  clk=0  s1=0  btn=4  swt=00 
 hours=03  mins=05  secs=08  sethour=1  setmin=0  strobe_1sec=1  strobe1=1  rst_n=1  clk=1  s1=0  btn=4  swt=00 
 hours=03  mins=05  secs=08  sethour=1  setmin=0  strobe_1sec=1  strobe1=1  rst_n=1  clk=0  s1=0  btn=4  swt=00 
 hours=04  mins=05  secs=09  sethour=1  setmin=0  strobe_1sec=0  strobe1=0  rst_n=1  clk=1  s1=0  btn=4  swt=00 
 hours=04  mins=05  secs=09  sethour=1  setmin=0  strobe_1sec=0  strobe1=0  rst_n=1  clk=0  s1=0  btn=4  swt=00 
 hours=04  mins=05  secs=09  sethour=1  setmin=0  strobe_1sec=0  strobe1=1  rst_n=1  clk=1  s1=0  btn=4  swt=00 
 hours=04  mins=05  secs=09  sethour=1  setmin=0  strobe_1sec=0  strobe1=1  rst_n=1  clk=0  s1=0  btn=4  swt=00 
 hours=04  mins=05  secs=09  sethour=1  setmin=0  strobe_1sec=0  strobe1=0  rst_n=1  clk=1  s1=0  btn=4  swt=00 
 hours=04  mins=05  secs=09  sethour=1  setmin=0  strobe_1sec=0  strobe1=0  rst_n=1  clk=0  s1=0  btn=4  swt=00 
 hours=04  mins=05  secs=09  sethour=1  setmin=0  strobe_1sec=0  strobe1=0  rst_n=1  clk=1  s1=0  btn=4  swt=00 
 hours=04  mins=05  secs=09  sethour=1  setmin=0  strobe_1sec=0  strobe1=0  rst_n=1  clk=0  s1=0  btn=4  swt=00 
 hours=04  mins=05  secs=09  sethour=1  setmin=0  strobe_1sec=0  strobe1=0  rst_n=1  clk=1  s1=0  btn=4  swt=00 
 hours=04  mins=05  secs=09  sethour=1  setmin=0  strobe_1sec=0  strobe1=0  rst_n=1  clk=0  s1=0  btn=4  swt=00 
 hours=04  mins=05  secs=09  sethour=1  setmin=0  strobe_1sec=0  strobe1=1  rst_n=1  clk=1  s1=0  btn=4  swt=00 
 hours=04  mins=05  secs=09  sethour=1  setmin=0  strobe_1sec=0  strobe1=1  rst_n=1  clk=0  s1=0  btn=4  swt=00 
 hours=04  mins=05  secs=09  sethour=1  setmin=0  strobe_1sec=0  strobe1=0  rst_n=1  clk=1  s1=0  btn=4  swt=00 
 hours=04  mins=05  secs=09  sethour=1  setmin=0  strobe_1sec=0  strobe1=0  rst_n=1  clk=0  s1=0  btn=4  swt=00 
 hours=04  mins=05  secs=09  sethour=1  setmin=0  strobe_1sec=0  strobe1=0  rst_n=1  clk=1  s1=0  btn=4  swt=00 
 hours=04  mins=05  secs=09  sethour=1  setmin=0  strobe_1sec=0  strobe1=0  rst_n=1  clk=0  s1=0  btn=4  swt=00 
 hours=04  mins=05  secs=09  sethour=1  setmin=0  strobe_1sec=0  strobe1=0  rst_n=1  clk=1  s1=0  btn=4  swt=00 
 hours=04  mins=05  secs=09  sethour=1  setmin=0  strobe_1sec=0  strobe1=0  rst_n=1  clk=0  s1=0  btn=4  swt=00 
 hours=04  mins=05  secs=09  sethour=1  setmin=0  strobe_1sec=1  strobe1=1  rst_n=1  clk=1  s1=0  btn=4  swt=00 
 hours=04  mins=05  secs=09  sethour=1  setmin=0  strobe_1sec=1  strobe1=1  rst_n=1  clk=0  s1=0  btn=4  swt=00 
 hours=05  mins=05  secs=10  sethour=1  setmin=0  strobe_1sec=0  strobe1=0  rst_n=1  clk=1  s1=0  btn=4  swt=00 
 hours=05  mins=05  secs=10  sethour=0  setmin=0  strobe_1sec=0  strobe1=0  rst_n=1  clk=0  s1=0  btn=0  swt=00 
 hours=05  mins=05  secs=10  sethour=0  setmin=0  strobe_1sec=0  strobe1=1  rst_n=1  clk=1  s1=0  btn=0  swt=00 
 hours=05  mins=05  secs=10  sethour=0  setmin=0  strobe_1sec=0  strobe1=1  rst_n=1  clk=0  s1=0  btn=0  swt=00 
 hours=05  mins=05  secs=10  sethour=0  setmin=0  strobe_1sec=0  strobe1=0  rst_n=1  clk=1  s1=0  btn=0  swt=00 
 hours=05  mins=05  secs=10  sethour=0  setmin=0  strobe_1sec=0  strobe1=0  rst_n=1  clk=0  s1=0  btn=0  swt=00 
 hours=05  mins=05  secs=10  sethour=0  setmin=0  strobe_1sec=0  strobe1=0  rst_n=1  clk=1  s1=0  btn=0  swt=00 
 hours=05  mins=05  secs=10  sethour=0  setmin=0  strobe_1sec=0  strobe1=0  rst_n=1  clk=0  s1=0  btn=0  swt=00 
 hours=05  mins=05  secs=10  sethour=0  setmin=0  strobe_1sec=0  strobe1=0  rst_n=1  clk=1  s1=0  btn=0  swt=00 
 hours=05  mins=05  secs=10  sethour=0  setmin=0  strobe_1sec=0  strobe1=0  rst_n=1  clk=0  s1=0  btn=0  swt=00 
 hours=05  mins=05  secs=10  sethour=0  setmin=0  strobe_1sec=0  strobe1=1  rst_n=1  clk=1  s1=0  btn=0  swt=00 
 hours=05  mins=05  secs=10  sethour=0  setmin=0  strobe_1sec=0  strobe1=1  rst_n=1  clk=0  s1=0  btn=0  swt=00 
 hours=05  mins=05  secs=10  sethour=0  setmin=0  strobe_1sec=0  strobe1=0  rst_n=1  clk=1  s1=0  btn=0  swt=00 
 hours=05  mins=05  secs=10  sethour=0  setmin=0  strobe_1sec=0  strobe1=0  rst_n=1  clk=0  s1=0  btn=0  swt=00 
 hours=05  mins=05  secs=10  sethour=0  setmin=0  strobe_1sec=0  strobe1=0  rst_n=1  clk=1  s1=0  btn=0  swt=00 
 hours=05  mins=05  secs=10  sethour=0  setmin=0  strobe_1sec=0  strobe1=0  rst_n=1  clk=0  s1=0  btn=0  swt=00 
 hours=05  mins=05  secs=10  sethour=0  setmin=0  strobe_1sec=0  strobe1=0  rst_n=1  clk=1  s1=0  btn=0  swt=00 
 hours=05  mins=05  secs=10  sethour=0  setmin=0  strobe_1sec=0  strobe1=0  rst_n=1  clk=0  s1=0  btn=0  swt=00 
 hours=05  mins=05  secs=10  sethour=0  setmin=0  strobe_1sec=1  strobe1=1  rst_n=1  clk=1  s1=0  btn=0  swt=00 
 hours=05  mins=05  secs=10  sethour=0  setmin=0  strobe_1sec=1  strobe1=1  rst_n=1  clk=0  s1=0  btn=0  swt=00 
 hours=05  mins=05  secs=11  sethour=0  setmin=0  strobe_1sec=0  strobe1=0  rst_n=1  clk=1  s1=0  btn=0  swt=00 
 hours=05  mins=05  secs=11  sethour=0  setmin=0  strobe_1sec=0  strobe1=0  rst_n=1  clk=0  s1=0  btn=0  swt=00 
 hours=05  mins=05  secs=11  sethour=0  setmin=0  strobe_1sec=0  strobe1=1  rst_n=1  clk=1  s1=0  btn=0  swt=00 
 hours=05  mins=05  secs=11  sethour=0  setmin=0  strobe_1sec=0  strobe1=1  rst_n=1  clk=0  s1=0  btn=0  swt=00 
 hours=05  mins=05  secs=11  sethour=0  setmin=0  strobe_1sec=0  strobe1=0  rst_n=1  clk=1  s1=0  btn=0  swt=00 
 hours=05  mins=05  secs=11  sethour=0  setmin=0  strobe_1sec=0  strobe1=0  rst_n=1  clk=0  s1=0  btn=0  swt=00 
 hours=05  mins=05  secs=11  sethour=0  setmin=0  strobe_1sec=0  strobe1=0  rst_n=1  clk=1  s1=0  btn=0  swt=00 
 hours=05  mins=05  secs=11  sethour=0  setmin=0  strobe_1sec=0  strobe1=0  rst_n=1  clk=0  s1=0  btn=0  swt=00 
 hours=05  mins=05  secs=11  sethour=0  setmin=0  strobe_1sec=0  strobe1=0  rst_n=1  clk=1  s1=0  btn=0  swt=00 
 hours=05  mins=05  secs=11  sethour=0  setmin=0  strobe_1sec=0  strobe1=0  rst_n=1  clk=0  s1=0  btn=0  swt=00 
 hours=05  mins=05  secs=11  sethour=0  setmin=0  strobe_1sec=0  strobe1=1  rst_n=1  clk=1  s1=0  btn=0  swt=00 
 hours=05  mins=05  secs=11  sethour=0  setmin=0  strobe_1sec=0  strobe1=1  rst_n=1  clk=0  s1=0  btn=0  swt=00 
 hours=05  mins=05  secs=11  sethour=0  setmin=0  strobe_1sec=0  strobe1=0  rst_n=1  clk=1  s1=0  btn=0  swt=00 
 hours=05  mins=05  secs=11  sethour=0  setmin=0  strobe_1sec=0  strobe1=0  rst_n=1  clk=0  s1=0  btn=0  swt=00 
 hours=05  mins=05  secs=11  sethour=0  setmin=0  strobe_1sec=0  strobe1=0  rst_n=1  clk=1  s1=0  btn=0  swt=00 
 hours=05  mins=05  secs=11  sethour=0  setmin=0  strobe_1sec=0  strobe1=0  rst_n=1  clk=0  s1=0  btn=0  swt=00 
 hours=05  mins=05  secs=11  sethour=0  setmin=0  strobe_1sec=0  strobe1=0  rst_n=1  clk=1  s1=0  btn=0  swt=00 
 hours=05  mins=05  secs=11  sethour=0  setmin=0  strobe_1sec=0  strobe1=0  rst_n=1  clk=0  s1=0  btn=0  swt=00 
 hours=05  mins=05  secs=11  sethour=0  setmin=0  strobe_1sec=1  strobe1=1  rst_n=1  clk=1  s1=0  btn=0  swt=00 
 hours=05  mins=05  secs=11  sethour=0  setmin=0  strobe_1sec=1  strobe1=1  rst_n=1  clk=0  s1=0  btn=0  swt=00 
 hours=05  mins=05  secs=12  sethour=0  setmin=0  strobe_1sec=0  strobe1=0  rst_n=1  clk=1  s1=0  btn=0  swt=00 
 hours=05  mins=05  secs=12  sethour=0  setmin=0  strobe_1sec=0  strobe1=0  rst_n=1  clk=0  s1=0  btn=0  swt=00 
 hours=05  mins=05  secs=12  sethour=0  setmin=0  strobe_1sec=0  strobe1=1  rst_n=1  clk=1  s1=0  btn=0  swt=00 
 hours=05  mins=05  secs=12  sethour=0  setmin=0  strobe_1sec=0  strobe1=1  rst_n=1  clk=0  s1=0  btn=0  swt=00 
 hours=05  mins=05  secs=12  sethour=0  setmin=0  strobe_1sec=0  strobe1=0  rst_n=1  clk=1  s1=0  btn=0  swt=00 
 hours=05  mins=05  secs=12  sethour=0  setmin=0  strobe_1sec=0  strobe1=0  rst_n=1  clk=0  s1=0  btn=0  swt=00 
 hours=05  mins=05  secs=12  sethour=0  setmin=0  strobe_1sec=0  strobe1=0  rst_n=1  clk=1  s1=0  btn=0  swt=00 
 hours=05  mins=05  secs=12  sethour=0  setmin=0  strobe_1sec=0  strobe1=0  rst_n=1  clk=0  s1=0  btn=0  swt=00 
 hours=05  mins=05  secs=12  sethour=0  setmin=0  strobe_1sec=0  strobe1=0  rst_n=1  clk=1  s1=0  btn=0  swt=00 
 hours=05  mins=05  secs=12  sethour=0  setmin=0  strobe_1sec=0  strobe1=0  rst_n=1  clk=0  s1=0  btn=0  swt=00 
 hours=05  mins=05  secs=12  sethour=0  setmin=0  strobe_1sec=0  strobe1=1  rst_n=1  clk=1  s1=0  btn=0  swt=00 
 hours=05  mins=05  secs=12  sethour=0  setmin=0  strobe_1sec=0  strobe1=1  rst_n=1  clk=0  s1=0  btn=0  swt=00 
 hours=05  mins=05  secs=12  sethour=0  setmin=0  strobe_1sec=0  strobe1=0  rst_n=1  clk=1  s1=0  btn=0  swt=00 
 hours=05  mins=05  secs=12  sethour=0  setmin=0  strobe_1sec=0  strobe1=0  rst_n=1  clk=0  s1=0  btn=0  swt=00 
 hours=05  mins=05  secs=12  sethour=0  setmin=0  strobe_1sec=0  strobe1=0  rst_n=1  clk=1  s1=0  btn=0  swt=00 
 hours=05  mins=05  secs=12  sethour=0  setmin=0  strobe_1sec=0  strobe1=0  rst_n=1  clk=0  s1=0  btn=0  swt=00 
 hours=05  mins=05  secs=12  sethour=0  setmin=0  strobe_1sec=0  strobe1=0  rst_n=1  clk=1  s1=0  btn=0  swt=00 
 hours=05  mins=05  secs=12  sethour=0  setmin=0  strobe_1sec=0  strobe1=0  rst_n=1  clk=0  s1=0  btn=0  swt=00 
 hours=05  mins=05  secs=12  sethour=0  setmin=0  strobe_1sec=1  strobe1=1  rst_n=1  clk=1  s1=0  btn=0  swt=00 
 hours=05  mins=05  secs=12  sethour=0  setmin=0  strobe_1sec=1  strobe1=1  rst_n=1  clk=0  s1=0  btn=0  swt=00 
 hours=05  mins=05  secs=13  sethour=0  setmin=0  strobe_1sec=0  strobe1=0  rst_n=1  clk=1  s1=0  btn=0  swt=00 
 hours=05  mins=05  secs=13  sethour=0  setmin=0  strobe_1sec=0  strobe1=0  rst_n=1  clk=0  s1=0  btn=0  swt=00 
 hours=05  mins=05  secs=13  sethour=0  setmin=0  strobe_1sec=0  strobe1=1  rst_n=1  clk=1  s1=0  btn=0  swt=00 
 hours=05  mins=05  secs=13  sethour=0  setmin=0  strobe_1sec=0  strobe1=1  rst_n=1  clk=0  s1=0  btn=0  swt=00 
 hours=05  mins=05  secs=13  sethour=0  setmin=0  strobe_1sec=0  strobe1=0  rst_n=1  clk=1  s1=0  btn=0  swt=00 
 hours=05  mins=05  secs=13  sethour=0  setmin=0  strobe_1sec=0  strobe1=0  rst_n=1  clk=0  s1=0  btn=0  swt=00 
 hours=05  mins=05  secs=13  sethour=0  setmin=0  strobe_1sec=0  strobe1=0  rst_n=1  clk=1  s1=0  btn=0  swt=00 
 hours=05  mins=05  secs=13  sethour=0  setmin=0  strobe_1sec=0  strobe1=0  rst_n=1  clk=0  s1=0  btn=0  swt=00 
 hours=05  mins=05  secs=13  sethour=0  setmin=0  strobe_1sec=0  strobe1=0  rst_n=1  clk=1  s1=0  btn=0  swt=00 
 hours=05  mins=05  secs=13  sethour=0  setmin=0  strobe_1sec=0  strobe1=0  rst_n=1  clk=0  s1=0  btn=0  swt=00 
 hours=05  mins=05  secs=13  sethour=0  setmin=0  strobe_1sec=0  strobe1=1  rst_n=1  clk=1  s1=0  btn=0  swt=00 
 hours=05  mins=05  secs=13  sethour=0  setmin=0  strobe_1sec=0  strobe1=1  rst_n=1  clk=0  s1=0  btn=0  swt=00 
 hours=05  mins=05  secs=13  sethour=0  setmin=0  strobe_1sec=0  strobe1=0  rst_n=1  clk=1  s1=0  btn=0  swt=00 
 hours=05  mins=05  secs=13  sethour=0  setmin=0  strobe_1sec=0  strobe1=0  rst_n=1  clk=0  s1=0  btn=0  swt=00 
 hours=05  mins=05  secs=13  sethour=0  setmin=0  strobe_1sec=0  strobe1=0  rst_n=1  clk=1  s1=0  btn=0  swt=00 
 hours=05  mins=05  secs=13  sethour=0  setmin=0  strobe_1sec=0  strobe1=0  rst_n=1  clk=0  s1=0  btn=0  swt=00 
 hours=05  mins=05  secs=13  sethour=0  setmin=0  strobe_1sec=0  strobe1=0  rst_n=1  clk=1  s1=0  btn=0  swt=00 
 hours=05  mins=05  secs=13  sethour=0  setmin=0  strobe_1sec=0  strobe1=0  rst_n=1  clk=0  s1=0  btn=0  swt=00 
 hours=05  mins=05  secs=13  sethour=0  setmin=0  strobe_1sec=1  strobe1=1  rst_n=1  clk=1  s1=0  btn=0  swt=00 
 hours=05  mins=05  secs=13  sethour=0  setmin=0  strobe_1sec=1  strobe1=1  rst_n=1  clk=0  s1=0  btn=0  swt=00 
 hours=05  mins=05  secs=14  sethour=0  setmin=0  strobe_1sec=0  strobe1=0  rst_n=1  clk=1  s1=0  btn=0  swt=00 
 hours=05  mins=05  secs=14  sethour=0  setmin=0  strobe_1sec=0  strobe1=0  rst_n=1  clk=0  s1=0  btn=0  swt=00 
 hours=05  mins=05  secs=14  sethour=0  setmin=0  strobe_1sec=0  strobe1=1  rst_n=1  clk=1  s1=0  btn=0  swt=00 
 hours=05  mins=05  secs=14  sethour=0  setmin=0  strobe_1sec=0  strobe1=1  rst_n=1  clk=0  s1=0  btn=0  swt=00 
 hours=05  mins=05  secs=14  sethour=0  setmin=0  strobe_1sec=0  strobe1=0  rst_n=1  clk=1  s1=0  btn=0  swt=00 
 hours=05  mins=05  secs=14  sethour=0  setmin=0  strobe_1sec=0  strobe1=0  rst_n=1  clk=0  s1=0  btn=0  swt=00 
 hours=05  mins=05  secs=14  sethour=0  setmin=0  strobe_1sec=0  strobe1=0  rst_n=1  clk=1  s1=0  btn=0  swt=00 
 hours=05  mins=05  secs=14  sethour=0  setmin=0  strobe_1sec=0  strobe1=0  rst_n=1  clk=0  s1=0  btn=0  swt=00 
 hours=05  mins=05  secs=14  sethour=0  setmin=0  strobe_1sec=0  strobe1=0  rst_n=1  clk=1  s1=0  btn=0  swt=00 
 hours=05  mins=05  secs=14  sethour=0  setmin=0  strobe_1sec=0  strobe1=0  rst_n=1  clk=0  s1=0  btn=0  swt=00 
 hours=05  mins=05  secs=14  sethour=0  setmin=0  strobe_1sec=0  strobe1=1  rst_n=1  clk=1  s1=0  btn=0  swt=00 
 hours=05  mins=05  secs=14  sethour=0  setmin=0  strobe_1sec=0  strobe1=1  rst_n=1  clk=0  s1=0  btn=0  swt=00 
 hours=05  mins=05  secs=14  sethour=0  setmin=0  strobe_1sec=0  strobe1=0  rst_n=1  clk=1  s1=0  btn=0  swt=00 
 hours=05  mins=05  secs=14  sethour=0  setmin=0  strobe_1sec=0  strobe1=0  rst_n=1  clk=0  s1=0  btn=0  swt=00 
 hours=05  mins=05  secs=14  sethour=0  setmin=0  strobe_1sec=0  strobe1=0  rst_n=1  clk=1  s1=0  btn=0  swt=00 
 hours=05  mins=05  secs=14  sethour=0  setmin=0  strobe_1sec=0  strobe1=0  rst_n=1  clk=0  s1=0  btn=0  swt=00 
 hours=05  mins=05  secs=14  sethour=0  setmin=0  strobe_1sec=0  strobe1=0  rst_n=1  clk=1  s1=0  btn=0  swt=00 
 hours=05  mins=05  secs=14  sethour=0  setmin=0  strobe_1sec=0  strobe1=0  rst_n=1  clk=0  s1=0  btn=0  swt=00 
 hours=05  mins=05  secs=14  sethour=0  setmin=0  strobe_1sec=1  strobe1=1  rst_n=1  clk=1  s1=0  btn=0  swt=00 
 hours=05  mins=05  secs=14  sethour=0  setmin=0  strobe_1sec=1  strobe1=1  rst_n=1  clk=0  s1=0  btn=0  swt=00 
 hours=05  mins=05  secs=15  sethour=0  setmin=0  strobe_1sec=0  strobe1=0  rst_n=1  clk=1  s1=0  btn=0  swt=00 
 hours=05  mins=05  secs=15  sethour=0  setmin=0  strobe_1sec=0  strobe1=0  rst_n=1  clk=0  s1=0  btn=0  swt=01 
 hours=05  mins=05  secs=15  sethour=0  setmin=0  strobe_1sec=0  strobe1=1  rst_n=1  clk=1  s1=0  btn=0  swt=01 
 hours=05  mins=05  secs=15  sethour=0  setmin=0  strobe_1sec=0  strobe1=1  rst_n=1  clk=0  s1=0  btn=0  swt=01 
 hours=05  mins=05  secs=15  sethour=0  setmin=0  strobe_1sec=0  strobe1=0  rst_n=1  clk=1  s1=0  btn=0  swt=01 
 hours=05  mins=05  secs=15  sethour=0  setmin=0  strobe_1sec=0  strobe1=0  rst_n=1  clk=0  s1=0  btn=0  swt=01 
 hours=05  mins=05  secs=15  sethour=0  setmin=0  strobe_1sec=0  strobe1=0  rst_n=1  clk=1  s1=0  btn=0  swt=01 
 hours=05  mins=05  secs=15  sethour=0  setmin=0  strobe_1sec=0  strobe1=0  rst_n=1  clk=0  s1=0  btn=0  swt=01 
 hours=05  mins=05  secs=15  sethour=0  setmin=0  strobe_1sec=0  strobe1=0  rst_n=1  clk=1  s1=0  btn=0  swt=01 
 hours=05  mins=05  secs=15  sethour=0  setmin=0  strobe_1sec=0  strobe1=0  rst_n=1  clk=0  s1=0  btn=0  swt=01 
 hours=05  mins=05  secs=15  sethour=0  setmin=0  strobe_1sec=0  strobe1=1  rst_n=1  clk=1  s1=0  btn=0  swt=01 
 hours=05  mins=05  secs=15  sethour=0  setmin=0  strobe_1sec=0  strobe1=1  rst_n=1  clk=0  s1=0  btn=0  swt=01 
 hours=05  mins=05  secs=15  sethour=0  setmin=0  strobe_1sec=0  strobe1=0  rst_n=1  clk=1  s1=0  btn=0  swt=01 
 hours=05  mins=05  secs=15  sethour=0  setmin=0  strobe_1sec=0  strobe1=0  rst_n=1  clk=0  s1=0  btn=0  swt=01 
 hours=05  mins=05  secs=15  sethour=0  setmin=0  strobe_1sec=0  strobe1=0  rst_n=1  clk=1  s1=0  btn=0  swt=01 
 hours=05  mins=05  secs=15  sethour=0  setmin=0  strobe_1sec=0  strobe1=0  rst_n=1  clk=0  s1=0  btn=0  swt=01 
 hours=05  mins=05  secs=15  sethour=0  setmin=0  strobe_1sec=0  strobe1=0  rst_n=1  clk=1  s1=0  btn=0  swt=01 
 hours=05  mins=05  secs=15  sethour=0  setmin=0  strobe_1sec=0  strobe1=0  rst_n=1  clk=0  s1=0  btn=0  swt=01 
 hours=05  mins=05  secs=15  sethour=0  setmin=0  strobe_1sec=1  strobe1=1  rst_n=1  clk=1  s1=0  btn=0  swt=01 
 hours=05  mins=05  secs=15  sethour=0  setmin=0  strobe_1sec=1  strobe1=1  rst_n=1  clk=0  s1=0  btn=0  swt=01 
 hours=05  mins=05  secs=16  sethour=0  setmin=0  strobe_1sec=0  strobe1=0  rst_n=1  clk=1  s1=0  btn=0  swt=01 
 hours=05  mins=05  secs=16  sethour=0  setmin=0  strobe_1sec=0  strobe1=0  rst_n=1  clk=0  s1=0  btn=0  swt=01 
 hours=05  mins=05  secs=16  sethour=0  setmin=0  strobe_1sec=0  strobe1=1  rst_n=1  clk=1  s1=0  btn=0  swt=01 
 hours=05  mins=05  secs=16  sethour=0  setmin=0  strobe_1sec=0  strobe1=1  rst_n=1  clk=0  s1=0  btn=0  swt=01 
 hours=05  mins=05  secs=16  sethour=0  setmin=0  strobe_1sec=0  strobe1=0  rst_n=1  clk=1  s1=0  btn=0  swt=01 
 hours=05  mins=05  secs=16  sethour=0  setmin=0  strobe_1sec=0  strobe1=0  rst_n=1  clk=0  s1=0  btn=0  swt=01 
 hours=05  mins=05  secs=16  sethour=0  setmin=0  strobe_1sec=0  strobe1=0  rst_n=1  clk=1  s1=0  btn=0  swt=01 
 hours=05  mins=05  secs=16  sethour=0  setmin=0  strobe_1sec=0  strobe1=0  rst_n=1  clk=0  s1=0  btn=0  swt=01 
 hours=05  mins=05  secs=16  sethour=0  setmin=0  strobe_1sec=0  strobe1=0  rst_n=1  clk=1  s1=0  btn=0  swt=01 
 hours=05  mins=05  secs=16  sethour=0  setmin=0  strobe_1sec=0  strobe1=0  rst_n=1  clk=0  s1=0  btn=0  swt=01 
 hours=05  mins=05  secs=16  sethour=0  setmin=0  strobe_1sec=0  strobe1=1  rst_n=1  clk=1  s1=0  btn=0  swt=01 
 hours=05  mins=05  secs=16  sethour=0  setmin=0  strobe_1sec=0  strobe1=1  rst_n=1  clk=0  s1=0  btn=0  swt=01 
 hours=05  mins=05  secs=16  sethour=0  setmin=0  strobe_1sec=0  strobe1=0  rst_n=1  clk=1  s1=0  btn=0  swt=01 
 hours=05  mins=05  secs=16  sethour=0  setmin=0  strobe_1sec=0  strobe1=0  rst_n=1  clk=0  s1=0  btn=0  swt=01 
 hours=05  mins=05  secs=16  sethour=0  setmin=0  strobe_1sec=0  strobe1=0  rst_n=1  clk=1  s1=0  btn=0  swt=01 
 hours=05  mins=05  secs=16  sethour=0  setmin=0  strobe_1sec=0  strobe1=0  rst_n=1  clk=0  s1=0  btn=0  swt=01 
 hours=05  mins=05  secs=16  sethour=0  setmin=0  strobe_1sec=0  strobe1=0  rst_n=1  clk=1  s1=0  btn=0  swt=01 
 hours=05  mins=05  secs=16  sethour=0  setmin=0  strobe_1sec=0  strobe1=0  rst_n=1  clk=0  s1=0  btn=0  swt=01 
 hours=05  mins=05  secs=16  sethour=0  setmin=0  strobe_1sec=1  strobe1=1  rst_n=1  clk=1  s1=0  btn=0  swt=01 
 hours=05  mins=05  secs=16  sethour=0  setmin=0  strobe_1sec=1  strobe1=1  rst_n=1  clk=0  s1=0  btn=0  swt=01 
 hours=05  mins=05  secs=17  sethour=0  setmin=0  strobe_1sec=0  strobe1=0  rst_n=1  clk=1  s1=0  btn=0  swt=01 
 hours=05  mins=05  secs=17  sethour=0  setmin=0  strobe_1sec=0  strobe1=0  rst_n=1  clk=0  s1=0  btn=0  swt=01 
 hours=05  mins=05  secs=17  sethour=0  setmin=0  strobe_1sec=0  strobe1=1  rst_n=1  clk=1  s1=0  btn=0  swt=01 
 hours=05  mins=05  secs=17  sethour=0  setmin=0  strobe_1sec=0  strobe1=1  rst_n=1  clk=0  s1=0  btn=0  swt=01 
 hours=05  mins=05  secs=17  sethour=0  setmin=0  strobe_1sec=0  strobe1=0  rst_n=1  clk=1  s1=0  btn=0  swt=01 
 hours=05  mins=05  secs=17  sethour=0  setmin=0  strobe_1sec=0  strobe1=0  rst_n=1  clk=0  s1=0  btn=0  swt=01 
 hours=05  mins=05  secs=17  sethour=0  setmin=0  strobe_1sec=0  strobe1=0  rst_n=1  clk=1  s1=0  btn=0  swt=01 
 hours=05  mins=05  secs=17  sethour=0  setmin=0  strobe_1sec=0  strobe1=0  rst_n=1  clk=0  s1=0  btn=0  swt=01 
 hours=05  mins=05  secs=17  sethour=0  setmin=0  strobe_1sec=0  strobe1=0  rst_n=1  clk=1  s1=0  btn=0  swt=01 
 hours=05  mins=05  secs=17  sethour=0  setmin=0  strobe_1sec=0  strobe1=0  rst_n=1  clk=0  s1=0  btn=0  swt=01 
 hours=05  mins=05  secs=17  sethour=0  setmin=0  strobe_1sec=0  strobe1=1  rst_n=1  clk=1  s1=0  btn=0  swt=01 
 hours=05  mins=05  secs=17  sethour=0  setmin=0  strobe_1sec=0  strobe1=1  rst_n=1  clk=0  s1=0  btn=0  swt=01 
 hours=05  mins=05  secs=17  sethour=0  setmin=0  strobe_1sec=0  strobe1=0  rst_n=1  clk=1  s1=0  btn=0  swt=01 
 hours=05  mins=05  secs=17  sethour=0  setmin=0  strobe_1sec=0  strobe1=0  rst_n=1  clk=0  s1=0  btn=0  swt=01 
 hours=05  mins=05  secs=17  sethour=0  setmin=0  strobe_1sec=0  strobe1=0  rst_n=1  clk=1  s1=0  btn=0  swt=01 
 hours=05  mins=05  secs=17  sethour=0  setmin=0  strobe_1sec=0  strobe1=0  rst_n=1  clk=0  s1=0  btn=0  swt=01 
 hours=05  mins=05  secs=17  sethour=0  setmin=0  strobe_1sec=0  strobe1=0  rst_n=1  clk=1  s1=0  btn=0  swt=01 
 hours=05  mins=05  secs=17  sethour=0  setmin=0  strobe_1sec=0  strobe1=0  rst_n=1  clk=0  s1=0  btn=0  swt=01 
 hours=05  mins=05  secs=17  sethour=0  setmin=0  strobe_1sec=1  strobe1=1  rst_n=1  clk=1  s1=0  btn=0  swt=01 
 hours=05  mins=05  secs=17  sethour=0  setmin=0  strobe_1sec=1  strobe1=1  rst_n=1  clk=0  s1=0  btn=0  swt=01 
 hours=05  mins=05  secs=18  sethour=0  setmin=0  strobe_1sec=0  strobe1=0  rst_n=1  clk=1  s1=0  btn=0  swt=01 
 hours=05  mins=05  secs=18  sethour=0  setmin=0  strobe_1sec=0  strobe1=0  rst_n=1  clk=0  s1=0  btn=0  swt=01 
 hours=05  mins=05  secs=18  sethour=0  setmin=0  strobe_1sec=0  strobe1=1  rst_n=1  clk=1  s1=0  btn=0  swt=01 
 hours=05  mins=05  secs=18  sethour=0  setmin=0  strobe_1sec=0  strobe1=1  rst_n=1  clk=0  s1=0  btn=0  swt=01 
 hours=05  mins=05  secs=18  sethour=0  setmin=0  strobe_1sec=0  strobe1=0  rst_n=1  clk=1  s1=0  btn=0  swt=01 
 hours=05  mins=05  secs=18  sethour=0  setmin=0  strobe_1sec=0  strobe1=0  rst_n=1  clk=0  s1=0  btn=0  swt=01 
 hours=05  mins=05  secs=18  sethour=0  setmin=0  strobe_1sec=0  strobe1=0  rst_n=1  clk=1  s1=0  btn=0  swt=01 
 hours=05  mins=05  secs=18  sethour=0  setmin=0  strobe_1sec=0  strobe1=0  rst_n=1  clk=0  s1=0  btn=0  swt=01 
 hours=05  mins=05  secs=18  sethour=0  setmin=0  strobe_1sec=0  strobe1=0  rst_n=1  clk=1  s1=0  btn=0  swt=01 
 hours=05  mins=05  secs=18  sethour=0  setmin=0  strobe_1sec=0  strobe1=0  rst_n=1  clk=0  s1=0  btn=0  swt=01 
 hours=05  mins=05  secs=18  sethour=0  setmin=0  strobe_1sec=0  strobe1=1  rst_n=1  clk=1  s1=0  btn=0  swt=01 
 hours=05  mins=05  secs=18  sethour=0  setmin=0  strobe_1sec=0  strobe1=1  rst_n=1  clk=0  s1=0  btn=0  swt=01 
 hours=05  mins=05  secs=18  sethour=0  setmin=0  strobe_1sec=0  strobe1=0  rst_n=1  clk=1  s1=0  btn=0  swt=01 
 hours=05  mins=05  secs=18  sethour=0  setmin=0  strobe_1sec=0  strobe1=0  rst_n=1  clk=0  s1=0  btn=0  swt=01 
 hours=05  mins=05  secs=18  sethour=0  setmin=0  strobe_1sec=0  strobe1=0  rst_n=1  clk=1  s1=0  btn=0  swt=01 
 hours=05  mins=05  secs=18  sethour=0  setmin=0  strobe_1sec=0  strobe1=0  rst_n=1  clk=0  s1=0  btn=0  swt=01 
 hours=05  mins=05  secs=18  sethour=0  setmin=0  strobe_1sec=0  strobe1=0  rst_n=1  clk=1  s1=0  btn=0  swt=01 
 hours=05  mins=05  secs=18  sethour=0  setmin=0  strobe_1sec=0  strobe1=0  rst_n=1  clk=0  s1=0  btn=0  swt=01 
 hours=05  mins=05  secs=18  sethour=0  setmin=0  strobe_1sec=1  strobe1=1  rst_n=1  clk=1  s1=0  btn=0  swt=01 
 hours=05  mins=05  secs=18  sethour=0  setmin=0  strobe_1sec=1  strobe1=1  rst_n=1  clk=0  s1=0  btn=0  swt=01 
 hours=05  mins=05  secs=19  sethour=0  setmin=0  strobe_1sec=0  strobe1=0  rst_n=1  clk=1  s1=0  btn=0  swt=01 
 hours=05  mins=05  secs=19  sethour=0  setmin=0  strobe_1sec=0  strobe1=0  rst_n=1  clk=0  s1=0  btn=0  swt=01 
 hours=05  mins=05  secs=19  sethour=0  setmin=0  strobe_1sec=0  strobe1=1  rst_n=1  clk=1  s1=0  btn=0  swt=01 
 hours=05  mins=05  secs=19  sethour=0  setmin=0  strobe_1sec=0  strobe1=1  rst_n=1  clk=0  s1=0  btn=0  swt=01 
 hours=05  mins=05  secs=19  sethour=0  setmin=0  strobe_1sec=0  strobe1=0  rst_n=1  clk=1  s1=0  btn=0  swt=01 
 hours=05  mins=05  secs=19  sethour=0  setmin=0  strobe_1sec=0  strobe1=0  rst_n=1  clk=0  s1=0  btn=0  swt=01 
 hours=05  mins=05  secs=19  sethour=0  setmin=0  strobe_1sec=0  strobe1=0  rst_n=1  clk=1  s1=0  btn=0  swt=01 
 hours=05  mins=05  secs=19  sethour=0  setmin=0  strobe_1sec=0  strobe1=0  rst_n=1  clk=0  s1=0  btn=0  swt=01 
 hours=05  mins=05  secs=19  sethour=0  setmin=0  strobe_1sec=0  strobe1=0  rst_n=1  clk=1  s1=0  btn=0  swt=01 
 hours=05  mins=05  secs=19  sethour=0  setmin=0  strobe_1sec=0  strobe1=0  rst_n=1  clk=0  s1=0  btn=0  swt=01 
 hours=05  mins=05  secs=19  sethour=0  setmin=0  strobe_1sec=0  strobe1=1  rst_n=1  clk=1  s1=0  btn=0  swt=01 
 hours=05  mins=05  secs=19  sethour=0  setmin=0  strobe_1sec=0  strobe1=1  rst_n=1  clk=0  s1=0  btn=0  swt=01 
 hours=05  mins=05  secs=19  sethour=0  setmin=0  strobe_1sec=0  strobe1=0  rst_n=1  clk=1  s1=0  btn=0  swt=01 
 hours=05  mins=05  secs=19  sethour=0  setmin=0  strobe_1sec=0  strobe1=0  rst_n=1  clk=0  s1=0  btn=0  swt=01 
 hours=05  mins=05  secs=19  sethour=0  setmin=0  strobe_1sec=0  strobe1=0  rst_n=1  clk=1  s1=0  btn=0  swt=01 
 hours=05  mins=05  secs=19  sethour=0  setmin=0  strobe_1sec=0  strobe1=0  rst_n=1  clk=0  s1=0  btn=0  swt=01 
 hours=05  mins=05  secs=19  sethour=0  setmin=0  strobe_1sec=0  strobe1=0  rst_n=1  clk=1  s1=0  btn=0  swt=01 
 hours=05  mins=05  secs=19  sethour=0  setmin=0  strobe_1sec=0  strobe1=0  rst_n=1  clk=0  s1=0  btn=0  swt=01 
 hours=05  mins=05  secs=19  sethour=0  setmin=0  strobe_1sec=1  strobe1=1  rst_n=1  clk=1  s1=0  btn=0  swt=01 
 hours=05  mins=05  secs=19  sethour=0  setmin=0  strobe_1sec=1  strobe1=1  rst_n=1  clk=0  s1=0  btn=0  swt=01 
 hours=05  mins=05  secs=20  sethour=0  setmin=0  strobe_1sec=0  strobe1=0  rst_n=1  clk=1  s1=0  btn=0  swt=01 
$stop at time 6200 Scope: clock_tb File: clock_tb.v Line: 43

vcs -f clock.f -full64
 Function is not present in any shared object loaded.
exit
            V C S   S i m u l a t i o n   R e p o r t 
Time: 6200
CPU Time:      0.220 seconds;       Data structure size:   0.0Mb
Sat Feb  5 16:49:41 2022
