# Preference setting overrides
gui_create_pref_key -category {Globals} -key {load_detail_for_funcov} -value_type {bool} -value {false}

# State setting overrides
gui_state_default_create -off -ini
gui_set_state_value -category Globals -key recent_databases -value {{gui_open_db -file /home/users7/kg867678/526LSP21/Lab2/vcdplus.vpd -design V1} {gui_open_db -file /home/users7/kg867678/526LSP21/Lab1/vcdplus.vpd -design V1}}
gui_set_state_value -category Layout -key child_console_size_x -value 869
gui_set_state_value -category Layout -key child_console_size_y -value 174
gui_set_state_value -category Layout -key child_data_size_x -value 169
gui_set_state_value -category Layout -key child_data_size_y -value 457
gui_set_state_value -category Layout -key child_hier_col3 -value {-1}
gui_set_state_value -category Layout -key child_hier_colpd -value 0
gui_set_state_value -category Layout -key child_hier_size_x -value 169
gui_set_state_value -category Layout -key child_hier_size_y -value 457
gui_set_state_value -category Layout -key child_source_docknewline -value false
gui_set_state_value -category Layout -key child_source_pos_x -value {-2}
gui_set_state_value -category Layout -key child_source_pos_y -value {-15}
gui_set_state_value -category Layout -key child_source_size_x -value 534
gui_set_state_value -category Layout -key child_source_size_y -value 452
gui_set_state_value -category Layout -key child_wave_colname -value 120
gui_set_state_value -category Layout -key child_wave_colvalue -value 120
gui_set_state_value -category Layout -key child_wave_left -value 244
gui_set_state_value -category Layout -key child_wave_right -value 596
gui_set_state_value -category Layout -key main_pos_x -value 987
gui_set_state_value -category Layout -key main_pos_y -value 214
gui_set_state_value -category Layout -key main_size_x -value 1856
gui_set_state_value -category Layout -key main_size_y -value 968
gui_set_state_value -category Layout -key stand_wave_child_docknewline -value false
gui_set_state_value -category Layout -key stand_wave_child_pos_x -value {-2}
gui_set_state_value -category Layout -key stand_wave_child_pos_y -value {-15}
gui_set_state_value -category Layout -key stand_wave_child_size_y -value 367
gui_set_state_value -category Layout -key stand_wave_top_pos_x -value 663
gui_set_state_value -category Layout -key stand_wave_top_pos_y -value 31
gui_set_state_value -category Layout -key stand_wave_top_size_x -value 1508
gui_set_state_value -category Layout -key stand_wave_top_size_y -value 526
gui_create_state_key -category FindDialog -key m_pMatchCase -value_type bool -value false
gui_create_state_key -category FindDialog -key m_pMatchWord -value_type bool -value false
gui_create_state_key -category FindDialog -key m_pUseCombo -value_type string -value {}
gui_create_state_key -category FindDialog -key m_pWrapAround -value_type bool -value true
gui_state_default_create -off

# Begin command logging
gui_open_db -file /home/users7/kg867678/526LSP21/Lab2/vcdplus.vpd -design V1
gui_list_expand -id  Hier.1   Lab2_1_tb
gui_list_select -id Hier.1 -current_item_name Lab2_1_tb.UUT -current_item_type Scope  -selected  { Lab2_1_tb.UUT   }
gui_list_select -id Data.1 -selected  { Lab2_1_tb.UUT.NT  Lab2_1_tb.UUT.A1  Lab2_1_tb.UUT.A2  Lab2_1_tb.UUT.in1  Lab2_1_tb.UUT.in2  Lab2_1_tb.UUT.out1   }
gui_open_window Wave
gui_list_add -id Wave.1 -from Data.1 { Lab2_1_tb.UUT.NT Lab2_1_tb.UUT.A1 Lab2_1_tb.UUT.A2 Lab2_1_tb.UUT.in1 Lab2_1_tb.UUT.in2 Lab2_1_tb.UUT.out1 } -insertionbar
gui_zoom -window Wave.1 -full
gui_list_select -id Wave.1 -selected  { Lab2_1_tb.UUT.in1   }
gui_list_move  -id  Wave.1    -sid  Wave.1   -after Lab2_1_tb.UUT.NT {{Lab2_1_tb.UUT.in1}} 
gui_list_move  -id  Wave.1    -sid  Wave.1   -after Group1 {{Lab2_1_tb.UUT.in1}}
gui_list_select -id Wave.1 -selected  { Lab2_1_tb.UUT.in2   }
gui_list_move  -id  Wave.1    -sid  Wave.1   -after Lab2_1_tb.UUT.NT {{Lab2_1_tb.UUT.in2}} 
gui_list_move  -id  Wave.1    -sid  Wave.1   -after Lab2_1_tb.UUT.in1 {{Lab2_1_tb.UUT.in2}} 
gui_list_select -id Wave.1 -selected  { Lab2_1_tb.UUT.NT   }
gui_marker_create -id  Wave.1 M1 522
gui_marker_select -id  Wave.1 { C1 }
gui_marker_move -id  Wave.1 C1 450
gui_set_time_units 1ns
gui_marker_unselect -id  Wave.1 { C1 }
gui_marker_select -id  Wave.1 { M1 }
gui_marker_move -id  Wave.1 M1 47
gui_marker_move -id  Wave.1 M1 47
gui_marker_move -id  Wave.1 M1 62.3
gui_marker_unselect -id  Wave.1 { M1 }
gui_marker_select -id  Wave.1 { C1 }
gui_marker_move -id  Wave.1 C1 47
gui_marker_unselect -id  Wave.1 { C1 }
gui_marker_select -id  Wave.1 { M1 }
gui_zoom -window Wave.1 -factor 2
gui_wv_scroll_hslidermove -id  Wave.1 575
gui_marker_unselect -id  Wave.1 { M1 }
gui_marker_select -id  Wave.1 { C1 }
gui_marker_move -id  Wave.1 C1 60
gui_marker_unselect -id  Wave.1 { C1 }
gui_marker_select -id  Wave.1 { M1 }
gui_marker_move -id  Wave.1 M1 62.5
gui_wv_scroll_hslidermove -id  Wave.1 575
gui_zoom -window Wave.1 -factor 0.5
gui_zoom -window Wave.1 -full
gui_close_window -window TopLevel.2
