Command: /home/users7/kg867678/526LSP21/Lab5/./simv -l lab5.log
Chronologic VCS simulator copyright 1991-2017
Contains Synopsys proprietary information.
Compiler version N-2017.12-SP2-2_Full64; Runtime version N-2017.12-SP2-2_Full64;  Mar  6 21:52 2021
VCD+ Writer N-2017.12-SP2-2_Full64 Copyright (c) 1991-2017 by Synopsys Inc.
                   0 COUNT = xx CLK = 0 RESET = 1 LOAD = 0 ENABLE = x DATA = 				xx
                   2 COUNT = xx CLK = 1 RESET = 1 LOAD = 0 ENABLE = x DATA = 				xx
                   3 COUNT = 00 CLK = 1 RESET = 0 LOAD = 0 ENABLE = x DATA = 				xx
                   4 COUNT = 00 CLK = 0 RESET = 0 LOAD = 0 ENABLE = x DATA = 				xx
                   6 COUNT = 00 CLK = 1 RESET = 0 LOAD = 0 ENABLE = x DATA = 				xx
                   8 COUNT = 00 CLK = 0 RESET = 1 LOAD = 0 ENABLE = 1 DATA = 				00
                  10 COUNT = 00 CLK = 1 RESET = 1 LOAD = 0 ENABLE = 1 DATA = 				00
                  12 COUNT = 00 CLK = 0 RESET = 1 LOAD = 0 ENABLE = 1 DATA = 				00
                  14 COUNT = 01 CLK = 1 RESET = 1 LOAD = 0 ENABLE = 1 DATA = 				00
                  16 COUNT = 01 CLK = 0 RESET = 1 LOAD = 0 ENABLE = 1 DATA = 				00
                  18 COUNT = 02 CLK = 1 RESET = 1 LOAD = 0 ENABLE = 1 DATA = 				00
                  20 COUNT = 02 CLK = 0 RESET = 1 LOAD = 0 ENABLE = 1 DATA = 				00
                  22 COUNT = 03 CLK = 1 RESET = 1 LOAD = 0 ENABLE = 1 DATA = 				00
                  24 COUNT = 03 CLK = 0 RESET = 1 LOAD = 0 ENABLE = 1 DATA = 				00
                  26 COUNT = 04 CLK = 1 RESET = 1 LOAD = 0 ENABLE = 1 DATA = 				00
                  28 COUNT = 04 CLK = 0 RESET = 1 LOAD = 0 ENABLE = 1 DATA = 				00
                  30 COUNT = 05 CLK = 1 RESET = 1 LOAD = 0 ENABLE = 1 DATA = 				00
                  32 COUNT = 05 CLK = 0 RESET = 1 LOAD = 0 ENABLE = 1 DATA = 				00
                  34 COUNT = 06 CLK = 1 RESET = 1 LOAD = 0 ENABLE = 1 DATA = 				00
                  36 COUNT = 06 CLK = 0 RESET = 1 LOAD = 0 ENABLE = 1 DATA = 				00
                  38 COUNT = 07 CLK = 1 RESET = 1 LOAD = 0 ENABLE = 1 DATA = 				00
                  40 COUNT = 07 CLK = 0 RESET = 1 LOAD = 0 ENABLE = 1 DATA = 				00
                  42 COUNT = 08 CLK = 1 RESET = 1 LOAD = 0 ENABLE = 1 DATA = 				00
                  44 COUNT = 08 CLK = 0 RESET = 1 LOAD = 0 ENABLE = 1 DATA = 				00
                  46 COUNT = 09 CLK = 1 RESET = 1 LOAD = 0 ENABLE = 1 DATA = 				00
                  48 COUNT = 09 CLK = 0 RESET = 1 LOAD = 0 ENABLE = 1 DATA = 				00
                  50 COUNT = 0a CLK = 1 RESET = 1 LOAD = 0 ENABLE = 1 DATA = 				00
                  52 COUNT = 0a CLK = 0 RESET = 1 LOAD = 0 ENABLE = 1 DATA = 				00
                  54 COUNT = 0b CLK = 1 RESET = 1 LOAD = 0 ENABLE = 1 DATA = 				00
                  56 COUNT = 0b CLK = 0 RESET = 1 LOAD = 0 ENABLE = 1 DATA = 				00
                  58 COUNT = 0c CLK = 1 RESET = 1 LOAD = 0 ENABLE = 1 DATA = 				00
                  60 COUNT = 0c CLK = 0 RESET = 1 LOAD = 0 ENABLE = 1 DATA = 				00
                  62 COUNT = 0d CLK = 1 RESET = 1 LOAD = 0 ENABLE = 1 DATA = 				00
                  64 COUNT = 0d CLK = 0 RESET = 1 LOAD = 0 ENABLE = 1 DATA = 				00
                  66 COUNT = 0e CLK = 1 RESET = 1 LOAD = 0 ENABLE = 1 DATA = 				00
                  68 COUNT = 0e CLK = 0 RESET = 1 LOAD = 0 ENABLE = 1 DATA = 				00
                  70 COUNT = 0f CLK = 1 RESET = 1 LOAD = 0 ENABLE = 1 DATA = 				00
                  72 COUNT = 0f CLK = 0 RESET = 1 LOAD = 0 ENABLE = 1 DATA = 				00
                  74 COUNT = 10 CLK = 1 RESET = 1 LOAD = 0 ENABLE = 1 DATA = 				00
                  76 COUNT = 10 CLK = 0 RESET = 1 LOAD = 0 ENABLE = 1 DATA = 				00
                  78 COUNT = 11 CLK = 1 RESET = 1 LOAD = 0 ENABLE = 1 DATA = 				00
                  80 COUNT = 11 CLK = 0 RESET = 1 LOAD = 0 ENABLE = 1 DATA = 				00
                  82 COUNT = 12 CLK = 1 RESET = 1 LOAD = 0 ENABLE = 1 DATA = 				00
                  83 COUNT = 12 CLK = 1 RESET = 1 LOAD = 1 ENABLE = 1 DATA = 				0c
                  84 COUNT = 12 CLK = 0 RESET = 1 LOAD = 1 ENABLE = 1 DATA = 				0c
                  86 COUNT = 0c CLK = 1 RESET = 1 LOAD = 1 ENABLE = 1 DATA = 				0c
                  88 COUNT = 0c CLK = 0 RESET = 1 LOAD = 1 ENABLE = 1 DATA = 				0c
                  90 COUNT = 0c CLK = 1 RESET = 1 LOAD = 1 ENABLE = 1 DATA = 				0c
                  92 COUNT = 0c CLK = 0 RESET = 1 LOAD = 1 ENABLE = 1 DATA = 				0c
                  93 COUNT = 0c CLK = 0 RESET = 1 LOAD = 0 ENABLE = 1 DATA = 				0c
                  94 COUNT = 0d CLK = 1 RESET = 1 LOAD = 0 ENABLE = 1 DATA = 				0c
                  96 COUNT = 0d CLK = 0 RESET = 1 LOAD = 0 ENABLE = 1 DATA = 				0c
                  98 COUNT = 0e CLK = 1 RESET = 1 LOAD = 0 ENABLE = 1 DATA = 				0c
                 100 COUNT = 0e CLK = 0 RESET = 1 LOAD = 0 ENABLE = 1 DATA = 				0c
                 102 COUNT = 0f CLK = 1 RESET = 1 LOAD = 0 ENABLE = 1 DATA = 				0c
                 104 COUNT = 0f CLK = 0 RESET = 1 LOAD = 0 ENABLE = 1 DATA = 				0c
                 106 COUNT = 10 CLK = 1 RESET = 1 LOAD = 0 ENABLE = 1 DATA = 				0c
                 108 COUNT = 10 CLK = 0 RESET = 1 LOAD = 0 ENABLE = 1 DATA = 				0c
                 110 COUNT = 11 CLK = 1 RESET = 1 LOAD = 0 ENABLE = 1 DATA = 				0c
                 112 COUNT = 11 CLK = 0 RESET = 1 LOAD = 0 ENABLE = 1 DATA = 				0c
                 114 COUNT = 12 CLK = 1 RESET = 1 LOAD = 0 ENABLE = 1 DATA = 				0c
                 116 COUNT = 12 CLK = 0 RESET = 1 LOAD = 0 ENABLE = 1 DATA = 				0c
                 118 COUNT = 13 CLK = 1 RESET = 1 LOAD = 0 ENABLE = 1 DATA = 				0c
                 120 COUNT = 13 CLK = 0 RESET = 1 LOAD = 0 ENABLE = 1 DATA = 				0c
                 122 COUNT = 14 CLK = 1 RESET = 1 LOAD = 0 ENABLE = 1 DATA = 				0c
                 124 COUNT = 14 CLK = 0 RESET = 1 LOAD = 0 ENABLE = 1 DATA = 				0c
                 126 COUNT = 15 CLK = 1 RESET = 1 LOAD = 0 ENABLE = 1 DATA = 				0c
                 128 COUNT = 15 CLK = 0 RESET = 1 LOAD = 0 ENABLE = 1 DATA = 				0c
                 130 COUNT = 16 CLK = 1 RESET = 1 LOAD = 0 ENABLE = 1 DATA = 				0c
                 132 COUNT = 16 CLK = 0 RESET = 1 LOAD = 0 ENABLE = 1 DATA = 				0c
                 134 COUNT = 17 CLK = 1 RESET = 1 LOAD = 0 ENABLE = 1 DATA = 				0c
                 136 COUNT = 17 CLK = 0 RESET = 1 LOAD = 0 ENABLE = 1 DATA = 				0c
                 138 COUNT = 18 CLK = 1 RESET = 1 LOAD = 0 ENABLE = 1 DATA = 				0c
                 140 COUNT = 18 CLK = 0 RESET = 1 LOAD = 0 ENABLE = 1 DATA = 				0c
                 142 COUNT = 19 CLK = 1 RESET = 1 LOAD = 0 ENABLE = 1 DATA = 				0c
                 144 COUNT = 19 CLK = 0 RESET = 1 LOAD = 0 ENABLE = 1 DATA = 				0c
                 146 COUNT = 1a CLK = 1 RESET = 1 LOAD = 0 ENABLE = 1 DATA = 				0c
                 148 COUNT = 1a CLK = 0 RESET = 1 LOAD = 0 ENABLE = 1 DATA = 				0c
                 150 COUNT = 1b CLK = 1 RESET = 1 LOAD = 0 ENABLE = 1 DATA = 				0c
                 152 COUNT = 1b CLK = 0 RESET = 1 LOAD = 0 ENABLE = 1 DATA = 				0c
                 154 COUNT = 1c CLK = 1 RESET = 1 LOAD = 0 ENABLE = 1 DATA = 				0c
                 156 COUNT = 1c CLK = 0 RESET = 1 LOAD = 0 ENABLE = 1 DATA = 				0c
                 158 COUNT = 1d CLK = 1 RESET = 1 LOAD = 0 ENABLE = 1 DATA = 				0c
                 160 COUNT = 1d CLK = 0 RESET = 1 LOAD = 0 ENABLE = 1 DATA = 				0c
                 162 COUNT = 1e CLK = 1 RESET = 1 LOAD = 0 ENABLE = 1 DATA = 				0c
                 164 COUNT = 1e CLK = 0 RESET = 1 LOAD = 0 ENABLE = 1 DATA = 				0c
                 166 COUNT = 1f CLK = 1 RESET = 1 LOAD = 0 ENABLE = 1 DATA = 				0c
                 168 COUNT = 1f CLK = 0 RESET = 1 LOAD = 0 ENABLE = 1 DATA = 				0c
                 170 COUNT = 20 CLK = 1 RESET = 1 LOAD = 0 ENABLE = 1 DATA = 				0c
                 172 COUNT = 20 CLK = 0 RESET = 1 LOAD = 0 ENABLE = 1 DATA = 				0c
                 174 COUNT = 21 CLK = 1 RESET = 1 LOAD = 0 ENABLE = 1 DATA = 				0c
                 176 COUNT = 21 CLK = 0 RESET = 1 LOAD = 0 ENABLE = 1 DATA = 				0c
                 178 COUNT = 22 CLK = 1 RESET = 1 LOAD = 0 ENABLE = 1 DATA = 				0c
                 180 COUNT = 22 CLK = 0 RESET = 1 LOAD = 0 ENABLE = 1 DATA = 				0c
                 182 COUNT = 23 CLK = 1 RESET = 1 LOAD = 0 ENABLE = 1 DATA = 				0c
                 184 COUNT = 23 CLK = 0 RESET = 1 LOAD = 0 ENABLE = 1 DATA = 				0c
                 186 COUNT = 24 CLK = 1 RESET = 1 LOAD = 0 ENABLE = 1 DATA = 				0c
                 188 COUNT = 24 CLK = 0 RESET = 1 LOAD = 0 ENABLE = 1 DATA = 				0c
                 190 COUNT = 25 CLK = 1 RESET = 1 LOAD = 0 ENABLE = 1 DATA = 				0c
                 192 COUNT = 25 CLK = 0 RESET = 1 LOAD = 0 ENABLE = 1 DATA = 				0c
                 194 COUNT = 26 CLK = 1 RESET = 1 LOAD = 0 ENABLE = 1 DATA = 				0c
                 196 COUNT = 26 CLK = 0 RESET = 1 LOAD = 0 ENABLE = 1 DATA = 				0c
                 198 COUNT = 27 CLK = 1 RESET = 1 LOAD = 0 ENABLE = 1 DATA = 				0c
                 200 COUNT = 27 CLK = 0 RESET = 1 LOAD = 0 ENABLE = 1 DATA = 				0c
                 202 COUNT = 28 CLK = 1 RESET = 1 LOAD = 0 ENABLE = 1 DATA = 				0c
                 204 COUNT = 28 CLK = 0 RESET = 1 LOAD = 0 ENABLE = 1 DATA = 				0c
                 206 COUNT = 29 CLK = 1 RESET = 1 LOAD = 0 ENABLE = 1 DATA = 				0c
                 208 COUNT = 29 CLK = 0 RESET = 1 LOAD = 0 ENABLE = 1 DATA = 				0c
                 210 COUNT = 2a CLK = 1 RESET = 1 LOAD = 0 ENABLE = 1 DATA = 				0c
                 212 COUNT = 2a CLK = 0 RESET = 1 LOAD = 0 ENABLE = 1 DATA = 				0c
                 214 COUNT = 2b CLK = 1 RESET = 1 LOAD = 0 ENABLE = 1 DATA = 				0c
                 216 COUNT = 2b CLK = 0 RESET = 1 LOAD = 0 ENABLE = 1 DATA = 				0c
                 218 COUNT = 2c CLK = 1 RESET = 1 LOAD = 0 ENABLE = 1 DATA = 				0c
                 220 COUNT = 2c CLK = 0 RESET = 1 LOAD = 0 ENABLE = 1 DATA = 				0c
                 222 COUNT = 2d CLK = 1 RESET = 1 LOAD = 0 ENABLE = 1 DATA = 				0c
                 224 COUNT = 2d CLK = 0 RESET = 1 LOAD = 0 ENABLE = 1 DATA = 				0c
                 226 COUNT = 2e CLK = 1 RESET = 1 LOAD = 0 ENABLE = 1 DATA = 				0c
                 228 COUNT = 2e CLK = 0 RESET = 1 LOAD = 0 ENABLE = 1 DATA = 				0c
                 230 COUNT = 2f CLK = 1 RESET = 1 LOAD = 0 ENABLE = 1 DATA = 				0c
                 232 COUNT = 2f CLK = 0 RESET = 1 LOAD = 0 ENABLE = 1 DATA = 				0c
                 234 COUNT = 30 CLK = 1 RESET = 1 LOAD = 0 ENABLE = 1 DATA = 				0c
                 236 COUNT = 30 CLK = 0 RESET = 1 LOAD = 0 ENABLE = 1 DATA = 				0c
                 238 COUNT = 31 CLK = 1 RESET = 1 LOAD = 0 ENABLE = 1 DATA = 				0c
                 240 COUNT = 31 CLK = 0 RESET = 1 LOAD = 0 ENABLE = 1 DATA = 				0c
                 242 COUNT = 32 CLK = 1 RESET = 1 LOAD = 0 ENABLE = 1 DATA = 				0c
                 244 COUNT = 32 CLK = 0 RESET = 1 LOAD = 0 ENABLE = 1 DATA = 				0c
                 246 COUNT = 33 CLK = 1 RESET = 1 LOAD = 0 ENABLE = 1 DATA = 				0c
                 248 COUNT = 33 CLK = 0 RESET = 1 LOAD = 0 ENABLE = 1 DATA = 				0c
                 250 COUNT = 34 CLK = 1 RESET = 1 LOAD = 0 ENABLE = 1 DATA = 				0c
                 252 COUNT = 34 CLK = 0 RESET = 1 LOAD = 0 ENABLE = 1 DATA = 				0c
                 254 COUNT = 35 CLK = 1 RESET = 1 LOAD = 0 ENABLE = 1 DATA = 				0c
                 256 COUNT = 35 CLK = 0 RESET = 1 LOAD = 0 ENABLE = 1 DATA = 				0c
                 258 COUNT = 36 CLK = 1 RESET = 1 LOAD = 0 ENABLE = 1 DATA = 				0c
                 260 COUNT = 36 CLK = 0 RESET = 1 LOAD = 0 ENABLE = 1 DATA = 				0c
                 262 COUNT = 37 CLK = 1 RESET = 1 LOAD = 0 ENABLE = 1 DATA = 				0c
                 264 COUNT = 37 CLK = 0 RESET = 1 LOAD = 0 ENABLE = 1 DATA = 				0c
                 266 COUNT = 38 CLK = 1 RESET = 1 LOAD = 0 ENABLE = 1 DATA = 				0c
                 268 COUNT = 38 CLK = 0 RESET = 1 LOAD = 0 ENABLE = 1 DATA = 				0c
                 270 COUNT = 39 CLK = 1 RESET = 1 LOAD = 0 ENABLE = 1 DATA = 				0c
                 272 COUNT = 39 CLK = 0 RESET = 1 LOAD = 0 ENABLE = 1 DATA = 				0c
                 274 COUNT = 3a CLK = 1 RESET = 1 LOAD = 0 ENABLE = 1 DATA = 				0c
                 276 COUNT = 3a CLK = 0 RESET = 1 LOAD = 0 ENABLE = 1 DATA = 				0c
                 278 COUNT = 3b CLK = 1 RESET = 1 LOAD = 0 ENABLE = 1 DATA = 				0c
                 280 COUNT = 3b CLK = 0 RESET = 1 LOAD = 0 ENABLE = 1 DATA = 				0c
                 282 COUNT = 3c CLK = 1 RESET = 1 LOAD = 0 ENABLE = 1 DATA = 				0c
                 284 COUNT = 3c CLK = 0 RESET = 1 LOAD = 0 ENABLE = 1 DATA = 				0c
                 286 COUNT = 3d CLK = 1 RESET = 1 LOAD = 0 ENABLE = 1 DATA = 				0c
                 288 COUNT = 3d CLK = 0 RESET = 1 LOAD = 0 ENABLE = 1 DATA = 				0c
                 290 COUNT = 3e CLK = 1 RESET = 1 LOAD = 0 ENABLE = 1 DATA = 				0c
                 292 COUNT = 3e CLK = 0 RESET = 1 LOAD = 0 ENABLE = 1 DATA = 				0c
                 294 COUNT = 3f CLK = 1 RESET = 1 LOAD = 0 ENABLE = 1 DATA = 				0c
                 296 COUNT = 3f CLK = 0 RESET = 1 LOAD = 0 ENABLE = 1 DATA = 				0c
                 298 COUNT = 40 CLK = 1 RESET = 1 LOAD = 0 ENABLE = 1 DATA = 				0c
                 300 COUNT = 40 CLK = 0 RESET = 1 LOAD = 0 ENABLE = 1 DATA = 				0c
                 302 COUNT = 41 CLK = 1 RESET = 1 LOAD = 0 ENABLE = 1 DATA = 				0c
                 304 COUNT = 41 CLK = 0 RESET = 1 LOAD = 0 ENABLE = 1 DATA = 				0c
                 306 COUNT = 42 CLK = 1 RESET = 1 LOAD = 0 ENABLE = 1 DATA = 				0c
                 308 COUNT = 42 CLK = 0 RESET = 1 LOAD = 0 ENABLE = 1 DATA = 				0c
                 310 COUNT = 43 CLK = 1 RESET = 1 LOAD = 0 ENABLE = 1 DATA = 				0c
                 312 COUNT = 43 CLK = 0 RESET = 1 LOAD = 0 ENABLE = 1 DATA = 				0c
                 314 COUNT = 44 CLK = 1 RESET = 1 LOAD = 0 ENABLE = 1 DATA = 				0c
                 316 COUNT = 44 CLK = 0 RESET = 1 LOAD = 0 ENABLE = 1 DATA = 				0c
                 318 COUNT = 45 CLK = 1 RESET = 1 LOAD = 0 ENABLE = 1 DATA = 				0c
                 320 COUNT = 45 CLK = 0 RESET = 1 LOAD = 0 ENABLE = 1 DATA = 				0c
                 322 COUNT = 46 CLK = 1 RESET = 1 LOAD = 0 ENABLE = 1 DATA = 				0c
                 324 COUNT = 46 CLK = 0 RESET = 1 LOAD = 0 ENABLE = 1 DATA = 				0c
                 326 COUNT = 47 CLK = 1 RESET = 1 LOAD = 0 ENABLE = 1 DATA = 				0c
                 328 COUNT = 47 CLK = 0 RESET = 1 LOAD = 0 ENABLE = 1 DATA = 				0c
                 330 COUNT = 48 CLK = 1 RESET = 1 LOAD = 0 ENABLE = 1 DATA = 				0c
                 332 COUNT = 48 CLK = 0 RESET = 1 LOAD = 0 ENABLE = 1 DATA = 				0c
                 334 COUNT = 49 CLK = 1 RESET = 1 LOAD = 0 ENABLE = 1 DATA = 				0c
                 336 COUNT = 49 CLK = 0 RESET = 1 LOAD = 0 ENABLE = 1 DATA = 				0c
                 338 COUNT = 4a CLK = 1 RESET = 1 LOAD = 0 ENABLE = 1 DATA = 				0c
                 340 COUNT = 4a CLK = 0 RESET = 1 LOAD = 0 ENABLE = 1 DATA = 				0c
                 342 COUNT = 4b CLK = 1 RESET = 1 LOAD = 0 ENABLE = 1 DATA = 				0c
                 344 COUNT = 4b CLK = 0 RESET = 1 LOAD = 0 ENABLE = 1 DATA = 				0c
                 346 COUNT = 4c CLK = 1 RESET = 1 LOAD = 0 ENABLE = 1 DATA = 				0c
                 348 COUNT = 4c CLK = 0 RESET = 1 LOAD = 0 ENABLE = 1 DATA = 				0c
                 350 COUNT = 4d CLK = 1 RESET = 1 LOAD = 0 ENABLE = 1 DATA = 				0c
                 352 COUNT = 4d CLK = 0 RESET = 1 LOAD = 0 ENABLE = 1 DATA = 				0c
                 354 COUNT = 4e CLK = 1 RESET = 1 LOAD = 0 ENABLE = 1 DATA = 				0c
                 356 COUNT = 4e CLK = 0 RESET = 1 LOAD = 0 ENABLE = 1 DATA = 				0c
                 358 COUNT = 4f CLK = 1 RESET = 1 LOAD = 0 ENABLE = 1 DATA = 				0c
                 360 COUNT = 4f CLK = 0 RESET = 1 LOAD = 0 ENABLE = 1 DATA = 				0c
                 362 COUNT = 50 CLK = 1 RESET = 1 LOAD = 0 ENABLE = 1 DATA = 				0c
                 364 COUNT = 50 CLK = 0 RESET = 1 LOAD = 0 ENABLE = 1 DATA = 				0c
                 366 COUNT = 51 CLK = 1 RESET = 1 LOAD = 0 ENABLE = 1 DATA = 				0c
                 368 COUNT = 51 CLK = 0 RESET = 1 LOAD = 0 ENABLE = 1 DATA = 				0c
                 370 COUNT = 52 CLK = 1 RESET = 1 LOAD = 0 ENABLE = 1 DATA = 				0c
                 372 COUNT = 52 CLK = 0 RESET = 1 LOAD = 0 ENABLE = 1 DATA = 				0c
                 374 COUNT = 53 CLK = 1 RESET = 1 LOAD = 0 ENABLE = 1 DATA = 				0c
                 376 COUNT = 53 CLK = 0 RESET = 1 LOAD = 0 ENABLE = 1 DATA = 				0c
                 378 COUNT = 54 CLK = 1 RESET = 1 LOAD = 0 ENABLE = 1 DATA = 				0c
                 380 COUNT = 54 CLK = 0 RESET = 1 LOAD = 0 ENABLE = 1 DATA = 				0c
                 382 COUNT = 55 CLK = 1 RESET = 1 LOAD = 0 ENABLE = 1 DATA = 				0c
                 384 COUNT = 55 CLK = 0 RESET = 1 LOAD = 0 ENABLE = 1 DATA = 				0c
                 386 COUNT = 56 CLK = 1 RESET = 1 LOAD = 0 ENABLE = 1 DATA = 				0c
                 388 COUNT = 56 CLK = 0 RESET = 1 LOAD = 0 ENABLE = 1 DATA = 				0c
                 390 COUNT = 57 CLK = 1 RESET = 1 LOAD = 0 ENABLE = 1 DATA = 				0c
                 392 COUNT = 57 CLK = 0 RESET = 1 LOAD = 0 ENABLE = 1 DATA = 				0c
                 394 COUNT = 58 CLK = 1 RESET = 1 LOAD = 0 ENABLE = 1 DATA = 				0c
                 396 COUNT = 58 CLK = 0 RESET = 1 LOAD = 0 ENABLE = 1 DATA = 				0c
                 398 COUNT = 59 CLK = 1 RESET = 1 LOAD = 0 ENABLE = 1 DATA = 				0c
                 400 COUNT = 59 CLK = 0 RESET = 1 LOAD = 0 ENABLE = 1 DATA = 				0c
                 402 COUNT = 5a CLK = 1 RESET = 1 LOAD = 0 ENABLE = 1 DATA = 				0c
                 404 COUNT = 5a CLK = 0 RESET = 1 LOAD = 0 ENABLE = 1 DATA = 				0c
                 406 COUNT = 5b CLK = 1 RESET = 1 LOAD = 0 ENABLE = 1 DATA = 				0c
                 408 COUNT = 5b CLK = 0 RESET = 1 LOAD = 0 ENABLE = 1 DATA = 				0c
                 410 COUNT = 5c CLK = 1 RESET = 1 LOAD = 0 ENABLE = 1 DATA = 				0c
                 412 COUNT = 5c CLK = 0 RESET = 1 LOAD = 0 ENABLE = 1 DATA = 				0c
                 414 COUNT = 5d CLK = 1 RESET = 1 LOAD = 0 ENABLE = 1 DATA = 				0c
                 416 COUNT = 5d CLK = 0 RESET = 1 LOAD = 0 ENABLE = 1 DATA = 				0c
                 418 COUNT = 5e CLK = 1 RESET = 1 LOAD = 0 ENABLE = 1 DATA = 				0c
                 420 COUNT = 5e CLK = 0 RESET = 1 LOAD = 0 ENABLE = 1 DATA = 				0c
                 422 COUNT = 5f CLK = 1 RESET = 1 LOAD = 0 ENABLE = 1 DATA = 				0c
                 424 COUNT = 5f CLK = 0 RESET = 1 LOAD = 0 ENABLE = 1 DATA = 				0c
                 426 COUNT = 60 CLK = 1 RESET = 1 LOAD = 0 ENABLE = 1 DATA = 				0c
                 428 COUNT = 60 CLK = 0 RESET = 1 LOAD = 0 ENABLE = 1 DATA = 				0c
                 430 COUNT = 61 CLK = 1 RESET = 1 LOAD = 0 ENABLE = 1 DATA = 				0c
                 432 COUNT = 61 CLK = 0 RESET = 1 LOAD = 0 ENABLE = 1 DATA = 				0c
                 434 COUNT = 62 CLK = 1 RESET = 1 LOAD = 0 ENABLE = 1 DATA = 				0c
                 436 COUNT = 62 CLK = 0 RESET = 1 LOAD = 0 ENABLE = 1 DATA = 				0c
                 438 COUNT = 63 CLK = 1 RESET = 1 LOAD = 0 ENABLE = 1 DATA = 				0c
                 440 COUNT = 63 CLK = 0 RESET = 1 LOAD = 0 ENABLE = 1 DATA = 				0c
                 442 COUNT = 64 CLK = 1 RESET = 1 LOAD = 0 ENABLE = 1 DATA = 				0c
                 444 COUNT = 64 CLK = 0 RESET = 1 LOAD = 0 ENABLE = 1 DATA = 				0c
                 446 COUNT = 65 CLK = 1 RESET = 1 LOAD = 0 ENABLE = 1 DATA = 				0c
                 448 COUNT = 65 CLK = 0 RESET = 1 LOAD = 0 ENABLE = 1 DATA = 				0c
                 450 COUNT = 66 CLK = 1 RESET = 1 LOAD = 0 ENABLE = 1 DATA = 				0c
                 452 COUNT = 66 CLK = 0 RESET = 1 LOAD = 0 ENABLE = 1 DATA = 				0c
                 454 COUNT = 67 CLK = 1 RESET = 1 LOAD = 0 ENABLE = 1 DATA = 				0c
                 456 COUNT = 67 CLK = 0 RESET = 1 LOAD = 0 ENABLE = 1 DATA = 				0c
                 458 COUNT = 68 CLK = 1 RESET = 1 LOAD = 0 ENABLE = 1 DATA = 				0c
                 460 COUNT = 68 CLK = 0 RESET = 1 LOAD = 0 ENABLE = 1 DATA = 				0c
                 462 COUNT = 69 CLK = 1 RESET = 1 LOAD = 0 ENABLE = 1 DATA = 				0c
                 464 COUNT = 69 CLK = 0 RESET = 1 LOAD = 0 ENABLE = 1 DATA = 				0c
                 466 COUNT = 6a CLK = 1 RESET = 1 LOAD = 0 ENABLE = 1 DATA = 				0c
                 468 COUNT = 6a CLK = 0 RESET = 1 LOAD = 0 ENABLE = 1 DATA = 				0c
                 470 COUNT = 6b CLK = 1 RESET = 1 LOAD = 0 ENABLE = 1 DATA = 				0c
                 472 COUNT = 6b CLK = 0 RESET = 1 LOAD = 0 ENABLE = 1 DATA = 				0c
                 474 COUNT = 6c CLK = 1 RESET = 1 LOAD = 0 ENABLE = 1 DATA = 				0c
                 476 COUNT = 6c CLK = 0 RESET = 1 LOAD = 0 ENABLE = 1 DATA = 				0c
                 478 COUNT = 6d CLK = 1 RESET = 1 LOAD = 0 ENABLE = 1 DATA = 				0c
                 480 COUNT = 6d CLK = 0 RESET = 1 LOAD = 0 ENABLE = 1 DATA = 				0c
                 482 COUNT = 6e CLK = 1 RESET = 1 LOAD = 0 ENABLE = 1 DATA = 				0c
                 484 COUNT = 6e CLK = 0 RESET = 1 LOAD = 0 ENABLE = 1 DATA = 				0c
                 486 COUNT = 6f CLK = 1 RESET = 1 LOAD = 0 ENABLE = 1 DATA = 				0c
                 488 COUNT = 6f CLK = 0 RESET = 1 LOAD = 0 ENABLE = 1 DATA = 				0c
                 490 COUNT = 70 CLK = 1 RESET = 1 LOAD = 0 ENABLE = 1 DATA = 				0c
                 492 COUNT = 70 CLK = 0 RESET = 1 LOAD = 0 ENABLE = 1 DATA = 				0c
                 494 COUNT = 71 CLK = 1 RESET = 1 LOAD = 0 ENABLE = 1 DATA = 				0c
                 496 COUNT = 71 CLK = 0 RESET = 1 LOAD = 0 ENABLE = 1 DATA = 				0c
                 498 COUNT = 72 CLK = 1 RESET = 1 LOAD = 0 ENABLE = 1 DATA = 				0c
                 500 COUNT = 72 CLK = 0 RESET = 1 LOAD = 0 ENABLE = 1 DATA = 				0c
                 502 COUNT = 73 CLK = 1 RESET = 1 LOAD = 0 ENABLE = 1 DATA = 				0c
                 504 COUNT = 73 CLK = 0 RESET = 1 LOAD = 0 ENABLE = 1 DATA = 				0c
                 506 COUNT = 74 CLK = 1 RESET = 1 LOAD = 0 ENABLE = 1 DATA = 				0c
                 508 COUNT = 74 CLK = 0 RESET = 1 LOAD = 0 ENABLE = 1 DATA = 				0c
                 510 COUNT = 75 CLK = 1 RESET = 1 LOAD = 0 ENABLE = 1 DATA = 				0c
                 512 COUNT = 75 CLK = 0 RESET = 1 LOAD = 0 ENABLE = 1 DATA = 				0c
                 514 COUNT = 76 CLK = 1 RESET = 1 LOAD = 0 ENABLE = 1 DATA = 				0c
                 516 COUNT = 76 CLK = 0 RESET = 1 LOAD = 0 ENABLE = 1 DATA = 				0c
                 518 COUNT = 77 CLK = 1 RESET = 1 LOAD = 0 ENABLE = 1 DATA = 				0c
                 520 COUNT = 77 CLK = 0 RESET = 1 LOAD = 0 ENABLE = 1 DATA = 				0c
                 522 COUNT = 78 CLK = 1 RESET = 1 LOAD = 0 ENABLE = 1 DATA = 				0c
                 524 COUNT = 78 CLK = 0 RESET = 1 LOAD = 0 ENABLE = 1 DATA = 				0c
                 526 COUNT = 79 CLK = 1 RESET = 1 LOAD = 0 ENABLE = 1 DATA = 				0c
                 528 COUNT = 79 CLK = 0 RESET = 1 LOAD = 0 ENABLE = 1 DATA = 				0c
                 530 COUNT = 7a CLK = 1 RESET = 1 LOAD = 0 ENABLE = 1 DATA = 				0c
                 532 COUNT = 7a CLK = 0 RESET = 1 LOAD = 0 ENABLE = 1 DATA = 				0c
                 534 COUNT = 7b CLK = 1 RESET = 1 LOAD = 0 ENABLE = 1 DATA = 				0c
                 536 COUNT = 7b CLK = 0 RESET = 1 LOAD = 0 ENABLE = 1 DATA = 				0c
                 538 COUNT = 7c CLK = 1 RESET = 1 LOAD = 0 ENABLE = 1 DATA = 				0c
                 540 COUNT = 7c CLK = 0 RESET = 1 LOAD = 0 ENABLE = 1 DATA = 				0c
                 542 COUNT = 7d CLK = 1 RESET = 1 LOAD = 0 ENABLE = 1 DATA = 				0c
                 544 COUNT = 7d CLK = 0 RESET = 1 LOAD = 0 ENABLE = 1 DATA = 				0c
                 546 COUNT = 7e CLK = 1 RESET = 1 LOAD = 0 ENABLE = 1 DATA = 				0c
                 548 COUNT = 7e CLK = 0 RESET = 1 LOAD = 0 ENABLE = 1 DATA = 				0c
                 550 COUNT = 7f CLK = 1 RESET = 1 LOAD = 0 ENABLE = 1 DATA = 				0c
                 552 COUNT = 7f CLK = 0 RESET = 1 LOAD = 0 ENABLE = 1 DATA = 				0c
                 554 COUNT = 80 CLK = 1 RESET = 1 LOAD = 0 ENABLE = 1 DATA = 				0c
                 556 COUNT = 80 CLK = 0 RESET = 1 LOAD = 0 ENABLE = 1 DATA = 				0c
                 558 COUNT = 81 CLK = 1 RESET = 1 LOAD = 0 ENABLE = 1 DATA = 				0c
                 560 COUNT = 81 CLK = 0 RESET = 1 LOAD = 0 ENABLE = 1 DATA = 				0c
                 562 COUNT = 82 CLK = 1 RESET = 1 LOAD = 0 ENABLE = 1 DATA = 				0c
                 564 COUNT = 82 CLK = 0 RESET = 1 LOAD = 0 ENABLE = 1 DATA = 				0c
                 566 COUNT = 83 CLK = 1 RESET = 1 LOAD = 0 ENABLE = 1 DATA = 				0c
                 568 COUNT = 83 CLK = 0 RESET = 1 LOAD = 0 ENABLE = 1 DATA = 				0c
                 570 COUNT = 84 CLK = 1 RESET = 1 LOAD = 0 ENABLE = 1 DATA = 				0c
                 572 COUNT = 84 CLK = 0 RESET = 1 LOAD = 0 ENABLE = 1 DATA = 				0c
                 574 COUNT = 85 CLK = 1 RESET = 1 LOAD = 0 ENABLE = 1 DATA = 				0c
                 576 COUNT = 85 CLK = 0 RESET = 1 LOAD = 0 ENABLE = 1 DATA = 				0c
                 578 COUNT = 86 CLK = 1 RESET = 1 LOAD = 0 ENABLE = 1 DATA = 				0c
                 580 COUNT = 86 CLK = 0 RESET = 1 LOAD = 0 ENABLE = 1 DATA = 				0c
                 582 COUNT = 87 CLK = 1 RESET = 1 LOAD = 0 ENABLE = 1 DATA = 				0c
                 584 COUNT = 87 CLK = 0 RESET = 1 LOAD = 0 ENABLE = 1 DATA = 				0c
                 586 COUNT = 88 CLK = 1 RESET = 1 LOAD = 0 ENABLE = 1 DATA = 				0c
                 588 COUNT = 88 CLK = 0 RESET = 1 LOAD = 0 ENABLE = 1 DATA = 				0c
                 590 COUNT = 89 CLK = 1 RESET = 1 LOAD = 0 ENABLE = 1 DATA = 				0c
                 592 COUNT = 89 CLK = 0 RESET = 1 LOAD = 0 ENABLE = 1 DATA = 				0c
                 594 COUNT = 8a CLK = 1 RESET = 1 LOAD = 0 ENABLE = 1 DATA = 				0c
                 596 COUNT = 8a CLK = 0 RESET = 1 LOAD = 0 ENABLE = 1 DATA = 				0c
                 598 COUNT = 8b CLK = 1 RESET = 1 LOAD = 0 ENABLE = 1 DATA = 				0c
                 600 COUNT = 8b CLK = 0 RESET = 1 LOAD = 0 ENABLE = 1 DATA = 				0c
                 602 COUNT = 8c CLK = 1 RESET = 1 LOAD = 0 ENABLE = 1 DATA = 				0c
                 604 COUNT = 8c CLK = 0 RESET = 1 LOAD = 0 ENABLE = 1 DATA = 				0c
                 606 COUNT = 8d CLK = 1 RESET = 1 LOAD = 0 ENABLE = 1 DATA = 				0c
                 608 COUNT = 8d CLK = 0 RESET = 1 LOAD = 0 ENABLE = 1 DATA = 				0c
                 610 COUNT = 8e CLK = 1 RESET = 1 LOAD = 0 ENABLE = 1 DATA = 				0c
                 612 COUNT = 8e CLK = 0 RESET = 1 LOAD = 0 ENABLE = 1 DATA = 				0c
                 614 COUNT = 8f CLK = 1 RESET = 1 LOAD = 0 ENABLE = 1 DATA = 				0c
                 616 COUNT = 8f CLK = 0 RESET = 1 LOAD = 0 ENABLE = 1 DATA = 				0c
                 618 COUNT = 90 CLK = 1 RESET = 1 LOAD = 0 ENABLE = 1 DATA = 				0c
                 620 COUNT = 90 CLK = 0 RESET = 1 LOAD = 0 ENABLE = 1 DATA = 				0c
                 622 COUNT = 91 CLK = 1 RESET = 1 LOAD = 0 ENABLE = 1 DATA = 				0c
                 624 COUNT = 91 CLK = 0 RESET = 1 LOAD = 0 ENABLE = 1 DATA = 				0c
                 626 COUNT = 92 CLK = 1 RESET = 1 LOAD = 0 ENABLE = 1 DATA = 				0c
                 628 COUNT = 92 CLK = 0 RESET = 1 LOAD = 0 ENABLE = 1 DATA = 				0c
                 630 COUNT = 93 CLK = 1 RESET = 1 LOAD = 0 ENABLE = 1 DATA = 				0c
                 632 COUNT = 93 CLK = 0 RESET = 1 LOAD = 0 ENABLE = 1 DATA = 				0c
                 634 COUNT = 94 CLK = 1 RESET = 1 LOAD = 0 ENABLE = 1 DATA = 				0c
                 636 COUNT = 94 CLK = 0 RESET = 1 LOAD = 0 ENABLE = 1 DATA = 				0c
                 638 COUNT = 95 CLK = 1 RESET = 1 LOAD = 0 ENABLE = 1 DATA = 				0c
                 640 COUNT = 95 CLK = 0 RESET = 1 LOAD = 0 ENABLE = 1 DATA = 				0c
                 642 COUNT = 96 CLK = 1 RESET = 1 LOAD = 0 ENABLE = 1 DATA = 				0c
                 644 COUNT = 96 CLK = 0 RESET = 1 LOAD = 0 ENABLE = 1 DATA = 				0c
                 646 COUNT = 97 CLK = 1 RESET = 1 LOAD = 0 ENABLE = 1 DATA = 				0c
                 648 COUNT = 97 CLK = 0 RESET = 1 LOAD = 0 ENABLE = 1 DATA = 				0c
                 650 COUNT = 98 CLK = 1 RESET = 1 LOAD = 0 ENABLE = 1 DATA = 				0c
                 652 COUNT = 98 CLK = 0 RESET = 1 LOAD = 0 ENABLE = 1 DATA = 				0c
                 654 COUNT = 99 CLK = 1 RESET = 1 LOAD = 0 ENABLE = 1 DATA = 				0c
                 656 COUNT = 99 CLK = 0 RESET = 1 LOAD = 0 ENABLE = 1 DATA = 				0c
                 658 COUNT = 9a CLK = 1 RESET = 1 LOAD = 0 ENABLE = 1 DATA = 				0c
                 660 COUNT = 9a CLK = 0 RESET = 1 LOAD = 0 ENABLE = 1 DATA = 				0c
                 662 COUNT = 9b CLK = 1 RESET = 1 LOAD = 0 ENABLE = 1 DATA = 				0c
                 664 COUNT = 9b CLK = 0 RESET = 1 LOAD = 0 ENABLE = 1 DATA = 				0c
                 666 COUNT = 9c CLK = 1 RESET = 1 LOAD = 0 ENABLE = 1 DATA = 				0c
                 668 COUNT = 9c CLK = 0 RESET = 1 LOAD = 0 ENABLE = 1 DATA = 				0c
                 670 COUNT = 9d CLK = 1 RESET = 1 LOAD = 0 ENABLE = 1 DATA = 				0c
                 672 COUNT = 9d CLK = 0 RESET = 1 LOAD = 0 ENABLE = 1 DATA = 				0c
                 674 COUNT = 9e CLK = 1 RESET = 1 LOAD = 0 ENABLE = 1 DATA = 				0c
                 676 COUNT = 9e CLK = 0 RESET = 1 LOAD = 0 ENABLE = 1 DATA = 				0c
                 678 COUNT = 9f CLK = 1 RESET = 1 LOAD = 0 ENABLE = 1 DATA = 				0c
                 680 COUNT = 9f CLK = 0 RESET = 1 LOAD = 0 ENABLE = 1 DATA = 				0c
                 682 COUNT = a0 CLK = 1 RESET = 1 LOAD = 0 ENABLE = 1 DATA = 				0c
                 684 COUNT = a0 CLK = 0 RESET = 1 LOAD = 0 ENABLE = 1 DATA = 				0c
                 686 COUNT = a1 CLK = 1 RESET = 1 LOAD = 0 ENABLE = 1 DATA = 				0c
                 688 COUNT = a1 CLK = 0 RESET = 1 LOAD = 0 ENABLE = 1 DATA = 				0c
                 690 COUNT = a2 CLK = 1 RESET = 1 LOAD = 0 ENABLE = 1 DATA = 				0c
                 692 COUNT = a2 CLK = 0 RESET = 1 LOAD = 0 ENABLE = 1 DATA = 				0c
                 694 COUNT = a3 CLK = 1 RESET = 1 LOAD = 0 ENABLE = 1 DATA = 				0c
                 696 COUNT = a3 CLK = 0 RESET = 1 LOAD = 0 ENABLE = 1 DATA = 				0c
                 698 COUNT = a4 CLK = 1 RESET = 1 LOAD = 0 ENABLE = 1 DATA = 				0c
                 700 COUNT = a4 CLK = 0 RESET = 1 LOAD = 0 ENABLE = 1 DATA = 				0c
                 702 COUNT = a5 CLK = 1 RESET = 1 LOAD = 0 ENABLE = 1 DATA = 				0c
                 704 COUNT = a5 CLK = 0 RESET = 1 LOAD = 0 ENABLE = 1 DATA = 				0c
                 706 COUNT = a6 CLK = 1 RESET = 1 LOAD = 0 ENABLE = 1 DATA = 				0c
                 708 COUNT = a6 CLK = 0 RESET = 1 LOAD = 0 ENABLE = 1 DATA = 				0c
                 710 COUNT = a7 CLK = 1 RESET = 1 LOAD = 0 ENABLE = 1 DATA = 				0c
                 712 COUNT = a7 CLK = 0 RESET = 1 LOAD = 0 ENABLE = 1 DATA = 				0c
                 714 COUNT = a8 CLK = 1 RESET = 1 LOAD = 0 ENABLE = 1 DATA = 				0c
                 716 COUNT = a8 CLK = 0 RESET = 1 LOAD = 0 ENABLE = 1 DATA = 				0c
                 718 COUNT = a9 CLK = 1 RESET = 1 LOAD = 0 ENABLE = 1 DATA = 				0c
                 720 COUNT = a9 CLK = 0 RESET = 1 LOAD = 0 ENABLE = 1 DATA = 				0c
                 722 COUNT = aa CLK = 1 RESET = 1 LOAD = 0 ENABLE = 1 DATA = 				0c
                 724 COUNT = aa CLK = 0 RESET = 1 LOAD = 0 ENABLE = 1 DATA = 				0c
                 726 COUNT = ab CLK = 1 RESET = 1 LOAD = 0 ENABLE = 1 DATA = 				0c
                 728 COUNT = ab CLK = 0 RESET = 1 LOAD = 0 ENABLE = 1 DATA = 				0c
                 730 COUNT = ac CLK = 1 RESET = 1 LOAD = 0 ENABLE = 1 DATA = 				0c
                 732 COUNT = ac CLK = 0 RESET = 1 LOAD = 0 ENABLE = 1 DATA = 				0c
                 734 COUNT = ad CLK = 1 RESET = 1 LOAD = 0 ENABLE = 1 DATA = 				0c
                 736 COUNT = ad CLK = 0 RESET = 1 LOAD = 0 ENABLE = 1 DATA = 				0c
                 738 COUNT = ae CLK = 1 RESET = 1 LOAD = 0 ENABLE = 1 DATA = 				0c
                 740 COUNT = ae CLK = 0 RESET = 1 LOAD = 0 ENABLE = 1 DATA = 				0c
                 742 COUNT = af CLK = 1 RESET = 1 LOAD = 0 ENABLE = 1 DATA = 				0c
                 744 COUNT = af CLK = 0 RESET = 1 LOAD = 0 ENABLE = 1 DATA = 				0c
                 746 COUNT = b0 CLK = 1 RESET = 1 LOAD = 0 ENABLE = 1 DATA = 				0c
                 748 COUNT = b0 CLK = 0 RESET = 1 LOAD = 0 ENABLE = 1 DATA = 				0c
                 750 COUNT = b1 CLK = 1 RESET = 1 LOAD = 0 ENABLE = 1 DATA = 				0c
                 752 COUNT = b1 CLK = 0 RESET = 1 LOAD = 0 ENABLE = 1 DATA = 				0c
                 754 COUNT = b2 CLK = 1 RESET = 1 LOAD = 0 ENABLE = 1 DATA = 				0c
                 756 COUNT = b2 CLK = 0 RESET = 1 LOAD = 0 ENABLE = 1 DATA = 				0c
                 758 COUNT = b3 CLK = 1 RESET = 1 LOAD = 0 ENABLE = 1 DATA = 				0c
                 760 COUNT = b3 CLK = 0 RESET = 1 LOAD = 0 ENABLE = 1 DATA = 				0c
                 762 COUNT = b4 CLK = 1 RESET = 1 LOAD = 0 ENABLE = 1 DATA = 				0c
                 764 COUNT = b4 CLK = 0 RESET = 1 LOAD = 0 ENABLE = 1 DATA = 				0c
                 766 COUNT = b5 CLK = 1 RESET = 1 LOAD = 0 ENABLE = 1 DATA = 				0c
                 768 COUNT = b5 CLK = 0 RESET = 1 LOAD = 0 ENABLE = 1 DATA = 				0c
                 770 COUNT = b6 CLK = 1 RESET = 1 LOAD = 0 ENABLE = 1 DATA = 				0c
                 772 COUNT = b6 CLK = 0 RESET = 1 LOAD = 0 ENABLE = 1 DATA = 				0c
                 774 COUNT = b7 CLK = 1 RESET = 1 LOAD = 0 ENABLE = 1 DATA = 				0c
                 776 COUNT = b7 CLK = 0 RESET = 1 LOAD = 0 ENABLE = 1 DATA = 				0c
                 778 COUNT = b8 CLK = 1 RESET = 1 LOAD = 0 ENABLE = 1 DATA = 				0c
                 780 COUNT = b8 CLK = 0 RESET = 1 LOAD = 0 ENABLE = 1 DATA = 				0c
                 782 COUNT = b9 CLK = 1 RESET = 1 LOAD = 0 ENABLE = 1 DATA = 				0c
                 784 COUNT = b9 CLK = 0 RESET = 1 LOAD = 0 ENABLE = 1 DATA = 				0c
                 786 COUNT = ba CLK = 1 RESET = 1 LOAD = 0 ENABLE = 1 DATA = 				0c
                 788 COUNT = ba CLK = 0 RESET = 1 LOAD = 0 ENABLE = 1 DATA = 				0c
                 790 COUNT = bb CLK = 1 RESET = 1 LOAD = 0 ENABLE = 1 DATA = 				0c
                 792 COUNT = bb CLK = 0 RESET = 1 LOAD = 0 ENABLE = 1 DATA = 				0c
                 794 COUNT = bc CLK = 1 RESET = 1 LOAD = 0 ENABLE = 1 DATA = 				0c
                 796 COUNT = bc CLK = 0 RESET = 1 LOAD = 0 ENABLE = 1 DATA = 				0c
                 798 COUNT = bd CLK = 1 RESET = 1 LOAD = 0 ENABLE = 1 DATA = 				0c
                 800 COUNT = bd CLK = 0 RESET = 1 LOAD = 0 ENABLE = 1 DATA = 				0c
                 802 COUNT = be CLK = 1 RESET = 1 LOAD = 0 ENABLE = 1 DATA = 				0c
                 804 COUNT = be CLK = 0 RESET = 1 LOAD = 0 ENABLE = 1 DATA = 				0c
                 806 COUNT = bf CLK = 1 RESET = 1 LOAD = 0 ENABLE = 1 DATA = 				0c
                 808 COUNT = bf CLK = 0 RESET = 1 LOAD = 0 ENABLE = 1 DATA = 				0c
                 810 COUNT = c0 CLK = 1 RESET = 1 LOAD = 0 ENABLE = 1 DATA = 				0c
                 812 COUNT = c0 CLK = 0 RESET = 1 LOAD = 0 ENABLE = 1 DATA = 				0c
                 814 COUNT = c1 CLK = 1 RESET = 1 LOAD = 0 ENABLE = 1 DATA = 				0c
                 816 COUNT = c1 CLK = 0 RESET = 1 LOAD = 0 ENABLE = 1 DATA = 				0c
                 818 COUNT = c2 CLK = 1 RESET = 1 LOAD = 0 ENABLE = 1 DATA = 				0c
                 820 COUNT = c2 CLK = 0 RESET = 1 LOAD = 0 ENABLE = 1 DATA = 				0c
                 822 COUNT = c3 CLK = 1 RESET = 1 LOAD = 0 ENABLE = 1 DATA = 				0c
                 824 COUNT = c3 CLK = 0 RESET = 1 LOAD = 0 ENABLE = 1 DATA = 				0c
                 826 COUNT = c4 CLK = 1 RESET = 1 LOAD = 0 ENABLE = 1 DATA = 				0c
                 828 COUNT = c4 CLK = 0 RESET = 1 LOAD = 0 ENABLE = 1 DATA = 				0c
                 830 COUNT = c5 CLK = 1 RESET = 1 LOAD = 0 ENABLE = 1 DATA = 				0c
                 832 COUNT = c5 CLK = 0 RESET = 1 LOAD = 0 ENABLE = 1 DATA = 				0c
                 834 COUNT = c6 CLK = 1 RESET = 1 LOAD = 0 ENABLE = 1 DATA = 				0c
                 836 COUNT = c6 CLK = 0 RESET = 1 LOAD = 0 ENABLE = 1 DATA = 				0c
                 838 COUNT = c7 CLK = 1 RESET = 1 LOAD = 0 ENABLE = 1 DATA = 				0c
                 840 COUNT = c7 CLK = 0 RESET = 1 LOAD = 0 ENABLE = 1 DATA = 				0c
                 842 COUNT = c8 CLK = 1 RESET = 1 LOAD = 0 ENABLE = 1 DATA = 				0c
                 844 COUNT = c8 CLK = 0 RESET = 1 LOAD = 0 ENABLE = 1 DATA = 				0c
                 846 COUNT = c9 CLK = 1 RESET = 1 LOAD = 0 ENABLE = 1 DATA = 				0c
                 848 COUNT = c9 CLK = 0 RESET = 1 LOAD = 0 ENABLE = 1 DATA = 				0c
                 850 COUNT = ca CLK = 1 RESET = 1 LOAD = 0 ENABLE = 1 DATA = 				0c
                 852 COUNT = ca CLK = 0 RESET = 1 LOAD = 0 ENABLE = 1 DATA = 				0c
                 854 COUNT = cb CLK = 1 RESET = 1 LOAD = 0 ENABLE = 1 DATA = 				0c
                 856 COUNT = cb CLK = 0 RESET = 1 LOAD = 0 ENABLE = 1 DATA = 				0c
                 858 COUNT = cc CLK = 1 RESET = 1 LOAD = 0 ENABLE = 1 DATA = 				0c
                 860 COUNT = cc CLK = 0 RESET = 1 LOAD = 0 ENABLE = 1 DATA = 				0c
                 862 COUNT = cd CLK = 1 RESET = 1 LOAD = 0 ENABLE = 1 DATA = 				0c
                 864 COUNT = cd CLK = 0 RESET = 1 LOAD = 0 ENABLE = 1 DATA = 				0c
                 866 COUNT = ce CLK = 1 RESET = 1 LOAD = 0 ENABLE = 1 DATA = 				0c
                 868 COUNT = ce CLK = 0 RESET = 1 LOAD = 0 ENABLE = 1 DATA = 				0c
                 870 COUNT = cf CLK = 1 RESET = 1 LOAD = 0 ENABLE = 1 DATA = 				0c
                 872 COUNT = cf CLK = 0 RESET = 1 LOAD = 0 ENABLE = 1 DATA = 				0c
                 874 COUNT = d0 CLK = 1 RESET = 1 LOAD = 0 ENABLE = 1 DATA = 				0c
                 876 COUNT = d0 CLK = 0 RESET = 1 LOAD = 0 ENABLE = 1 DATA = 				0c
                 878 COUNT = d1 CLK = 1 RESET = 1 LOAD = 0 ENABLE = 1 DATA = 				0c
                 880 COUNT = d1 CLK = 0 RESET = 1 LOAD = 0 ENABLE = 1 DATA = 				0c
                 882 COUNT = d2 CLK = 1 RESET = 1 LOAD = 0 ENABLE = 1 DATA = 				0c
                 884 COUNT = d2 CLK = 0 RESET = 1 LOAD = 0 ENABLE = 1 DATA = 				0c
                 886 COUNT = d3 CLK = 1 RESET = 1 LOAD = 0 ENABLE = 1 DATA = 				0c
                 888 COUNT = d3 CLK = 0 RESET = 1 LOAD = 0 ENABLE = 1 DATA = 				0c
                 890 COUNT = d4 CLK = 1 RESET = 1 LOAD = 0 ENABLE = 1 DATA = 				0c
                 892 COUNT = d4 CLK = 0 RESET = 1 LOAD = 0 ENABLE = 1 DATA = 				0c
                 894 COUNT = d5 CLK = 1 RESET = 1 LOAD = 0 ENABLE = 1 DATA = 				0c
                 896 COUNT = d5 CLK = 0 RESET = 1 LOAD = 0 ENABLE = 1 DATA = 				0c
                 898 COUNT = d6 CLK = 1 RESET = 1 LOAD = 0 ENABLE = 1 DATA = 				0c
                 900 COUNT = d6 CLK = 0 RESET = 1 LOAD = 0 ENABLE = 1 DATA = 				0c
                 902 COUNT = d7 CLK = 1 RESET = 1 LOAD = 0 ENABLE = 1 DATA = 				0c
                 904 COUNT = d7 CLK = 0 RESET = 1 LOAD = 0 ENABLE = 1 DATA = 				0c
                 906 COUNT = d8 CLK = 1 RESET = 1 LOAD = 0 ENABLE = 1 DATA = 				0c
                 908 COUNT = d8 CLK = 0 RESET = 1 LOAD = 0 ENABLE = 1 DATA = 				0c
                 910 COUNT = d9 CLK = 1 RESET = 1 LOAD = 0 ENABLE = 1 DATA = 				0c
                 912 COUNT = d9 CLK = 0 RESET = 1 LOAD = 0 ENABLE = 1 DATA = 				0c
                 914 COUNT = da CLK = 1 RESET = 1 LOAD = 0 ENABLE = 1 DATA = 				0c
                 916 COUNT = da CLK = 0 RESET = 1 LOAD = 0 ENABLE = 1 DATA = 				0c
                 918 COUNT = db CLK = 1 RESET = 1 LOAD = 0 ENABLE = 1 DATA = 				0c
                 920 COUNT = db CLK = 0 RESET = 1 LOAD = 0 ENABLE = 1 DATA = 				0c
                 922 COUNT = dc CLK = 1 RESET = 1 LOAD = 0 ENABLE = 1 DATA = 				0c
                 924 COUNT = dc CLK = 0 RESET = 1 LOAD = 0 ENABLE = 1 DATA = 				0c
                 926 COUNT = dd CLK = 1 RESET = 1 LOAD = 0 ENABLE = 1 DATA = 				0c
                 928 COUNT = dd CLK = 0 RESET = 1 LOAD = 0 ENABLE = 1 DATA = 				0c
                 930 COUNT = de CLK = 1 RESET = 1 LOAD = 0 ENABLE = 1 DATA = 				0c
                 932 COUNT = de CLK = 0 RESET = 1 LOAD = 0 ENABLE = 1 DATA = 				0c
                 934 COUNT = df CLK = 1 RESET = 1 LOAD = 0 ENABLE = 1 DATA = 				0c
                 936 COUNT = df CLK = 0 RESET = 1 LOAD = 0 ENABLE = 1 DATA = 				0c
                 938 COUNT = e0 CLK = 1 RESET = 1 LOAD = 0 ENABLE = 1 DATA = 				0c
                 940 COUNT = e0 CLK = 0 RESET = 1 LOAD = 0 ENABLE = 1 DATA = 				0c
                 942 COUNT = e1 CLK = 1 RESET = 1 LOAD = 0 ENABLE = 1 DATA = 				0c
                 944 COUNT = e1 CLK = 0 RESET = 1 LOAD = 0 ENABLE = 1 DATA = 				0c
                 946 COUNT = e2 CLK = 1 RESET = 1 LOAD = 0 ENABLE = 1 DATA = 				0c
                 948 COUNT = e2 CLK = 0 RESET = 1 LOAD = 0 ENABLE = 1 DATA = 				0c
                 950 COUNT = e3 CLK = 1 RESET = 1 LOAD = 0 ENABLE = 1 DATA = 				0c
                 952 COUNT = e3 CLK = 0 RESET = 1 LOAD = 0 ENABLE = 1 DATA = 				0c
                 954 COUNT = e4 CLK = 1 RESET = 1 LOAD = 0 ENABLE = 1 DATA = 				0c
                 956 COUNT = e4 CLK = 0 RESET = 1 LOAD = 0 ENABLE = 1 DATA = 				0c
                 958 COUNT = e5 CLK = 1 RESET = 1 LOAD = 0 ENABLE = 1 DATA = 				0c
                 960 COUNT = e5 CLK = 0 RESET = 1 LOAD = 0 ENABLE = 1 DATA = 				0c
                 962 COUNT = e6 CLK = 1 RESET = 1 LOAD = 0 ENABLE = 1 DATA = 				0c
                 964 COUNT = e6 CLK = 0 RESET = 1 LOAD = 0 ENABLE = 1 DATA = 				0c
                 966 COUNT = e7 CLK = 1 RESET = 1 LOAD = 0 ENABLE = 1 DATA = 				0c
                 968 COUNT = e7 CLK = 0 RESET = 1 LOAD = 0 ENABLE = 1 DATA = 				0c
                 970 COUNT = e8 CLK = 1 RESET = 1 LOAD = 0 ENABLE = 1 DATA = 				0c
                 972 COUNT = e8 CLK = 0 RESET = 1 LOAD = 0 ENABLE = 1 DATA = 				0c
                 974 COUNT = e9 CLK = 1 RESET = 1 LOAD = 0 ENABLE = 1 DATA = 				0c
                 976 COUNT = e9 CLK = 0 RESET = 1 LOAD = 0 ENABLE = 1 DATA = 				0c
                 978 COUNT = ea CLK = 1 RESET = 1 LOAD = 0 ENABLE = 1 DATA = 				0c
                 980 COUNT = ea CLK = 0 RESET = 1 LOAD = 0 ENABLE = 1 DATA = 				0c
                 982 COUNT = eb CLK = 1 RESET = 1 LOAD = 0 ENABLE = 1 DATA = 				0c
                 984 COUNT = eb CLK = 0 RESET = 1 LOAD = 0 ENABLE = 1 DATA = 				0c
                 986 COUNT = ec CLK = 1 RESET = 1 LOAD = 0 ENABLE = 1 DATA = 				0c
                 988 COUNT = ec CLK = 0 RESET = 1 LOAD = 0 ENABLE = 1 DATA = 				0c
                 990 COUNT = ed CLK = 1 RESET = 1 LOAD = 0 ENABLE = 1 DATA = 				0c
                 992 COUNT = ed CLK = 0 RESET = 1 LOAD = 0 ENABLE = 1 DATA = 				0c
                 994 COUNT = ee CLK = 1 RESET = 1 LOAD = 0 ENABLE = 1 DATA = 				0c
                 996 COUNT = ee CLK = 0 RESET = 1 LOAD = 0 ENABLE = 1 DATA = 				0c
                 998 COUNT = ef CLK = 1 RESET = 1 LOAD = 0 ENABLE = 1 DATA = 				0c
                1000 COUNT = ef CLK = 0 RESET = 1 LOAD = 0 ENABLE = 1 DATA = 				0c
                1002 COUNT = f0 CLK = 1 RESET = 1 LOAD = 0 ENABLE = 1 DATA = 				0c
                1004 COUNT = f0 CLK = 0 RESET = 1 LOAD = 0 ENABLE = 1 DATA = 				0c
                1006 COUNT = f1 CLK = 1 RESET = 1 LOAD = 0 ENABLE = 1 DATA = 				0c
                1008 COUNT = f1 CLK = 0 RESET = 1 LOAD = 0 ENABLE = 1 DATA = 				0c
                1010 COUNT = f2 CLK = 1 RESET = 1 LOAD = 0 ENABLE = 1 DATA = 				0c
                1012 COUNT = f2 CLK = 0 RESET = 1 LOAD = 0 ENABLE = 1 DATA = 				0c
                1014 COUNT = f3 CLK = 1 RESET = 1 LOAD = 0 ENABLE = 1 DATA = 				0c
                1016 COUNT = f3 CLK = 0 RESET = 1 LOAD = 0 ENABLE = 1 DATA = 				0c
                1018 COUNT = f4 CLK = 1 RESET = 1 LOAD = 0 ENABLE = 1 DATA = 				0c
                1020 COUNT = f4 CLK = 0 RESET = 1 LOAD = 0 ENABLE = 1 DATA = 				0c
                1022 COUNT = f5 CLK = 1 RESET = 1 LOAD = 0 ENABLE = 1 DATA = 				0c
                1024 COUNT = f5 CLK = 0 RESET = 1 LOAD = 0 ENABLE = 1 DATA = 				0c
                1026 COUNT = f6 CLK = 1 RESET = 1 LOAD = 0 ENABLE = 1 DATA = 				0c
                1028 COUNT = f6 CLK = 0 RESET = 1 LOAD = 0 ENABLE = 1 DATA = 				0c
                1030 COUNT = f7 CLK = 1 RESET = 1 LOAD = 0 ENABLE = 1 DATA = 				0c
                1032 COUNT = f7 CLK = 0 RESET = 1 LOAD = 0 ENABLE = 1 DATA = 				0c
                1034 COUNT = f8 CLK = 1 RESET = 1 LOAD = 0 ENABLE = 1 DATA = 				0c
                1036 COUNT = f8 CLK = 0 RESET = 1 LOAD = 0 ENABLE = 1 DATA = 				0c
                1038 COUNT = f9 CLK = 1 RESET = 1 LOAD = 0 ENABLE = 1 DATA = 				0c
                1040 COUNT = f9 CLK = 0 RESET = 1 LOAD = 0 ENABLE = 1 DATA = 				0c
                1042 COUNT = fa CLK = 1 RESET = 1 LOAD = 0 ENABLE = 1 DATA = 				0c
                1044 COUNT = fa CLK = 0 RESET = 1 LOAD = 0 ENABLE = 1 DATA = 				0c
                1046 COUNT = fb CLK = 1 RESET = 1 LOAD = 0 ENABLE = 1 DATA = 				0c
                1048 COUNT = fb CLK = 0 RESET = 1 LOAD = 0 ENABLE = 1 DATA = 				0c
                1050 COUNT = fc CLK = 1 RESET = 1 LOAD = 0 ENABLE = 1 DATA = 				0c
                1052 COUNT = fc CLK = 0 RESET = 1 LOAD = 0 ENABLE = 1 DATA = 				0c
                1054 COUNT = fd CLK = 1 RESET = 1 LOAD = 0 ENABLE = 1 DATA = 				0c
                1056 COUNT = fd CLK = 0 RESET = 1 LOAD = 0 ENABLE = 1 DATA = 				0c
                1058 COUNT = fe CLK = 1 RESET = 1 LOAD = 0 ENABLE = 1 DATA = 				0c
                1060 COUNT = fe CLK = 0 RESET = 1 LOAD = 0 ENABLE = 1 DATA = 				0c
                1062 COUNT = ff CLK = 1 RESET = 1 LOAD = 0 ENABLE = 1 DATA = 				0c
                1064 COUNT = ff CLK = 0 RESET = 1 LOAD = 0 ENABLE = 1 DATA = 				0c
                1066 COUNT = 00 CLK = 1 RESET = 1 LOAD = 0 ENABLE = 1 DATA = 				0c
                1068 COUNT = 00 CLK = 0 RESET = 1 LOAD = 0 ENABLE = 1 DATA = 				0c
                1070 COUNT = 01 CLK = 1 RESET = 1 LOAD = 0 ENABLE = 1 DATA = 				0c
                1072 COUNT = 01 CLK = 0 RESET = 1 LOAD = 0 ENABLE = 1 DATA = 				0c
                1074 COUNT = 02 CLK = 1 RESET = 1 LOAD = 0 ENABLE = 1 DATA = 				0c
                1076 COUNT = 02 CLK = 0 RESET = 1 LOAD = 0 ENABLE = 1 DATA = 				0c
                1078 COUNT = 03 CLK = 1 RESET = 1 LOAD = 0 ENABLE = 1 DATA = 				0c
                1080 COUNT = 03 CLK = 0 RESET = 1 LOAD = 0 ENABLE = 1 DATA = 				0c
                1082 COUNT = 04 CLK = 1 RESET = 1 LOAD = 0 ENABLE = 1 DATA = 				0c
                1084 COUNT = 04 CLK = 0 RESET = 1 LOAD = 0 ENABLE = 1 DATA = 				0c
                1086 COUNT = 05 CLK = 1 RESET = 1 LOAD = 0 ENABLE = 1 DATA = 				0c
                1088 COUNT = 05 CLK = 0 RESET = 1 LOAD = 0 ENABLE = 1 DATA = 				0c
                1090 COUNT = 06 CLK = 1 RESET = 1 LOAD = 0 ENABLE = 1 DATA = 				0c
                1092 COUNT = 06 CLK = 0 RESET = 1 LOAD = 0 ENABLE = 1 DATA = 				0c
                1093 COUNT = 00 CLK = 0 RESET = 0 LOAD = 0 ENABLE = 1 DATA = 				0c
                1094 COUNT = 00 CLK = 1 RESET = 0 LOAD = 0 ENABLE = 1 DATA = 				0c
                1096 COUNT = 00 CLK = 0 RESET = 0 LOAD = 0 ENABLE = 1 DATA = 				0c
                1098 COUNT = 00 CLK = 1 RESET = 0 LOAD = 0 ENABLE = 1 DATA = 				0c
                1100 COUNT = 00 CLK = 0 RESET = 0 LOAD = 0 ENABLE = 1 DATA = 				0c
                1102 COUNT = 00 CLK = 1 RESET = 0 LOAD = 0 ENABLE = 1 DATA = 				0c
                1104 COUNT = 00 CLK = 0 RESET = 0 LOAD = 0 ENABLE = 1 DATA = 				0c
                1106 COUNT = 00 CLK = 1 RESET = 0 LOAD = 0 ENABLE = 1 DATA = 				0c
                1108 COUNT = 00 CLK = 0 RESET = 0 LOAD = 0 ENABLE = 1 DATA = 				0c
                1110 COUNT = 00 CLK = 1 RESET = 0 LOAD = 0 ENABLE = 1 DATA = 				0c
                1112 COUNT = 00 CLK = 0 RESET = 0 LOAD = 0 ENABLE = 1 DATA = 				0c
                1113 COUNT = 00 CLK = 0 RESET = 1 LOAD = 1 ENABLE = 1 DATA = 				fa
                1114 COUNT = 00 CLK = 1 RESET = 1 LOAD = 1 ENABLE = 1 DATA = 				fa
                1116 COUNT = 00 CLK = 0 RESET = 1 LOAD = 1 ENABLE = 1 DATA = 				fa
                1118 COUNT = fa CLK = 1 RESET = 1 LOAD = 1 ENABLE = 1 DATA = 				fa
                1120 COUNT = fa CLK = 0 RESET = 1 LOAD = 1 ENABLE = 1 DATA = 				fa
                1122 COUNT = fa CLK = 1 RESET = 1 LOAD = 1 ENABLE = 1 DATA = 				fa
                1124 COUNT = fa CLK = 0 RESET = 1 LOAD = 1 ENABLE = 1 DATA = 				fa
                1126 COUNT = fa CLK = 1 RESET = 1 LOAD = 1 ENABLE = 1 DATA = 				fa
                1128 COUNT = fa CLK = 0 RESET = 1 LOAD = 1 ENABLE = 1 DATA = 				fa
                1130 COUNT = fa CLK = 1 RESET = 1 LOAD = 1 ENABLE = 1 DATA = 				fa
                1132 COUNT = fa CLK = 0 RESET = 1 LOAD = 1 ENABLE = 1 DATA = 				fa
                1134 COUNT = fa CLK = 1 RESET = 1 LOAD = 1 ENABLE = 1 DATA = 				fa
                1136 COUNT = fa CLK = 0 RESET = 1 LOAD = 1 ENABLE = 1 DATA = 				fa
                1138 COUNT = fa CLK = 1 RESET = 1 LOAD = 1 ENABLE = 1 DATA = 				fa
                1140 COUNT = fa CLK = 0 RESET = 1 LOAD = 1 ENABLE = 1 DATA = 				fa
                1142 COUNT = fa CLK = 1 RESET = 1 LOAD = 1 ENABLE = 1 DATA = 				fa
                1143 COUNT = fa CLK = 1 RESET = 1 LOAD = 1 ENABLE = 0 DATA = 				fa
                1144 COUNT = fa CLK = 0 RESET = 1 LOAD = 1 ENABLE = 0 DATA = 				fa
                1146 COUNT = fa CLK = 1 RESET = 1 LOAD = 1 ENABLE = 0 DATA = 				fa
                1148 COUNT = fa CLK = 0 RESET = 1 LOAD = 1 ENABLE = 0 DATA = 				fa
                1150 COUNT = fa CLK = 1 RESET = 1 LOAD = 1 ENABLE = 0 DATA = 				fa
                1152 COUNT = fa CLK = 0 RESET = 1 LOAD = 1 ENABLE = 0 DATA = 				fa
                1154 COUNT = fa CLK = 1 RESET = 1 LOAD = 1 ENABLE = 0 DATA = 				fa
                1156 COUNT = fa CLK = 0 RESET = 1 LOAD = 1 ENABLE = 0 DATA = 				fa
                1158 COUNT = fa CLK = 1 RESET = 1 LOAD = 1 ENABLE = 0 DATA = 				fa
                1160 COUNT = fa CLK = 0 RESET = 1 LOAD = 1 ENABLE = 0 DATA = 				fa
                1162 COUNT = fa CLK = 1 RESET = 1 LOAD = 1 ENABLE = 0 DATA = 				fa
$finish called from file "TOP_tb.v", line 48.
$finish at simulation time                 1163
           V C S   S i m u l a t i o n   R e p o r t 
Time: 1163 ns
CPU Time:      0.220 seconds;       Data structure size:   0.0Mb
Sat Mar  6 21:52:38 2021
