# Preference setting overrides
gui_create_pref_key -category {Globals} -key {load_detail_for_funcov} -value_type {bool} -value {false}

# State setting overrides
gui_state_default_create -off -ini
gui_set_state_value -category Globals -key recent_databases -value {{gui_open_db -file /home/users7/kg867678/526LSP21/Lab8/vcdplus.vpd -design V1} {gui_open_db -file /home/users7/kg867678/526LSP21/Lab7/vcdplus.vpd -design V1} {gui_open_db -file /home/users7/kg867678/526LSP21/Lab6/vcdplus.vpd -design V1} {gui_open_db -file /home/users7/kg867678/526LSP21/Lab5/vcdplus.vpd -design V1} {gui_open_db -file /home/users7/kg867678/526LSP21/Lab4/vcdplus.vpd -design V1}}
gui_set_state_value -category Layout -key child_console_size_x -value 852
gui_set_state_value -category Layout -key child_console_size_y -value 176
gui_set_state_value -category Layout -key child_data_size_x -value 152
gui_set_state_value -category Layout -key child_data_size_y -value 438
gui_set_state_value -category Layout -key child_hier_col3 -value {-1}
gui_set_state_value -category Layout -key child_hier_colpd -value 0
gui_set_state_value -category Layout -key child_hier_size_x -value 152
gui_set_state_value -category Layout -key child_hier_size_y -value 438
gui_set_state_value -category Layout -key child_source_docknewline -value false
gui_set_state_value -category Layout -key child_source_pos_x -value {-2}
gui_set_state_value -category Layout -key child_source_pos_y -value {-15}
gui_set_state_value -category Layout -key child_source_size_x -value 551
gui_set_state_value -category Layout -key child_source_size_y -value 433
gui_set_state_value -category Layout -key child_wave_colname -value 195
gui_set_state_value -category Layout -key child_wave_colvalue -value 195
gui_set_state_value -category Layout -key child_wave_left -value 395
gui_set_state_value -category Layout -key child_wave_right -value 962
gui_set_state_value -category Layout -key main_pos_x -value 987
gui_set_state_value -category Layout -key main_pos_y -value 214
gui_set_state_value -category Layout -key main_size_x -value 1839
gui_set_state_value -category Layout -key main_size_y -value 951
gui_set_state_value -category Layout -key stand_wave_child_docknewline -value false
gui_set_state_value -category Layout -key stand_wave_child_pos_x -value {-2}
gui_set_state_value -category Layout -key stand_wave_child_pos_y -value {-15}
gui_set_state_value -category Layout -key stand_wave_child_size_x -value 1367
gui_set_state_value -category Layout -key stand_wave_child_size_y -value 842
gui_set_state_value -category Layout -key stand_wave_top_pos_x -value 552
gui_set_state_value -category Layout -key stand_wave_top_pos_y -value 78
gui_set_state_value -category Layout -key stand_wave_top_size_x -value 1914
gui_set_state_value -category Layout -key stand_wave_top_size_y -value 1024
gui_create_state_key -category FindDialog -key m_pMatchCase -value_type bool -value false
gui_create_state_key -category FindDialog -key m_pMatchWord -value_type bool -value false
gui_create_state_key -category FindDialog -key m_pUseCombo -value_type string -value {}
gui_create_state_key -category FindDialog -key m_pWrapAround -value_type bool -value true
gui_state_default_create -off

# Begin command logging
gui_open_db -file /home/users7/kg867678/526LSP21/Lab8/vcdplus.vpd -design V1
gui_list_select -id Data.1 { alu_tb.EN  alu_tb.CLK  alu_tb.OE  {alu_tb.OPCODE[3:0]}  {alu_tb.A[7:0]}  {alu_tb.B[7:0]}  alu_tb.CF  alu_tb.OF  alu_tb.SF  alu_tb.ZF  {alu_tb.ALU_OUT[7:0]}  alu_tb.SF  alu_tb.ZF  {alu_tb.ALU_OUT[7:0]}  alu_tb.SF  alu_tb.OF  alu_tb.SF  alu_tb.OF  alu_tb.CF  alu_tb.OF  alu_tb.CF  {alu_tb.B[7:0]}  alu_tb.CF  {alu_tb.B[7:0]}  {alu_tb.A[7:0]}  {alu_tb.B[7:0]}  {alu_tb.A[7:0]}  {alu_tb.OPCODE[3:0]}  {alu_tb.A[7:0]}  {alu_tb.OPCODE[3:0]}  alu_tb.OE  {alu_tb.OPCODE[3:0]}  alu_tb.OE  alu_tb.CLK  alu_tb.OE  alu_tb.CLK  alu_tb.EN  alu_tb.CLK  alu_tb.EN  alu_tb.CLK  alu_tb.OE  {alu_tb.OPCODE[3:0]}  {alu_tb.A[7:0]}  {alu_tb.B[7:0]}  alu_tb.CF  alu_tb.OF  alu_tb.SF  alu_tb.ZF  {alu_tb.ALU_OUT[7:0]}   }
gui_open_window Wave
gui_list_add -id Wave.1 -from Data.1 { alu_tb.EN alu_tb.CLK alu_tb.OE {alu_tb.OPCODE[3:0]} {alu_tb.A[7:0]} {alu_tb.B[7:0]} alu_tb.CF alu_tb.OF alu_tb.SF alu_tb.ZF {alu_tb.ALU_OUT[7:0]} } -insertionbar
gui_zoom -window Wave.1 -full
gui_marker_move -id  Wave.1 C1 1750
gui_marker_move -id  Wave.1 C1 1650
gui_marker_move -id  Wave.1 C1 250
gui_marker_move -id  Wave.1 C1 350
gui_marker_move -id  Wave.1 C1 454
gui_marker_select -id  Wave.1 { C1 }
gui_marker_move -id  Wave.1 C1 454
gui_marker_move -id  Wave.1 C1 400
gui_marker_move -id  Wave.1 C1 450
gui_marker_move -id  Wave.1 C1 550
gui_marker_move -id  Wave.1 C1 766
gui_marker_move -id  Wave.1 C1 800
gui_marker_move -id  Wave.1 C1 780
gui_marker_move -id  Wave.1 C1 880
gui_marker_move -id  Wave.1 C1 780
gui_marker_move -id  Wave.1 C1 880
gui_list_select -id Wave.1 -selected  { {alu_tb.OPCODE[3:0]}   }
gui_list_set_selected_property -id Wave.1 -radix binary
gui_list_select -id Wave.1 -selected  {  }
gui_list_select -id Wave.1 -selected  { {alu_tb.A[7:0]}   }
gui_list_set_selected_property -id Wave.1 -radix binary
gui_list_select -id Wave.1 -selected  { {alu_tb.B[7:0]}   }
gui_list_set_selected_property -id Wave.1 -radix binary
gui_list_select -id Wave.1 -selected  {  }
gui_list_select -id Wave.1 -selected  { {alu_tb.ALU_OUT[7:0]}   }
gui_list_select -id Wave.1 -selected  {  }
gui_marker_move -id  Wave.1 C1 250
gui_marker_move -id  Wave.1 C1 350
gui_marker_move -id  Wave.1 C1 400
gui_marker_move -id  Wave.1 C1 350
gui_marker_move -id  Wave.1 C1 250
gui_marker_move -id  Wave.1 C1 30
gui_marker_move -id  Wave.1 C1 178
gui_marker_move -id  Wave.1 C1 200
gui_marker_move -id  Wave.1 C1 250
gui_marker_move -id  Wave.1 C1 350
gui_marker_move -id  Wave.1 C1 250
gui_marker_move -id  Wave.1 C1 350
gui_list_select -id Wave.1 -selected  { {alu_tb.ALU_OUT[7:0]}   }
gui_list_set_selected_property -id Wave.1 -radix binary
gui_marker_move -id  Wave.1 C1 450
gui_list_select -id Wave.1 -selected  {  }
gui_marker_move -id  Wave.1 C1 550
gui_marker_move -id  Wave.1 C1 450
gui_list_select -id Wave.1 -selected  { {alu_tb.ALU_OUT[7:0]}   }
gui_list_select -id Wave.1 -selected  {  }
gui_marker_move -id  Wave.1 C1 550
gui_marker_move -id  Wave.1 C1 680
gui_marker_move -id  Wave.1 C1 650
gui_marker_move -id  Wave.1 C1 750
gui_marker_move -id  Wave.1 C1 700
gui_marker_move -id  Wave.1 C1 650
gui_marker_move -id  Wave.1 C1 750
gui_marker_move -id  Wave.1 C1 780
gui_marker_move -id  Wave.1 C1 750
gui_marker_move -id  Wave.1 C1 880
gui_marker_move -id  Wave.1 C1 900
gui_marker_move -id  Wave.1 C1 800
gui_marker_move -id  Wave.1 C1 750
gui_marker_move -id  Wave.1 C1 850
gui_marker_move -id  Wave.1 C1 900
gui_marker_move -id  Wave.1 C1 750
gui_marker_move -id  Wave.1 C1 800
gui_marker_move -id  Wave.1 C1 900
gui_marker_move -id  Wave.1 C1 1050
gui_marker_move -id  Wave.1 C1 1150
gui_marker_move -id  Wave.1 C1 1254
gui_get_drivers -id Wave.1 -signal alu_tb.CLK
gui_marker_move -id  Wave.1 C1 1280
gui_list_select -id Wave.1 -selected  {  }
gui_marker_move -id  Wave.1 C1 1180
gui_marker_move -id  Wave.1 C1 1200
gui_marker_move -id  Wave.1 C1 1250
gui_marker_move -id  Wave.1 C1 1350
gui_marker_move -id  Wave.1 C1 1650
gui_marker_move -id  Wave.1 C1 1750
gui_set_time_units 1ns
gui_close_window -window TopLevel.2
