# Preference setting overrides
gui_create_pref_key -category {Globals} -key {load_detail_for_funcov} -value_type {bool} -value {false}

# State setting overrides
gui_state_default_create -off -ini
gui_set_state_value -category Globals -key recent_databases -value {{gui_open_db -file /home/users7/kg867678/526LSP21/Lab7/vcdplus.vpd -design V1} {gui_open_db -file /home/users7/kg867678/526LSP21/Lab6/vcdplus.vpd -design V1} {gui_open_db -file /home/users7/kg867678/526LSP21/Lab5/vcdplus.vpd -design V1} {gui_open_db -file /home/users7/kg867678/526LSP21/Lab4/vcdplus.vpd -design V1} {gui_open_db -file /home/users7/kg867678/526LSP21/Lab3/vcdplus.vpd -design V1}}
gui_set_state_value -category Layout -key child_console_size_x -value 858
gui_set_state_value -category Layout -key child_console_size_y -value 163
gui_set_state_value -category Layout -key child_data_size_x -value 158
gui_set_state_value -category Layout -key child_data_size_y -value 457
gui_set_state_value -category Layout -key child_hier_col3 -value {-1}
gui_set_state_value -category Layout -key child_hier_colpd -value 0
gui_set_state_value -category Layout -key child_hier_size_x -value 158
gui_set_state_value -category Layout -key child_hier_size_y -value 457
gui_set_state_value -category Layout -key child_source_docknewline -value false
gui_set_state_value -category Layout -key child_source_pos_x -value {-2}
gui_set_state_value -category Layout -key child_source_pos_y -value {-15}
gui_set_state_value -category Layout -key child_source_size_x -value 545
gui_set_state_value -category Layout -key child_source_size_y -value 452
gui_set_state_value -category Layout -key child_wave_colname -value 236
gui_set_state_value -category Layout -key child_wave_colvalue -value 236
gui_set_state_value -category Layout -key child_wave_left -value 476
gui_set_state_value -category Layout -key child_wave_right -value 1160
gui_set_state_value -category Layout -key main_pos_x -value 987
gui_set_state_value -category Layout -key main_pos_y -value 214
gui_set_state_value -category Layout -key main_size_x -value 1845
gui_set_state_value -category Layout -key main_size_y -value 957
gui_set_state_value -category Layout -key stand_wave_child_docknewline -value false
gui_set_state_value -category Layout -key stand_wave_child_pos_x -value {-2}
gui_set_state_value -category Layout -key stand_wave_child_pos_y -value {-15}
gui_set_state_value -category Layout -key stand_wave_child_size_x -value 1646
gui_set_state_value -category Layout -key stand_wave_child_size_y -value 872
gui_set_state_value -category Layout -key stand_wave_top_pos_x -value 55
gui_set_state_value -category Layout -key stand_wave_top_pos_y -value 95
gui_set_state_value -category Layout -key stand_wave_top_size_x -value 1696
gui_set_state_value -category Layout -key stand_wave_top_size_y -value 1047
gui_create_state_key -category FindDialog -key m_pMatchCase -value_type bool -value false
gui_create_state_key -category FindDialog -key m_pMatchWord -value_type bool -value false
gui_create_state_key -category FindDialog -key m_pUseCombo -value_type string -value {}
gui_create_state_key -category FindDialog -key m_pWrapAround -value_type bool -value true
gui_state_default_create -off

# Begin command logging
gui_open_db -file /home/users7/kg867678/526LSP21/Lab7/vcdplus.vpd -design V1
gui_list_select -id Data.1 { REG_TEST2.OE  REG_TEST2.WS  REG_TEST2.CS  REG_TEST2.temp1  REG_TEST2.temp2  {REG_TEST2.ADDR[4:0]}  {REG_TEST2.a[7:0]}  {REG_TEST2.b[7:0]}  {REG_TEST2.DATA[7:0]}  {REG_TEST2.i[31:0]}  {REG_TEST2.mem[0:31][7:0]}  {REG_TEST2.i[31:0]}  {REG_TEST2.mem[0:31][7:0]}  {REG_TEST2.i[31:0]}  {REG_TEST2.DATA[7:0]}  {REG_TEST2.i[31:0]}  {REG_TEST2.DATA[7:0]}  {REG_TEST2.b[7:0]}  {REG_TEST2.DATA[7:0]}  {REG_TEST2.b[7:0]}  {REG_TEST2.a[7:0]}  {REG_TEST2.b[7:0]}  {REG_TEST2.a[7:0]}  {REG_TEST2.ADDR[4:0]}  {REG_TEST2.a[7:0]}  {REG_TEST2.ADDR[4:0]}  REG_TEST2.temp2  {REG_TEST2.ADDR[4:0]}  REG_TEST2.temp2  REG_TEST2.temp1  REG_TEST2.temp2  REG_TEST2.temp1  REG_TEST2.CS  REG_TEST2.temp1  REG_TEST2.CS  REG_TEST2.WS  REG_TEST2.CS  REG_TEST2.WS  REG_TEST2.OE  REG_TEST2.WS  REG_TEST2.OE  REG_TEST2.WS  REG_TEST2.CS  REG_TEST2.temp1  REG_TEST2.temp2  {REG_TEST2.ADDR[4:0]}  {REG_TEST2.a[7:0]}  {REG_TEST2.b[7:0]}  {REG_TEST2.DATA[7:0]}  {REG_TEST2.i[31:0]}  {REG_TEST2.mem[0:31][7:0]}   }
gui_open_window Wave
gui_list_add -id Wave.1 -from Data.1 { REG_TEST2.OE REG_TEST2.WS REG_TEST2.CS REG_TEST2.temp1 REG_TEST2.temp2 {REG_TEST2.ADDR[4:0]} {REG_TEST2.a[7:0]} {REG_TEST2.b[7:0]} {REG_TEST2.DATA[7:0]} {REG_TEST2.i[31:0]} {REG_TEST2.mem[0:31][7:0]} } -insertionbar
gui_zoom -window Wave.1 -full
gui_zoom -window Wave.1 -factor 2
gui_zoom -window Wave.1 -factor 2
gui_wv_scroll_hslidermove -id  Wave.1 2988
gui_wv_scroll_hslidermove -id  Wave.1 3041
gui_wv_scroll_hslidermove -id  Wave.1 0
gui_wv_scroll_hslidermove -id  Wave.1 2070
gui_marker_move -id  Wave.1 C1 647
gui_zoom -window Wave.1 -factor 2
gui_zoom -window Wave.1 -factor 2
gui_zoom -window Wave.1 -factor 2
gui_wv_scroll_hslidermove -id  Wave.1 33614
gui_wv_scrollleft -id  Wave.1  line
gui_wv_scrollleft -id  Wave.1  line
gui_wv_scrollleft -id  Wave.1  line
gui_wv_scrollleft -id  Wave.1  line
gui_wv_scrollleft -id  Wave.1  line
gui_wv_scrollleft -id  Wave.1  line
gui_wv_scrollleft -id  Wave.1  line
gui_wv_scrollleft -id  Wave.1  line
gui_wv_scrollleft -id  Wave.1  line
gui_wv_scrollleft -id  Wave.1  line
gui_wv_scrollleft -id  Wave.1  line
gui_wv_scrollleft -id  Wave.1  line
gui_wv_scrollleft -id  Wave.1  line
gui_wv_scrollleft -id  Wave.1  line
gui_wv_scrollleft -id  Wave.1  line
gui_wv_scrollleft -id  Wave.1  line
gui_wv_scrollleft -id  Wave.1  line
gui_wv_scrollleft -id  Wave.1  line
gui_wv_scrollleft -id  Wave.1  line
gui_wv_scrollleft -id  Wave.1  line
gui_wv_scrollleft -id  Wave.1  line
gui_wv_scrollleft -id  Wave.1  line
gui_wv_scrollleft -id  Wave.1  line
gui_marker_move -id  Wave.1 C1 1056
gui_wv_scroll_hslidermove -id  Wave.1 32297
gui_wv_scrollleft -id  Wave.1  page
gui_wv_scrollleft -id  Wave.1  page
gui_wv_scroll_hslidermove -id  Wave.1 1380
gui_wv_scroll_hslidermove -id  Wave.1 0
gui_zoom -window Wave.1 -full
gui_zoom -window Wave.1 -factor 0.5
gui_zoom -window Wave.1 -factor 2
gui_zoom -window Wave.1 -factor 2
gui_zoom -window Wave.1 -factor 2
gui_wv_scrollleft -id  Wave.1  page
gui_wv_scrollleft -id  Wave.1  page
gui_wv_scrollleft -id  Wave.1  page
gui_wv_scroll_hslidermove -id  Wave.1 317
gui_wv_scroll_hslidermove -id  Wave.1 0
gui_wv_scrollright -id  Wave.1  page
gui_zoom -window Wave.1 -factor 0.5
gui_wv_scroll_hslidermove -id  Wave.1 0
gui_wv_zoom_timerange -id  Wave.1 378 461
gui_wv_scroll_hslidermove -id  Wave.1 0
gui_zoom -window Wave.1 -factor 2
gui_zoom -window Wave.1 -full
gui_zoom -window Wave.1 -factor 0.5
gui_zoom -window Wave.1 -factor 2
gui_view_port_history -window Wave.1 -previous
gui_view_port_history -window Wave.1 -previous
gui_zoom -window Wave.1 -factor 2
gui_wv_scroll_hslidermove -id  Wave.1 0
gui_marker_move -id  Wave.1 C1 387
gui_wv_scroll_hslidermove -id  Wave.1 850
gui_wv_scroll_hslidermove -id  Wave.1 1084
gui_wv_scrollleft -id  Wave.1  line
gui_marker_move -id  Wave.1 C1 524
gui_zoom -window Wave.1 -factor 2
gui_wv_scrollleft -id  Wave.1  page
gui_wv_scroll_hslidermove -id  Wave.1 206
gui_wv_scroll_hslidermove -id  Wave.1 0
gui_marker_move -id  Wave.1 C1 4
gui_wv_scrollright -id  Wave.1  page
gui_wv_scroll_hslidermove -id  Wave.1 1486
gui_zoom -window Wave.1 -factor 2
gui_zoom -window Wave.1 -factor 2
gui_wv_scroll_hslidermove -id  Wave.1 6990
gui_marker_move -id  Wave.1 C1 454
gui_wv_scroll_hslidermove -id  Wave.1 7610
gui_wv_scroll_hslidermove -id  Wave.1 10629
gui_close_window -window TopLevel.2
