# Preference setting overrides
gui_create_pref_key -category {Globals} -key {load_detail_for_funcov} -value_type {bool} -value {false}

# State setting overrides
gui_state_default_create -off -ini
gui_set_state_value -category Globals -key recent_databases -value {{gui_open_db -file /home/users7/kg867678/526LSP21/Lab3/vcdplus.vpd -design V1} {gui_open_db -file /home/users7/kg867678/526LSP21/Lab2/vcdplus.vpd -design V1} {gui_open_db -file /home/users7/kg867678/526LSP21/Lab1/vcdplus.vpd -design V1}}
gui_set_state_value -category Layout -key child_console_size_x -value 865
gui_set_state_value -category Layout -key child_console_size_y -value 170
gui_set_state_value -category Layout -key child_data_size_x -value 165
gui_set_state_value -category Layout -key child_data_size_y -value 457
gui_set_state_value -category Layout -key child_hier_col3 -value {-1}
gui_set_state_value -category Layout -key child_hier_colpd -value 0
gui_set_state_value -category Layout -key child_hier_size_x -value 165
gui_set_state_value -category Layout -key child_hier_size_y -value 457
gui_set_state_value -category Layout -key child_source_docknewline -value false
gui_set_state_value -category Layout -key child_source_pos_x -value {-2}
gui_set_state_value -category Layout -key child_source_pos_y -value {-15}
gui_set_state_value -category Layout -key child_source_size_x -value 538
gui_set_state_value -category Layout -key child_source_size_y -value 452
gui_set_state_value -category Layout -key child_wave_colname -value 267
gui_set_state_value -category Layout -key child_wave_colvalue -value 267
gui_set_state_value -category Layout -key child_wave_left -value 539
gui_set_state_value -category Layout -key child_wave_right -value 1314
gui_set_state_value -category Layout -key main_pos_x -value 987
gui_set_state_value -category Layout -key main_pos_y -value 214
gui_set_state_value -category Layout -key main_size_x -value 1852
gui_set_state_value -category Layout -key main_size_y -value 964
gui_set_state_value -category Layout -key stand_wave_child_docknewline -value false
gui_set_state_value -category Layout -key stand_wave_child_pos_x -value {-2}
gui_set_state_value -category Layout -key stand_wave_child_pos_y -value {-15}
gui_set_state_value -category Layout -key stand_wave_child_size_x -value 1863
gui_set_state_value -category Layout -key stand_wave_child_size_y -value 918
gui_set_state_value -category Layout -key stand_wave_top_pos_x -value 20
gui_set_state_value -category Layout -key stand_wave_top_pos_y -value 43
gui_set_state_value -category Layout -key stand_wave_top_size_x -value 1878
gui_set_state_value -category Layout -key stand_wave_top_size_y -value 1041
gui_create_state_key -category FindDialog -key m_pMatchCase -value_type bool -value false
gui_create_state_key -category FindDialog -key m_pMatchWord -value_type bool -value false
gui_create_state_key -category FindDialog -key m_pUseCombo -value_type string -value {}
gui_create_state_key -category FindDialog -key m_pWrapAround -value_type bool -value true
gui_state_default_create -off

# Begin command logging
gui_open_db -file /home/users7/kg867678/526LSP21/Lab3/vcdplus.vpd -design V1
gui_list_select -id Data.1 -selected  { dff_tb.clock  dff_tb.data  dff_tb.clear  dff_tb.q  dff_tb.qbar   }
gui_open_window Wave
gui_list_add -id Wave.1 -from Data.1 { dff_tb.clock dff_tb.data dff_tb.clear dff_tb.q dff_tb.qbar } -insertionbar
gui_zoom -window Wave.1 -full
gui_marker_move -id  Wave.1 C1 646
gui_wv_zoom_timerange -id  Wave.1 0 827
gui_wv_zoom_timerange -id  Wave.1 0 800
gui_wv_zoom_timerange -id  Wave.1 0 422
gui_wv_zoom_timerange -id  Wave.1 0 422
gui_wv_zoom_timerange -id  Wave.1 0 422
gui_wv_zoom_timerange -id  Wave.1 0 422
gui_wv_zoom_timerange -id  Wave.1 0 422
gui_wv_zoom_timerange -id  Wave.1 0 422
gui_zoom -window Wave.1 -full
