# Preference setting overrides
gui_create_pref_key -category {Globals} -key {load_detail_for_funcov} -value_type {bool} -value {false}

# State setting overrides
gui_state_default_create -off -ini
gui_set_state_value -category Globals -key recent_databases -value {{gui_open_db -file /home/users7/kg867678/527LSP22/Lab5/vcdplus.vpd -design V1} {gui_open_db -file /home/users7/kg867678/527LSP22/Lab2/vcdplus.vpd -design V1} {gui_open_db -file /home/users7/kg867678/527LSP22/Lab1/vcdplus.vpd -design V1} {gui_open_db -file /home/users7/kg867678/526LSP21/526project/vcdplus.vpd -design V1} {gui_open_db -file /home/users7/kg867678/526LSP21/Lab10/vcdplus.vpd -design V1}}
gui_set_state_value -category Layout -key child_console_size_x -value 826
gui_set_state_value -category Layout -key child_console_size_y -value 157
gui_set_state_value -category Layout -key child_data_size_x -value 126
gui_set_state_value -category Layout -key child_data_size_y -value 431
gui_set_state_value -category Layout -key child_hier_col3 -value {-1}
gui_set_state_value -category Layout -key child_hier_colpd -value 0
gui_set_state_value -category Layout -key child_hier_size_x -value 126
gui_set_state_value -category Layout -key child_hier_size_y -value 431
gui_set_state_value -category Layout -key child_source_docknewline -value false
gui_set_state_value -category Layout -key child_source_pos_x -value {-2}
gui_set_state_value -category Layout -key child_source_pos_y -value {-15}
gui_set_state_value -category Layout -key child_source_size_x -value 577
gui_set_state_value -category Layout -key child_source_size_y -value 426
gui_set_state_value -category Layout -key child_wave_colname -value 186
gui_set_state_value -category Layout -key child_wave_colvalue -value 186
gui_set_state_value -category Layout -key child_wave_left -value 377
gui_set_state_value -category Layout -key child_wave_right -value 919
gui_set_state_value -category Layout -key main_pos_x -value 352
gui_set_state_value -category Layout -key main_pos_y -value 159
gui_set_state_value -category Layout -key main_size_x -value 1178
gui_set_state_value -category Layout -key main_size_y -value 870
gui_set_state_value -category Layout -key stand_wave_child_docknewline -value false
gui_set_state_value -category Layout -key stand_wave_child_pos_x -value {-2}
gui_set_state_value -category Layout -key stand_wave_child_pos_y -value {-15}
gui_set_state_value -category Layout -key stand_wave_child_size_x -value 1306
gui_set_state_value -category Layout -key stand_wave_child_size_y -value 579
gui_set_state_value -category Layout -key stand_wave_top_pos_x -value 8
gui_set_state_value -category Layout -key stand_wave_top_pos_y -value 31
gui_set_state_value -category Layout -key stand_wave_top_size_x -value 1309
gui_set_state_value -category Layout -key stand_wave_top_size_y -value 714
gui_create_state_key -category FindDialog -key m_pMatchCase -value_type bool -value false
gui_create_state_key -category FindDialog -key m_pMatchWord -value_type bool -value false
gui_create_state_key -category FindDialog -key m_pUseCombo -value_type string -value {}
gui_create_state_key -category FindDialog -key m_pWrapAround -value_type bool -value true
gui_state_default_create -off

# Begin command logging
gui_open_db -file /home/users7/kg867678/527LSP22/Lab5/vcdplus.vpd -design V1
gui_list_select -id Data.1 -selected  { fsm_tb.clk  fsm_tb.reset  fsm_tb.b1  fsm_tb.b2  fsm_tb.b3  fsm_tb.signal   }
gui_open_window Wave
gui_list_add -id Wave.1 -from Data.1 { fsm_tb.clk fsm_tb.reset fsm_tb.b1 fsm_tb.b2 fsm_tb.b3 fsm_tb.signal } -insertionbar
gui_zoom -window Wave.1 -full
gui_zoom -window Wave.1 -full
gui_zoom -window Wave.1 -factor 0.5
gui_zoom -window Wave.1 -full
gui_marker_move -id  Wave.1 C1 200
gui_marker_move -id  Wave.1 C1 350
gui_marker_move -id  Wave.1 C1 500
gui_marker_move -id  Wave.1 C1 700
gui_marker_move -id  Wave.1 C1 750
gui_marker_move -id  Wave.1 C1 800
gui_marker_move -id  Wave.1 C1 865
gui_close_window -window TopLevel.2
