# Preference setting overrides
gui_create_pref_key -category {Globals} -key {load_detail_for_funcov} -value_type {bool} -value {false}

# State setting overrides
gui_state_default_create -off -ini
gui_set_state_value -category Globals -key recent_databases -value {{gui_open_db -file /home/users7/kg867678/527LSP22/Lab2/vcdplus.vpd -design V1} {gui_open_db -file /home/users7/kg867678/527LSP22/Lab1/vcdplus.vpd -design V1} {gui_open_db -file /home/users7/kg867678/526LSP21/526project/vcdplus.vpd -design V1} {gui_open_db -file /home/users7/kg867678/526LSP21/Lab10/vcdplus.vpd -design V1} {gui_open_db -file /home/users7/kg867678/526LSP21/Lab8/vcdplus.vpd -design V1}}
gui_set_state_value -category Layout -key child_console_size_x -value 833
gui_set_state_value -category Layout -key child_console_size_y -value 164
gui_set_state_value -category Layout -key child_data_size_x -value 133
gui_set_state_value -category Layout -key child_data_size_y -value 431
gui_set_state_value -category Layout -key child_hier_col3 -value {-1}
gui_set_state_value -category Layout -key child_hier_colpd -value 0
gui_set_state_value -category Layout -key child_hier_size_x -value 133
gui_set_state_value -category Layout -key child_hier_size_y -value 431
gui_set_state_value -category Layout -key child_source_docknewline -value false
gui_set_state_value -category Layout -key child_source_pos_x -value {-2}
gui_set_state_value -category Layout -key child_source_pos_y -value {-15}
gui_set_state_value -category Layout -key child_source_size_x -value 570
gui_set_state_value -category Layout -key child_source_size_y -value 426
gui_set_state_value -category Layout -key child_wave_colname -value 266
gui_set_state_value -category Layout -key child_wave_colvalue -value 266
gui_set_state_value -category Layout -key child_wave_left -value 537
gui_set_state_value -category Layout -key child_wave_right -value 1309
gui_set_state_value -category Layout -key main_pos_x -value 987
gui_set_state_value -category Layout -key main_pos_y -value 214
gui_set_state_value -category Layout -key main_size_x -value 1820
gui_set_state_value -category Layout -key main_size_y -value 932
gui_set_state_value -category Layout -key stand_wave_child_docknewline -value false
gui_set_state_value -category Layout -key stand_wave_child_pos_x -value {-2}
gui_set_state_value -category Layout -key stand_wave_child_pos_y -value {-15}
gui_set_state_value -category Layout -key stand_wave_child_size_x -value 1856
gui_set_state_value -category Layout -key stand_wave_child_size_y -value 911
gui_set_state_value -category Layout -key stand_wave_top_pos_x -value 8
gui_set_state_value -category Layout -key stand_wave_top_pos_y -value 31
gui_set_state_value -category Layout -key stand_wave_top_size_x -value 1859
gui_set_state_value -category Layout -key stand_wave_top_size_y -value 1022
gui_create_state_key -category FindDialog -key m_pMatchCase -value_type bool -value false
gui_create_state_key -category FindDialog -key m_pMatchWord -value_type bool -value false
gui_create_state_key -category FindDialog -key m_pUseCombo -value_type string -value {}
gui_create_state_key -category FindDialog -key m_pWrapAround -value_type bool -value true
gui_state_default_create -off

# Begin command logging
gui_open_db -file /home/users7/kg867678/527LSP22/Lab2/vcdplus.vpd -design V1
gui_list_select -id Data.1 -selected  { tb_button.pb_1  tb_button.clk  tb_button.pb_out   }
gui_open_window Wave
gui_list_add -id Wave.1 -from Data.1 { tb_button.pb_1 tb_button.clk tb_button.pb_out } -insertionbar
gui_marker_move -id  Wave.1 C1 264
gui_marker_move -id  Wave.1 C1 148
gui_list_select -id Data.1 -selected  {  }
gui_close_window -window TopLevel.2
gui_close_window -window TopLevel.1
