# Preference setting overrides
gui_create_pref_key -category {Globals} -key {load_detail_for_funcov} -value_type {bool} -value {false}

# State setting overrides
gui_state_default_create -off -ini
gui_set_state_value -category Globals -key recent_databases -value {{gui_open_db -file /home/users7/kg867678/527LSP22/Lab7/vcdplus.vpd -design V1} {gui_open_db -file /home/users7/kg867678/527LSP22/Lab5/vcdplus.vpd -design V1} {gui_open_db -file /home/users7/kg867678/527LSP22/Lab2/vcdplus.vpd -design V1} {gui_open_db -file /home/users7/kg867678/527LSP22/Lab1/vcdplus.vpd -design V1} {gui_open_db -file /home/users7/kg867678/526LSP21/526project/vcdplus.vpd -design V1}}
gui_set_state_value -category Layout -key child_console_size_x -value 822
gui_set_state_value -category Layout -key child_console_size_y -value 153
gui_set_state_value -category Layout -key child_data_size_x -value 122
gui_set_state_value -category Layout -key child_data_size_y -value 431
gui_set_state_value -category Layout -key child_hier_col3 -value {-1}
gui_set_state_value -category Layout -key child_hier_colpd -value 0
gui_set_state_value -category Layout -key child_hier_size_x -value 122
gui_set_state_value -category Layout -key child_hier_size_y -value 431
gui_set_state_value -category Layout -key child_source_docknewline -value false
gui_set_state_value -category Layout -key child_source_pos_x -value {-2}
gui_set_state_value -category Layout -key child_source_pos_y -value {-15}
gui_set_state_value -category Layout -key child_source_size_x -value 581
gui_set_state_value -category Layout -key child_source_size_y -value 426
gui_set_state_value -category Layout -key child_wave_colname -value 187
gui_set_state_value -category Layout -key child_wave_colvalue -value 187
gui_set_state_value -category Layout -key child_wave_left -value 378
gui_set_state_value -category Layout -key child_wave_right -value 922
gui_set_state_value -category Layout -key main_pos_x -value 352
gui_set_state_value -category Layout -key main_pos_y -value 159
gui_set_state_value -category Layout -key main_size_x -value 1174
gui_set_state_value -category Layout -key main_size_y -value 866
gui_set_state_value -category Layout -key stand_wave_child_docknewline -value false
gui_set_state_value -category Layout -key stand_wave_child_pos_x -value {-2}
gui_set_state_value -category Layout -key stand_wave_child_pos_y -value {-15}
gui_set_state_value -category Layout -key stand_wave_child_size_x -value 1310
gui_set_state_value -category Layout -key stand_wave_child_size_y -value 583
gui_set_state_value -category Layout -key stand_wave_top_pos_x -value 8
gui_set_state_value -category Layout -key stand_wave_top_pos_y -value 30
gui_set_state_value -category Layout -key stand_wave_top_size_x -value 1313
gui_set_state_value -category Layout -key stand_wave_top_size_y -value 717
gui_create_state_key -category FindDialog -key m_pMatchCase -value_type bool -value false
gui_create_state_key -category FindDialog -key m_pMatchWord -value_type bool -value false
gui_create_state_key -category FindDialog -key m_pUseCombo -value_type string -value {}
gui_create_state_key -category FindDialog -key m_pWrapAround -value_type bool -value true
gui_state_default_create -off

# Begin command logging
gui_open_db -file /home/users7/kg867678/527LSP22/Lab7/vcdplus.vpd -design V1
gui_list_select -id Data.1 -selected  { net_tb.clk  net_tb.reset  net_tb.b1  net_tb.b2  net_tb.b3  net_tb.signal   }
gui_open_window Wave
gui_list_add -id Wave.1 -from Data.1 { net_tb.clk net_tb.reset net_tb.b1 net_tb.b2 net_tb.b3 net_tb.signal } -insertionbar
gui_zoom -window Wave.1 -full
gui_close_window -window TopLevel.2
