# Preference setting overrides
gui_create_pref_key -category {Globals} -key {load_detail_for_funcov} -value_type {bool} -value {false}

# State setting overrides
gui_state_default_create -off -ini
gui_set_state_value -category Globals -key recent_databases -value {{gui_open_db -file /home/users7/kg867678/527LSP22/Lab1/vcdplus.vpd -design V1} {gui_open_db -file /home/users7/kg867678/526LSP21/526project/vcdplus.vpd -design V1} {gui_open_db -file /home/users7/kg867678/526LSP21/Lab10/vcdplus.vpd -design V1} {gui_open_db -file /home/users7/kg867678/526LSP21/Lab8/vcdplus.vpd -design V1} {gui_open_db -file /home/users7/kg867678/526LSP21/Lab7/vcdplus.vpd -design V1}}
gui_set_state_value -category Layout -key child_console_size_x -value 840
gui_set_state_value -category Layout -key child_console_size_y -value 171
gui_set_state_value -category Layout -key child_data_size_x -value 140
gui_set_state_value -category Layout -key child_data_size_y -value 431
gui_set_state_value -category Layout -key child_hier_col3 -value {-1}
gui_set_state_value -category Layout -key child_hier_colpd -value 0
gui_set_state_value -category Layout -key child_hier_size_x -value 140
gui_set_state_value -category Layout -key child_hier_size_y -value 431
gui_set_state_value -category Layout -key child_source_docknewline -value false
gui_set_state_value -category Layout -key child_source_pos_x -value {-2}
gui_set_state_value -category Layout -key child_source_pos_y -value {-15}
gui_set_state_value -category Layout -key child_source_size_x -value 563
gui_set_state_value -category Layout -key child_source_size_y -value 426
gui_set_state_value -category Layout -key child_wave_colname -value 267
gui_set_state_value -category Layout -key child_wave_colvalue -value 267
gui_set_state_value -category Layout -key child_wave_left -value 539
gui_set_state_value -category Layout -key child_wave_right -value 1314
gui_set_state_value -category Layout -key main_pos_x -value 987
gui_set_state_value -category Layout -key main_pos_y -value 214
gui_set_state_value -category Layout -key main_size_x -value 1827
gui_set_state_value -category Layout -key main_size_y -value 939
gui_set_state_value -category Layout -key stand_wave_child_docknewline -value false
gui_set_state_value -category Layout -key stand_wave_child_pos_x -value {-2}
gui_set_state_value -category Layout -key stand_wave_child_pos_y -value {-15}
gui_set_state_value -category Layout -key stand_wave_child_size_x -value 1863
gui_set_state_value -category Layout -key stand_wave_child_size_y -value 918
gui_set_state_value -category Layout -key stand_wave_top_pos_x -value 8
gui_set_state_value -category Layout -key stand_wave_top_pos_y -value 31
gui_set_state_value -category Layout -key stand_wave_top_size_x -value 1866
gui_set_state_value -category Layout -key stand_wave_top_size_y -value 1029
gui_create_state_key -category FindDialog -key m_pMatchCase -value_type bool -value false
gui_create_state_key -category FindDialog -key m_pMatchWord -value_type bool -value false
gui_create_state_key -category FindDialog -key m_pUseCombo -value_type string -value {}
gui_create_state_key -category FindDialog -key m_pWrapAround -value_type bool -value true
gui_state_default_create -off

# Begin command logging
gui_open_db -file /home/users7/kg867678/527LSP22/Lab1/vcdplus.vpd -design V1
gui_list_select -id Data.1 -selected  { binary_counter_tb.clk  binary_counter_tb.reset  binary_counter_tb.count_down  {binary_counter_tb.num_out[7:0]}   }
gui_open_window Wave
gui_list_add -id Wave.1 -from Data.1 { binary_counter_tb.clk binary_counter_tb.reset binary_counter_tb.count_down {binary_counter_tb.num_out[7:0]} } -insertionbar
gui_marker_move -id  Wave.1 C1 170
gui_list_select -id Wave.1 -selected  { {binary_counter_tb.num_out[7:0]}   }
gui_list_set_selected_property -id Wave.1 -radix decimal
gui_marker_move -id  Wave.1 C1 175
gui_marker_move -id  Wave.1 C1 325
gui_wv_scroll_hslidermove -id  Wave.1 349
gui_marker_move -id  Wave.1 C1 330
gui_wv_scroll_hslidermove -id  Wave.1 1140
gui_marker_move -id  Wave.1 C1 670
gui_marker_move -id  Wave.1 C1 675
gui_marker_move -id  Wave.1 C1 695
gui_wv_scroll_hslidermove -id  Wave.1 488
gui_marker_move -id  Wave.1 C1 324
gui_marker_move -id  Wave.1 C1 326
gui_marker_select -id  Wave.1 { C1 }
gui_marker_move -id  Wave.1 C1 325
gui_wv_scroll_hslidermove -id  Wave.1 0
gui_marker_move -id  Wave.1 C1 20
gui_marker_move -id  Wave.1 C1 15
gui_marker_move -id  Wave.1 C1 5
gui_marker_move -id  Wave.1 C1 24
gui_marker_move -id  Wave.1 C1 26
gui_marker_move -id  Wave.1 C1 24
gui_marker_move -id  Wave.1 C1 26
gui_marker_move -id  Wave.1 C1 24
gui_marker_move -id  Wave.1 C1 26
gui_marker_move -id  Wave.1 C1 16
gui_marker_move -id  Wave.1 C1 25
gui_marker_move -id  Wave.1 C1 170
gui_marker_move -id  Wave.1 C1 175
