# Preference setting overrides
gui_create_pref_key -category {Globals} -key {load_detail_for_funcov} -value_type {bool} -value {false}

# State setting overrides
gui_state_default_create -off -ini
gui_set_state_value -category Globals -key recent_databases -value {{gui_open_db -file /home/users7/kg867678/526LSP21/Lab5/vcdplus.vpd -design V1} {gui_open_db -file /home/users7/kg867678/526LSP21/Lab4/vcdplus.vpd -design V1} {gui_open_db -file /home/users7/kg867678/526LSP21/Lab3/vcdplus.vpd -design V1} {gui_open_db -file /home/users7/kg867678/526LSP21/Lab2/vcdplus.vpd -design V1} {gui_open_db -file /home/users7/kg867678/526LSP21/Lab1/vcdplus.vpd -design V1}}
gui_set_state_value -category Layout -key child_console_size_x -value 860
gui_set_state_value -category Layout -key child_console_size_y -value 165
gui_set_state_value -category Layout -key child_data_size_x -value 160
gui_set_state_value -category Layout -key child_data_size_y -value 457
gui_set_state_value -category Layout -key child_hier_col3 -value {-1}
gui_set_state_value -category Layout -key child_hier_colpd -value 0
gui_set_state_value -category Layout -key child_hier_size_x -value 160
gui_set_state_value -category Layout -key child_hier_size_y -value 457
gui_set_state_value -category Layout -key child_source_docknewline -value false
gui_set_state_value -category Layout -key child_source_pos_x -value {-2}
gui_set_state_value -category Layout -key child_source_pos_y -value {-15}
gui_set_state_value -category Layout -key child_source_size_x -value 543
gui_set_state_value -category Layout -key child_source_size_y -value 452
gui_set_state_value -category Layout -key child_wave_colname -value 135
gui_set_state_value -category Layout -key child_wave_colvalue -value 131
gui_set_state_value -category Layout -key child_wave_left -value 270
gui_set_state_value -category Layout -key child_wave_right -value 1368
gui_set_state_value -category Layout -key main_pos_x -value 987
gui_set_state_value -category Layout -key main_pos_y -value 214
gui_set_state_value -category Layout -key main_size_x -value 1847
gui_set_state_value -category Layout -key main_size_y -value 959
gui_set_state_value -category Layout -key stand_wave_child_docknewline -value false
gui_set_state_value -category Layout -key stand_wave_child_pos_x -value {-2}
gui_set_state_value -category Layout -key stand_wave_child_pos_y -value {-15}
gui_set_state_value -category Layout -key stand_wave_child_size_x -value 1648
gui_set_state_value -category Layout -key stand_wave_child_size_y -value 874
gui_set_state_value -category Layout -key stand_wave_top_pos_x -value 55
gui_set_state_value -category Layout -key stand_wave_top_pos_y -value 95
gui_set_state_value -category Layout -key stand_wave_top_size_x -value 1698
gui_set_state_value -category Layout -key stand_wave_top_size_y -value 1049
gui_create_state_key -category FindDialog -key m_pMatchCase -value_type bool -value false
gui_create_state_key -category FindDialog -key m_pMatchWord -value_type bool -value false
gui_create_state_key -category FindDialog -key m_pUseCombo -value_type string -value {}
gui_create_state_key -category FindDialog -key m_pWrapAround -value_type bool -value true
gui_state_default_create -off

# Begin command logging
gui_open_db -file /home/users7/kg867678/526LSP21/Lab6/vcdplus.vpd -design V1
gui_list_select -id Data.1 -selected  { mux_tb.OUT1  {mux_tb.OUT4[3:0]}  {mux_tb.OUT5[4:0]}  {mux_tb.OUT6[5:0]}  {mux_tb.A[5:0]}  {mux_tb.B[5:0]}  mux_tb.SEL   }
gui_open_window Wave
gui_list_add -id Wave.1 -from Data.1 { mux_tb.OUT1 {mux_tb.OUT4[3:0]} {mux_tb.OUT5[4:0]} {mux_tb.OUT6[5:0]} {mux_tb.A[5:0]} {mux_tb.B[5:0]} mux_tb.SEL } -insertionbar
gui_zoom -window Wave.1 -full
gui_marker_select -id  Wave.1 { C1 }
gui_marker_move -id  Wave.1 C1 60
gui_marker_move -id  Wave.1 C1 20
gui_marker_move -id  Wave.1 C1 100
gui_marker_move -id  Wave.1 C1 120
gui_marker_move -id  Wave.1 C1 158
gui_close_window -window TopLevel.2
gui_close_window -window TopLevel.1
